<?xml version="1.0" encoding="utf-8"?><testsuites name="pytest tests"><testsuite name="pytest" errors="0" failures="0" skipped="0" tests="4" time="56.727" timestamp="2026-06-07T07:40:26.607632+00:00" hostname="agent-env-3424cef2-2abd-46d6-a745-55245ed282e4"><testcase classname="backend.tests.test_addition_income_received_sync" name="test_reject_approved_addition_income_resyncs_cost" time="15.359" /><testcase classname="backend.tests.test_addition_income_received_sync" name="test_send_for_correction_addition_income_resyncs_cost" time="12.691" /><testcase classname="backend.tests.test_addition_income_received_sync" name="test_bounce_cheque_addition_income_resyncs_cost" time="15.553" /><testcase classname="backend.tests.test_addition_income_received_sync" name="test_approve_fresh_addition_income_sets_cost_received" time="12.992" /></testsuite></testsuites>