<?xml version="1.0" encoding="utf-8"?><testsuites name="pytest tests"><testsuite name="pytest" errors="0" failures="0" skipped="0" tests="9" time="67.032" timestamp="2026-05-29T16:56:03.521373+00:00" hostname="agent-env-3424cef2-2abd-46d6-a745-55245ed282e4"><testcase classname="backend.tests.test_addition_4step_approval.TestApprovalChain" name="test_happy_path_pp_ph_gm_client" time="28.131" /><testcase classname="backend.tests.test_addition_4step_approval.TestApprovalChain" name="test_ph_reject_marks_planning_head_step" time="7.547" /><testcase classname="backend.tests.test_addition_4step_approval.TestApprovalChain" name="test_gm_reject_marks_general_manager_step" time="6.533" /><testcase classname="backend.tests.test_addition_4step_approval.TestApprovalChain" name="test_ph_approve_only_from_ph_review" time="1.977" /><testcase classname="backend.tests.test_addition_4step_approval.TestApprovalChain" name="test_gm_approve_only_from_gm_review" time="3.643" /><testcase classname="backend.tests.test_addition_4step_approval.TestSectionBatch" name="test_section_batch_submit_ph_gm" time="9.438" /><testcase classname="backend.tests.test_addition_4step_approval.TestCREAdditionalCostsEndpoint" name="test_endpoint_returns_rows_shape_for_admin" time="0.983" /><testcase classname="backend.tests.test_addition_4step_approval.TestCREAdditionalCostsEndpoint" name="test_endpoint_returns_403_for_non_cre" time="1.674" /><testcase classname="backend.tests.test_addition_4step_approval.TestCREAdditionalCostsEndpoint" name="test_gm_approved_row_appears_in_cre_queue" time="7.024" /></testsuite></testsuites>