<?xml version="1.0" encoding="utf-8"?><testsuites name="pytest tests"><testsuite name="pytest" errors="0" failures="0" skipped="0" tests="8" time="32.453" timestamp="2026-05-22T13:00:11.545855+00:00" hostname="agent-env-3424cef2-2abd-46d6-a745-55245ed282e4"><testcase classname="backend.tests.test_payment_stage_cre_reject_resubmit" name="test_01_create_payment_stage" time="19.686" /><testcase classname="backend.tests.test_payment_stage_cre_reject_resubmit" name="test_02_planning_request" time="3.095" /><testcase classname="backend.tests.test_payment_stage_cre_reject_resubmit" name="test_03_cre_reject" time="2.914" /><testcase classname="backend.tests.test_payment_stage_cre_reject_resubmit" name="test_04_double_reject_blocked" time="0.751" /><testcase classname="backend.tests.test_payment_stage_cre_reject_resubmit" name="test_05_empty_reason_blocked" time="0.523" /><testcase classname="backend.tests.test_payment_stage_cre_reject_resubmit" name="test_06_planning_resubmit" time="2.455" /><testcase classname="backend.tests.test_payment_stage_cre_reject_resubmit" name="test_07_resubmit_from_requested_blocked" time="0.744" /><testcase classname="backend.tests.test_payment_stage_cre_reject_resubmit" name="test_99_cleanup" time="2.221" /></testsuite></testsuites>