<?xml version="1.0" encoding="utf-8"?><testsuites name="pytest tests"><testsuite name="pytest" errors="0" failures="0" skipped="3" tests="9" time="25.600" timestamp="2026-04-07T18:22:27.675973+00:00" hostname="agent-env-3424cef2-2abd-46d6-a745-55245ed282e4"><testcase classname="backend.tests.test_material_request_feature.TestMaterialRequestFeature" name="test_01_get_approved_materials_for_project" time="1.840" /><testcase classname="backend.tests.test_material_request_feature.TestMaterialRequestFeature" name="test_02_get_approved_materials_shows_brand_and_unit" time="1.771" /><testcase classname="backend.tests.test_material_request_feature.TestMaterialRequestFeature" name="test_03_create_material_request_success" time="4.625" /><testcase classname="backend.tests.test_material_request_feature.TestMaterialRequestFeature" name="test_04_create_material_request_validation" time="3.442" /><testcase classname="backend.tests.test_material_request_feature.TestMaterialRequestFeature" name="test_05_get_site_engineer_projects" time="8.188" /><testcase classname="backend.tests.test_material_request_feature.TestMaterialRequestFeature" name="test_06_get_material_requests_list" time="0.380"><skipped type="pytest.skip" message="Failed to login as Site Engineer: 429 - {&quot;detail&quot;:&quot;Too many login attempts. Please wait a minute.&quot;}">/app/backend/tests/test_material_request_feature.py:162: Failed to login as Site Engineer: 429 - {"detail":"Too many login attempts. Please wait a minute."}</skipped></testcase><testcase classname="backend.tests.test_material_request_feature.TestMaterialRequestFeature" name="test_07_regression_se_dashboard_tabs" time="0.336"><skipped type="pytest.skip" message="Failed to login as Site Engineer: 429 - {&quot;detail&quot;:&quot;Too many login attempts. Please wait a minute.&quot;}">/app/backend/tests/test_material_request_feature.py:179: Failed to login as Site Engineer: 429 - {"detail":"Too many login attempts. Please wait a minute."}</skipped></testcase><testcase classname="backend.tests.test_material_request_feature.TestMaterialRequestFeature" name="test_08_approved_materials_access_control" time="0.361"><skipped type="pytest.skip" message="Failed to login as Site Engineer: 429 - {&quot;detail&quot;:&quot;Too many login attempts. Please wait a minute.&quot;}">/app/backend/tests/test_material_request_feature.py:199: Failed to login as Site Engineer: 429 - {"detail":"Too many login attempts. Please wait a minute."}</skipped></testcase><testcase classname="backend.tests.test_material_request_feature.TestMaterialRequestWithDifferentMaterials" name="test_create_request_with_brand" time="4.580" /></testsuite></testsuites>