<?xml version="1.0" encoding="utf-8"?><testsuites name="pytest tests"><testsuite name="pytest" errors="0" failures="0" skipped="0" tests="18" time="25.731" timestamp="2026-03-21T02:15:13.943788+00:00" hostname="agent-env-ae2a5e9f-c837-4ba3-ac45-62866233f77d"><testcase classname="backend.tests.test_re_revision_client_workflow.TestRERevisionClientWorkflow" name="test_01_sales_login" time="1.014" /><testcase classname="backend.tests.test_re_revision_client_workflow.TestRERevisionClientWorkflow" name="test_02_planning_login" time="1.332" /><testcase classname="backend.tests.test_re_revision_client_workflow.TestRERevisionClientWorkflow" name="test_03_gm_login" time="1.334" /><testcase classname="backend.tests.test_re_revision_client_workflow.TestRERevisionClientWorkflow" name="test_04_get_re_projects_with_re_number" time="1.285" /><testcase classname="backend.tests.test_re_revision_client_workflow.TestRERevisionClientWorkflow" name="test_05_search_re_projects_by_re_number" time="0.843" /><testcase classname="backend.tests.test_re_revision_client_workflow.TestRERevisionClientWorkflow" name="test_06_search_re_projects_by_client_name" time="2.109" /><testcase classname="backend.tests.test_re_revision_client_workflow.TestRERevisionClientWorkflow" name="test_07_get_revisions_by_re_number" time="2.035" /><testcase classname="backend.tests.test_re_revision_client_workflow.TestRERevisionClientWorkflow" name="test_08_find_re_approved_project_for_client_workflow" time="0.809" /><testcase classname="backend.tests.test_re_revision_client_workflow.TestRERevisionClientWorkflow" name="test_09_send_to_client_api" time="1.293" /><testcase classname="backend.tests.test_re_revision_client_workflow.TestRERevisionClientWorkflow" name="test_10_verify_sent_to_client_status" time="1.077" /><testcase classname="backend.tests.test_re_revision_client_workflow.TestRERevisionClientWorkflow" name="test_11_client_feedback_api" time="2.495" /><testcase classname="backend.tests.test_re_revision_client_workflow.TestRERevisionClientWorkflow" name="test_12_client_approve_api" time="1.055" /><testcase classname="backend.tests.test_re_revision_client_workflow.TestRERevisionClientWorkflow" name="test_13_find_client_feedback_project_for_revision" time="1.321" /><testcase classname="backend.tests.test_re_revision_client_workflow.TestRERevisionClientWorkflow" name="test_14_create_revision_api" time="2.500" /><testcase classname="backend.tests.test_re_revision_client_workflow.TestRERevisionClientWorkflow" name="test_15_verify_re_number_in_planning_dashboard" time="1.261" /><testcase classname="backend.tests.test_re_revision_client_workflow.TestRERevisionClientWorkflow" name="test_16_verify_gm_can_see_re_numbers" time="1.271" /><testcase classname="backend.tests.test_re_revision_client_workflow.TestRERevisionClientWorkflow" name="test_17_unauthorized_create_revision" time="1.350" /><testcase classname="backend.tests.test_re_revision_client_workflow.TestRERevisionClientWorkflow" name="test_18_unauthorized_send_to_client" time="1.270" /></testsuite></testsuites>