<?xml version="1.0" encoding="utf-8"?><testsuites name="pytest tests"><testsuite name="pytest" errors="0" failures="0" skipped="1" tests="11" time="30.078" timestamp="2026-03-21T06:34:35.119728+00:00" hostname="agent-env-fa5a3f84-a6b6-4fad-b802-a2f5da93b8b8"><testcase classname="backend.tests.test_site_visit_management.TestSalesStages" name="test_sales_stages_count_and_site_visit_stages" time="2.033" /><testcase classname="backend.tests.test_site_visit_management.TestSrSiteEngineers" name="test_get_sr_site_engineers" time="1.548" /><testcase classname="backend.tests.test_site_visit_management.TestOngoingProjects" name="test_get_ongoing_projects" time="2.503" /><testcase classname="backend.tests.test_site_visit_management.TestOngoingProjects" name="test_ongoing_projects_search" time="1.817" /><testcase classname="backend.tests.test_site_visit_management.TestAssignSiteVisit" name="test_assign_client_land_visit" time="4.462" /><testcase classname="backend.tests.test_site_visit_management.TestAssignSiteVisit" name="test_assign_ongoing_project_visit" time="6.653" /><testcase classname="backend.tests.test_site_visit_management.TestAssignSiteVisit" name="test_assign_client_land_without_engineer_fails" time="2.784" /><testcase classname="backend.tests.test_site_visit_management.TestAssignSiteVisit" name="test_assign_ongoing_project_without_project_fails" time="2.759" /><testcase classname="backend.tests.test_site_visit_management.TestCompleteSiteVisit" name="test_complete_site_visit" time="3.765" /><testcase classname="backend.tests.test_site_visit_management.TestMySiteVisits" name="test_my_site_visits_requires_engineer_role" time="1.314" /><testcase classname="backend.tests.test_site_visit_management.TestMySiteVisits" name="test_my_site_visits_as_engineer" time="0.358"><skipped type="pytest.skip" message="Cannot login as engineer">/app/backend/tests/test_site_visit_management.py:381: Cannot login as engineer</skipped></testcase></testsuite></testsuites>