<?xml version="1.0" encoding="utf-8"?><testsuites name="pytest tests"><testsuite name="pytest" errors="0" failures="0" skipped="0" tests="17" time="3.776" timestamp="2026-02-23T05:51:12.723344+00:00" hostname="agent-env-ff995ff6-0043-43f5-93c5-5bb83b1d5387"><testcase classname="backend.tests.test_accountant_module.TestAccountantModule" name="test_get_material_requests" time="0.496" /><testcase classname="backend.tests.test_accountant_module.TestAccountantModule" name="test_get_labour_requests" time="0.160" /><testcase classname="backend.tests.test_accountant_module.TestAccountantModule" name="test_get_petty_cash_requests" time="0.202" /><testcase classname="backend.tests.test_accountant_module.TestAccountantModule" name="test_get_recorded_expenses" time="0.167" /><testcase classname="backend.tests.test_accountant_module.TestAccountantModule" name="test_get_income_entries" time="0.157" /><testcase classname="backend.tests.test_accountant_module.TestAccountantModule" name="test_get_income_summary" time="0.177" /><testcase classname="backend.tests.test_accountant_module.TestAccountantModule" name="test_get_suspense_entries" time="0.155" /><testcase classname="backend.tests.test_accountant_module.TestAccountantModule" name="test_get_pending_advance_payments" time="0.160" /><testcase classname="backend.tests.test_accountant_module.TestAccountantModule" name="test_get_projects" time="0.178" /><testcase classname="backend.tests.test_accountant_module.TestAccountantModule" name="test_record_expense_with_all_categories" time="0.693" /><testcase classname="backend.tests.test_accountant_module.TestAccountantModule" name="test_record_expense_invalid_category" time="0.164" /><testcase classname="backend.tests.test_accountant_module.TestAccountantModule" name="test_add_suspense_entry" time="0.189" /><testcase classname="backend.tests.test_accountant_module.TestAccountantModule" name="test_get_comprehensive_dashboard" time="0.178" /><testcase classname="backend.tests.test_accountant_module.TestAccountantAccessControl" name="test_cre_cannot_access_material_requests" time="0.152" /><testcase classname="backend.tests.test_accountant_module.TestAccountantAccessControl" name="test_site_engineer_cannot_record_expense" time="0.144" /><testcase classname="backend.tests.test_accountant_module.TestAccountantVerifyWorkflows" name="test_material_request_verification_flow" time="0.160" /><testcase classname="backend.tests.test_accountant_module.TestAccountantVerifyWorkflows" name="test_labour_request_verification_flow" time="0.167" /></testsuite></testsuites>