<?xml version="1.0" encoding="utf-8"?><testsuites name="pytest tests"><testsuite name="pytest" errors="0" failures="0" skipped="4" tests="17" time="7.851" timestamp="2026-02-22T16:05:58.354562+00:00" hostname="agent-env-b70a4199-3cfc-402c-b391-f2441d797f6a"><testcase classname="backend.tests.test_re_approval_workflow.TestREApprovalWorkflow" name="test_gm_login_success" time="0.509" /><testcase classname="backend.tests.test_re_approval_workflow.TestREApprovalWorkflow" name="test_cre_login_success" time="0.366" /><testcase classname="backend.tests.test_re_approval_workflow.TestREApprovalWorkflow" name="test_get_all_re_projects" time="0.477" /><testcase classname="backend.tests.test_re_approval_workflow.TestREApprovalWorkflow" name="test_get_re_projects_with_status_filter" time="0.424" /><testcase classname="backend.tests.test_re_approval_workflow.TestREApprovalWorkflow" name="test_get_re_projects_approved_status" time="0.405" /><testcase classname="backend.tests.test_re_approval_workflow.TestREApprovalWorkflow" name="test_gm_can_view_submitted_re_projects" time="0.382" /><testcase classname="backend.tests.test_re_approval_workflow.TestREApprovalWorkflow" name="test_gm_approve_re_project_endpoint" time="0.402" /><testcase classname="backend.tests.test_re_approval_workflow.TestREApprovalWorkflow" name="test_gm_reject_re_project_endpoint" time="0.487"><skipped type="pytest.skip" message="No RE projects in approvable state - skip rejection test">/app/backend/tests/test_re_approval_workflow.py:215: No RE projects in approvable state - skip rejection test</skipped></testcase><testcase classname="backend.tests.test_re_approval_workflow.TestREApprovalWorkflow" name="test_cre_new_deals_endpoint" time="0.397" /><testcase classname="backend.tests.test_re_approval_workflow.TestREApprovalWorkflow" name="test_cre_sees_approved_re_projects_in_new_deals" time="0.422" /><testcase classname="backend.tests.test_re_approval_workflow.TestREApprovalWorkflow" name="test_new_deals_contain_gm_approved_badge_data" time="0.382" /><testcase classname="backend.tests.test_re_approval_workflow.TestREApprovalWorkflow" name="test_cre_convert_re_project_endpoint" time="0.476"><skipped type="pytest.skip" message="No unconverted approved RE projects available for conversion test">/app/backend/tests/test_re_approval_workflow.py:296: No unconverted approved RE projects available for conversion test</skipped></testcase><testcase classname="backend.tests.test_re_approval_workflow.TestREApprovalWorkflow" name="test_convert_requires_accountant_confirmation" time="0.469"><skipped type="pytest.skip" message="No RE project deals available">/app/backend/tests/test_re_approval_workflow.py:353: No RE project deals available</skipped></testcase><testcase classname="backend.tests.test_re_approval_workflow.TestREApprovalWorkflow" name="test_convert_requires_approved_status" time="0.410" /><testcase classname="backend.tests.test_re_approval_workflow.TestREApprovalWorkflow" name="test_non_gm_cannot_approve_re_project" time="0.476" /><testcase classname="backend.tests.test_re_approval_workflow.TestREApprovalWorkflow" name="test_non_cre_cannot_convert_re_project" time="0.787"><skipped type="pytest.skip" message="No RE project deals available">/app/backend/tests/test_re_approval_workflow.py:449: No RE project deals available</skipped></testcase><testcase classname="backend.tests.test_re_approval_workflow.TestREApprovalWorkflow" name="test_non_cre_cannot_access_new_deals" time="0.484" /></testsuite></testsuites>