<?xml version="1.0" encoding="utf-8"?><testsuites name="pytest tests"><testsuite name="pytest" errors="6" failures="0" skipped="0" tests="14" time="14.065" timestamp="2026-04-07T12:21:48.666954+00:00" hostname="agent-env-3424cef2-2abd-46d6-a745-55245ed282e4"><testcase classname="backend.tests.test_geofencing_feature.TestSetProjectLocation" name="test_01_set_location_with_at_format" time="1.598" /><testcase classname="backend.tests.test_geofencing_feature.TestSetProjectLocation" name="test_02_set_location_with_q_format" time="1.516" /><testcase classname="backend.tests.test_geofencing_feature.TestSetProjectLocation" name="test_03_set_location_with_place_format" time="1.556" /><testcase classname="backend.tests.test_geofencing_feature.TestSetProjectLocation" name="test_04_set_location_with_direct_coords" time="1.510" /><testcase classname="backend.tests.test_geofencing_feature.TestSetProjectLocation" name="test_05_set_location_invalid_url" time="1.396" /><testcase classname="backend.tests.test_geofencing_feature.TestSetProjectLocation" name="test_06_set_location_missing_params" time="1.284" /><testcase classname="backend.tests.test_geofencing_feature.TestTrackLocation" name="test_01_track_location_within_geofence" time="1.524" /><testcase classname="backend.tests.test_geofencing_feature.TestTrackLocation" name="test_02_track_location_outside_geofence" time="1.507" /><testcase classname="backend.tests.test_geofencing_feature.TestTrackLocation" name="test_03_track_location_missing_gps" time="0.380"><error message="failed on setup with &quot;AssertionError: Login failed: {&quot;detail&quot;:&quot;Too many login attempts. Please wait a minute.&quot;}&#10;assert 429 == 200&#10; +  where 429 = &lt;Response [429]&gt;.status_code&quot;">backend/tests/test_geofencing_feature.py:109: in setup
    assert login_res.status_code == 200, f"Login failed: {login_res.text}"
E   AssertionError: Login failed: {"detail":"Too many login attempts. Please wait a minute."}
E   assert 429 == 200
E    +  where 429 = &lt;Response [429]&gt;.status_code</error></testcase><testcase classname="backend.tests.test_geofencing_feature.TestLiveLocations" name="test_01_get_live_locations" time="0.334"><error message="failed on setup with &quot;AssertionError: Login failed: {&quot;detail&quot;:&quot;Too many login attempts. Please wait a minute.&quot;}&#10;assert 429 == 200&#10; +  where 429 = &lt;Response [429]&gt;.status_code&quot;">backend/tests/test_geofencing_feature.py:162: in setup
    assert login_res.status_code == 200, f"Login failed: {login_res.text}"
E   AssertionError: Login failed: {"detail":"Too many login attempts. Please wait a minute."}
E   assert 429 == 200
E    +  where 429 = &lt;Response [429]&gt;.status_code</error></testcase><testcase classname="backend.tests.test_geofencing_feature.TestLiveLocations" name="test_02_live_locations_as_admin" time="0.327"><error message="failed on setup with &quot;AssertionError: Login failed: {&quot;detail&quot;:&quot;Too many login attempts. Please wait a minute.&quot;}&#10;assert 429 == 200&#10; +  where 429 = &lt;Response [429]&gt;.status_code&quot;">backend/tests/test_geofencing_feature.py:162: in setup
    assert login_res.status_code == 200, f"Login failed: {login_res.text}"
E   AssertionError: Login failed: {"detail":"Too many login attempts. Please wait a minute."}
E   assert 429 == 200
E    +  where 429 = &lt;Response [429]&gt;.status_code</error></testcase><testcase classname="backend.tests.test_geofencing_feature.TestLiveLocations" name="test_03_live_locations_permission_denied" time="0.343"><error message="failed on setup with &quot;AssertionError: Login failed: {&quot;detail&quot;:&quot;Too many login attempts. Please wait a minute.&quot;}&#10;assert 429 == 200&#10; +  where 429 = &lt;Response [429]&gt;.status_code&quot;">backend/tests/test_geofencing_feature.py:162: in setup
    assert login_res.status_code == 200, f"Login failed: {login_res.text}"
E   AssertionError: Login failed: {"detail":"Too many login attempts. Please wait a minute."}
E   assert 429 == 200
E    +  where 429 = &lt;Response [429]&gt;.status_code</error></testcase><testcase classname="backend.tests.test_geofencing_feature.TestAttendanceWithGeofence" name="test_01_get_my_projects" time="0.344"><error message="failed on setup with &quot;AssertionError: Login failed: {&quot;detail&quot;:&quot;Too many login attempts. Please wait a minute.&quot;}&#10;assert 429 == 200&#10; +  where 429 = &lt;Response [429]&gt;.status_code&quot;">backend/tests/test_geofencing_feature.py:225: in setup
    assert login_res.status_code == 200, f"Login failed: {login_res.text}"
E   AssertionError: Login failed: {"detail":"Too many login attempts. Please wait a minute."}
E   assert 429 == 200
E    +  where 429 = &lt;Response [429]&gt;.status_code</error></testcase><testcase classname="backend.tests.test_geofencing_feature.TestAttendanceWithGeofence" name="test_02_get_today_attendance" time="0.340"><error message="failed on setup with &quot;AssertionError: Login failed: {&quot;detail&quot;:&quot;Too many login attempts. Please wait a minute.&quot;}&#10;assert 429 == 200&#10; +  where 429 = &lt;Response [429]&gt;.status_code&quot;">backend/tests/test_geofencing_feature.py:225: in setup
    assert login_res.status_code == 200, f"Login failed: {login_res.text}"
E   AssertionError: Login failed: {"detail":"Too many login attempts. Please wait a minute."}
E   assert 429 == 200
E    +  where 429 = &lt;Response [429]&gt;.status_code</error></testcase></testsuite></testsuites>