<?xml version="1.0" encoding="utf-8"?><testsuites name="pytest tests"><testsuite name="pytest" errors="0" failures="0" skipped="0" tests="29" time="1.790" timestamp="2026-02-13T03:26:14.846420+00:00" hostname="agent-env-20524ede-cfea-4100-9d7b-fc248b57c164"><testcase classname="backend.tests.test_site_engineer_module.TestSiteEngineerModule" name="test_admin_login" time="0.129" /><testcase classname="backend.tests.test_site_engineer_module.TestSiteEngineerModule" name="test_engineer_login" time="0.059" /><testcase classname="backend.tests.test_site_engineer_module.TestSiteEngineerModule" name="test_get_assignments" time="0.053" /><testcase classname="backend.tests.test_site_engineer_module.TestSiteEngineerModule" name="test_get_assignments_by_project" time="0.017" /><testcase classname="backend.tests.test_site_engineer_module.TestSiteEngineerModule" name="test_engineer_can_see_own_assignments" time="0.012" /><testcase classname="backend.tests.test_site_engineer_module.TestSiteEngineerModule" name="test_get_my_projects" time="0.053" /><testcase classname="backend.tests.test_site_engineer_module.TestSiteEngineerModule" name="test_my_projects_denied_for_non_engineer" time="0.010" /><testcase classname="backend.tests.test_site_engineer_module.TestSiteEngineerModule" name="test_get_project_detail" time="0.013" /><testcase classname="backend.tests.test_site_engineer_module.TestSiteEngineerModule" name="test_project_detail_denied_for_unassigned" time="0.051" /><testcase classname="backend.tests.test_site_engineer_module.TestSiteEngineerModule" name="test_get_labour_types" time="0.013" /><testcase classname="backend.tests.test_site_engineer_module.TestSiteEngineerModule" name="test_get_material_requests" time="0.053" /><testcase classname="backend.tests.test_site_engineer_module.TestSiteEngineerModule" name="test_get_material_requests_by_project" time="0.011" /><testcase classname="backend.tests.test_site_engineer_module.TestSiteEngineerModule" name="test_get_material_requests_by_status" time="0.010" /><testcase classname="backend.tests.test_site_engineer_module.TestSiteEngineerModule" name="test_get_labour_requests" time="0.050" /><testcase classname="backend.tests.test_site_engineer_module.TestSiteEngineerModule" name="test_get_labour_requests_by_project" time="0.011" /><testcase classname="backend.tests.test_site_engineer_module.TestMaterialRequestWorkflow" name="test_create_material_request" time="0.330" /><testcase classname="backend.tests.test_site_engineer_module.TestMaterialRequestWorkflow" name="test_planning_approve_material_request" time="0.013" /><testcase classname="backend.tests.test_site_engineer_module.TestMaterialRequestWorkflow" name="test_procurement_approve_material_request" time="0.026" /><testcase classname="backend.tests.test_site_engineer_module.TestMaterialRequestWorkflow" name="test_accountant_approve_material_request" time="0.014" /><testcase classname="backend.tests.test_site_engineer_module.TestLabourRequestWorkflow" name="test_create_labour_request" time="0.131" /><testcase classname="backend.tests.test_site_engineer_module.TestLabourRequestWorkflow" name="test_planning_approve_labour_request" time="0.018" /><testcase classname="backend.tests.test_site_engineer_module.TestLabourRequestWorkflow" name="test_accountant_approve_labour_request" time="0.014" /><testcase classname="backend.tests.test_site_engineer_module.TestMaterialReceiptWithOTP" name="test_initiate_material_receipt" time="0.304" /><testcase classname="backend.tests.test_site_engineer_module.TestMaterialReceiptWithOTP" name="test_verify_otp" time="0.014" /><testcase classname="backend.tests.test_site_engineer_module.TestMaterialReceiptWithOTP" name="test_invalid_otp_rejected" time="0.053" /><testcase classname="backend.tests.test_site_engineer_module.TestPermissions" name="test_admin_cannot_create_material_request" time="0.054" /><testcase classname="backend.tests.test_site_engineer_module.TestPermissions" name="test_admin_cannot_create_labour_request" time="0.011" /><testcase classname="backend.tests.test_site_engineer_module.TestPermissions" name="test_engineer_cannot_approve_own_request" time="0.090" /><testcase classname="backend.tests.test_site_engineer_module.TestCleanup" name="test_cleanup_test_requests" time="0.040" /></testsuite></testsuites>