<?xml version="1.0" encoding="utf-8"?><testsuites name="pytest tests"><testsuite name="pytest" errors="0" failures="0" skipped="0" tests="8" time="14.962" timestamp="2026-04-07T10:44:45.591715+00:00" hostname="agent-env-3424cef2-2abd-46d6-a745-55245ed282e4"><testcase classname="backend.tests.test_dlr_redesign.TestWorkOrderLabourRates" name="test_get_work_order_returns_labour_rates" time="1.878" /><testcase classname="backend.tests.test_dlr_redesign.TestWorkOrderLabourRates" name="test_get_all_work_orders_returns_labour_rates" time="1.618" /><testcase classname="backend.tests.test_dlr_redesign.TestDLRCRUD" name="test_list_dlr_entries" time="1.575" /><testcase classname="backend.tests.test_dlr_redesign.TestDLRCRUD" name="test_create_dlr_with_fixed_rows" time="2.787" /><testcase classname="backend.tests.test_dlr_redesign.TestDLRCRUD" name="test_dlr_entry_types_validation" time="1.551" /><testcase classname="backend.tests.test_dlr_redesign.TestDLRCRUD" name="test_dlr_date_filter" time="2.337" /><testcase classname="backend.tests.test_dlr_redesign.TestDLRCalculations" name="test_row_total_calculation" time="1.587" /><testcase classname="backend.tests.test_dlr_redesign.TestDLRCalculations" name="test_grand_total_calculation" time="1.557" /></testsuite></testsuites>