<?xml version="1.0" encoding="utf-8"?><testsuites name="pytest tests"><testsuite name="pytest" errors="0" failures="0" skipped="0" tests="8" time="13.757" timestamp="2026-03-21T06:13:59.726332+00:00" hostname="agent-env-fa5a3f84-a6b6-4fad-b802-a2f5da93b8b8"><testcase classname="backend.tests.test_followup_system.TestFollowupSystem" name="test_01_sales_login" time="1.643" /><testcase classname="backend.tests.test_followup_system.TestFollowupSystem" name="test_02_verify_13_stages_with_followup" time="1.538" /><testcase classname="backend.tests.test_followup_system.TestFollowupSystem" name="test_03_verify_auto_move_to_followup_stage" time="1.428" /><testcase classname="backend.tests.test_followup_system.TestFollowupSystem" name="test_04_schedule_new_followup" time="2.928" /><testcase classname="backend.tests.test_followup_system.TestFollowupSystem" name="test_05_verify_next_followup_date_field" time="1.193" /><testcase classname="backend.tests.test_followup_system.TestFollowupSystem" name="test_06_followup_date_filter_parameter" time="1.194" /><testcase classname="backend.tests.test_followup_system.TestFollowupSystem" name="test_07_verify_followup_stage_order" time="0.735" /><testcase classname="backend.tests.test_followup_system.TestFollowupEndpoints" name="test_complete_followup" time="3.025" /></testsuite></testsuites>