<?xml version="1.0" encoding="utf-8"?><testsuites name="pytest tests"><testsuite name="pytest" errors="0" failures="0" skipped="0" tests="11" time="1.062" timestamp="2026-01-18T03:45:26.189595+00:00" hostname="agent-env-f8e8e40c-4abb-4ca0-818f-5e50bb306bd7"><testcase classname="tests.test_comprehensive_project_view.TestComprehensiveProjectView" name="test_01_comprehensive_view_endpoint" time="0.097" /><testcase classname="tests.test_comprehensive_project_view.TestComprehensiveProjectView" name="test_02_create_payment_stage" time="0.113" /><testcase classname="tests.test_comprehensive_project_view.TestComprehensiveProjectView" name="test_03_update_payment_stage_amount_received" time="0.069" /><testcase classname="tests.test_comprehensive_project_view.TestComprehensiveProjectView" name="test_04_delete_payment_stage" time="0.070" /><testcase classname="tests.test_comprehensive_project_view.TestComprehensiveProjectView" name="test_05_create_additional_cost" time="0.108" /><testcase classname="tests.test_comprehensive_project_view.TestComprehensiveProjectView" name="test_06_update_additional_cost_actual_amount" time="0.105" /><testcase classname="tests.test_comprehensive_project_view.TestComprehensiveProjectView" name="test_07_update_additional_cost_income_received" time="0.106" /><testcase classname="tests.test_comprehensive_project_view.TestComprehensiveProjectView" name="test_08_delete_additional_cost" time="0.065" /><testcase classname="tests.test_comprehensive_project_view.TestComprehensiveProjectView" name="test_09_summary_calculations" time="0.053" /><testcase classname="tests.test_comprehensive_project_view.TestComprehensiveProjectView" name="test_10_project_not_found" time="0.047" /><testcase classname="tests.test_comprehensive_project_view.TestPaymentStagePermissions" name="test_unauthorized_access" time="0.037" /></testsuite></testsuites>