<?xml version="1.0" encoding="utf-8"?><testsuites name="pytest tests"><testsuite name="pytest" errors="1" failures="2" skipped="0" tests="9" time="30.212" timestamp="2026-03-18T02:57:03.681241+00:00" hostname="agent-env-929be979-9b24-4095-9c7f-cdbe606199b1"><testcase classname="backend.tests.test_pm_team_assign.TestPMTeamAssignment" name="test_get_pm_projects" time="2.158" /><testcase classname="backend.tests.test_pm_team_assign.TestPMTeamAssignment" name="test_get_team_members" time="4.280" /><testcase classname="backend.tests.test_pm_team_assign.TestPMTeamAssignment" name="test_get_team_members_as_planning" time="5.053" /><testcase classname="backend.tests.test_pm_team_assign.TestPMTeamAssignment" name="test_assign_team_flow" time="10.802" /><testcase classname="backend.tests.test_pm_team_assign.TestPMTeamAssignment" name="test_remove_team_from_project" time="5.091" /><testcase classname="backend.tests.test_pm_team_assign.TestPMTeamAssignment" name="test_assign_team_validation" time="1.633" /><testcase classname="backend.tests.test_pm_team_assign.TestPMTeamAssignment" name="test_remove_team_validation" time="0.380"><error message="failed on setup with &quot;AssertionError: PM login failed: {&quot;detail&quot;:&quot;Too many login attempts. Please wait a minute.&quot;}&#10;assert 429 == 200&#10; +  where 429 = &lt;Response [429]&gt;.status_code&quot;">backend/tests/test_pm_team_assign.py:24: in setup
    assert login_res.status_code == 200, f"PM login failed: {login_res.text}"
E   AssertionError: PM login failed: {"detail":"Too many login attempts. Please wait a minute."}
E   assert 429 == 200
E    +  where 429 = &lt;Response [429]&gt;.status_code</error></testcase><testcase classname="backend.tests.test_pm_team_assign.TestSuperAdminTeamAccess" name="test_super_admin_can_access_pm_endpoints" time="0.367"><failure message="AssertionError: Admin login failed: {&quot;detail&quot;:&quot;Too many login attempts. Please wait a minute.&quot;}&#10;assert 429 == 200&#10; +  where 429 = &lt;Response [429]&gt;.status_code">backend/tests/test_pm_team_assign.py:200: in test_super_admin_can_access_pm_endpoints
    assert login_res.status_code == 200, f"Admin login failed: {login_res.text}"
E   AssertionError: Admin login failed: {"detail":"Too many login attempts. Please wait a minute."}
E   assert 429 == 200
E    +  where 429 = &lt;Response [429]&gt;.status_code</failure></testcase><testcase classname="backend.tests.test_pm_team_assign.TestProjectDetailTeamTab" name="test_get_project_team" time="0.365"><failure message="assert 429 == 200&#10; +  where 429 = &lt;Response [429]&gt;.status_code">backend/tests/test_pm_team_assign.py:219: in test_get_project_team
    assert login_res.status_code == 200
E   assert 429 == 200
E    +  where 429 = &lt;Response [429]&gt;.status_code</failure></testcase></testsuite></testsuites>