<?xml version="1.0" encoding="utf-8"?><testsuites name="pytest tests"><testsuite name="pytest" errors="1" failures="3" skipped="0" tests="13" time="23.718" timestamp="2026-03-19T03:09:39.324797+00:00" hostname="agent-env-e8f045c5-a7f6-405c-99a9-3a793d9682c8"><testcase classname="backend.tests.test_vendor_management.TestVendorCategories" name="test_get_vendor_categories" time="1.969" /><testcase classname="backend.tests.test_vendor_management.TestVendorCategories" name="test_create_vendor_category" time="1.811" /><testcase classname="backend.tests.test_vendor_management.TestVendorCategories" name="test_create_duplicate_category_fails" time="2.603" /><testcase classname="backend.tests.test_vendor_management.TestVendorMaster" name="test_get_vendors_list" time="1.598" /><testcase classname="backend.tests.test_vendor_management.TestVendorMaster" name="test_create_vendor_with_all_fields" time="1.838" /><testcase classname="backend.tests.test_vendor_management.TestVendorMaster" name="test_vendor_summary_endpoint" time="2.795" /><testcase classname="backend.tests.test_vendor_management.TestProjectVendorAssignments" name="test_get_project_vendor_assignments" time="1.602" /><testcase classname="backend.tests.test_vendor_management.TestProjectVendorAssignments" name="test_assign_vendor_to_project" time="3.131" /><testcase classname="backend.tests.test_vendor_management.TestProjectVendorAssignments" name="test_remove_vendor_assignment" time="3.831" /><testcase classname="backend.tests.test_vendor_management.TestProjectVendorAssignments" name="test_assign_vendor_permission_denied" time="1.311"><failure message="KeyError: 0">backend/tests/test_vendor_management.py:245: in test_assign_vendor_permission_denied
    vendor = vendors[0]
             ^^^^^^^^^^
E   KeyError: 0</failure></testcase><testcase classname="backend.tests.test_vendor_management.TestPurchaseOrders" name="test_get_purchase_orders_for_project" time="0.358"><error message="failed on setup with &quot;assert 429 == 200&#10; +  where 429 = &lt;Response [429]&gt;.status_code&quot;">backend/tests/test_vendor_management.py:265: in setup
    assert response.status_code == 200
E   assert 429 == 200
E    +  where 429 = &lt;Response [429]&gt;.status_code</error></testcase><testcase classname="backend.tests.test_vendor_management.TestPlanningNavigation" name="test_planning_user_can_access_vendor_master" time="0.364"><failure message="assert 429 == 200&#10; +  where 429 = &lt;Response [429]&gt;.status_code">backend/tests/test_vendor_management.py:287: in test_planning_user_can_access_vendor_master
    assert response.status_code == 200
E   assert 429 == 200
E    +  where 429 = &lt;Response [429]&gt;.status_code</failure></testcase><testcase classname="backend.tests.test_vendor_management.TestPlanningNavigation" name="test_procurement_user_can_access_vendors" time="0.363"><failure message="assert 429 == 200&#10; +  where 429 = &lt;Response [429]&gt;.status_code">backend/tests/test_vendor_management.py:305: in test_procurement_user_can_access_vendors
    assert response.status_code == 200
E   assert 429 == 200
E    +  where 429 = &lt;Response [429]&gt;.status_code</failure></testcase></testsuite></testsuites>