<?xml version="1.0" encoding="utf-8"?><testsuites name="pytest tests"><testsuite name="pytest" errors="2" failures="0" skipped="0" tests="8" time="18.038" timestamp="2026-03-20T01:08:12.629947+00:00" hostname="agent-env-4c7d113d-0d57-450c-a5b9-757369f1d554"><testcase classname="backend.tests.test_labour_count_tab.TestLabourCountAPI" name="test_01_get_assigned_contractors_returns_data" time="3.166" /><testcase classname="backend.tests.test_labour_count_tab.TestLabourCountAPI" name="test_02_assigned_contractors_have_labour_rates" time="2.635" /><testcase classname="backend.tests.test_labour_count_tab.TestLabourCountAPI" name="test_03_assigned_contractors_have_work_orders" time="2.652" /><testcase classname="backend.tests.test_labour_count_tab.TestLabourCountAPI" name="test_04_create_labour_attendance_calculates_cost" time="1.856" /><testcase classname="backend.tests.test_labour_count_tab.TestLabourCountAPI" name="test_05_get_labour_attendance_by_contractor" time="1.863" /><testcase classname="backend.tests.test_labour_count_tab.TestLabourCountAPI" name="test_06_request_stage_payment" time="5.061" /><testcase classname="backend.tests.test_labour_count_tab.TestLabourCountAPI" name="test_07_request_payment_on_already_requested_fails" time="0.360"><error message="failed on setup with &quot;AssertionError: SE login failed: {&quot;detail&quot;:&quot;Too many login attempts. Please wait a minute.&quot;}&#10;assert 429 == 200&#10; +  where 429 = &lt;Response [429]&gt;.status_code&quot;">backend/tests/test_labour_count_tab.py:32: in setup
    assert response.status_code == 200, f"SE login failed: {response.text}"
E   AssertionError: SE login failed: {"detail":"Too many login attempts. Please wait a minute."}
E   assert 429 == 200
E    +  where 429 = &lt;Response [429]&gt;.status_code</error></testcase><testcase classname="backend.tests.test_labour_count_tab.TestContractorLabourRates" name="test_create_contractor_with_labour_rates" time="0.343"><error message="failed on setup with &quot;AssertionError: Planning login failed: {&quot;detail&quot;:&quot;Too many login attempts. Please wait a minute.&quot;}&#10;assert 429 == 200&#10; +  where 429 = &lt;Response [429]&gt;.status_code&quot;">backend/tests/test_labour_count_tab.py:239: in setup
    assert response.status_code == 200, f"Planning login failed: {response.text}"
E   AssertionError: Planning login failed: {"detail":"Too many login attempts. Please wait a minute."}
E   assert 429 == 200
E    +  where 429 = &lt;Response [429]&gt;.status_code</error></testcase></testsuite></testsuites>