<?xml version="1.0" encoding="utf-8"?><testsuites name="pytest tests"><testsuite name="pytest" errors="0" failures="1" skipped="0" tests="12" time="12.389" timestamp="2026-03-19T05:29:42.885503+00:00" hostname="agent-env-4c7d113d-0d57-450c-a5b9-757369f1d554"><testcase classname="backend.tests.test_se_labour_stock_features.TestContractorCategories" name="test_get_contractor_categories" time="2.074"><failure message="AssertionError: Expected category 'Helper' not found in ['Carpenter', 'Civil Contractor', 'Electrician', 'Flooring', 'HVAC', 'Interior', 'Landscaping', 'Mason', 'Painter', 'Plastering', 'Plumber', 'Roofing', 'Steel Fabrication', 'Tiler', 'Waterproofing', 'Welder', 'Window &amp; Door']&#10;assert False&#10; +  where False = any(&lt;generator object TestContractorCategories.test_get_contractor_categories.&lt;locals&gt;.&lt;genexpr&gt; at 0xfe8c111e9fc0&gt;)">backend/tests/test_se_labour_stock_features.py:51: in test_get_contractor_categories
    assert any(expected_cat.lower() in name.lower() for name in category_names), \
E   AssertionError: Expected category 'Helper' not found in ['Carpenter', 'Civil Contractor', 'Electrician', 'Flooring', 'HVAC', 'Interior', 'Landscaping', 'Mason', 'Painter', 'Plastering', 'Plumber', 'Roofing', 'Steel Fabrication', 'Tiler', 'Waterproofing', 'Welder', 'Window &amp; Door']
E   assert False
E    +  where False = any(&lt;generator object TestContractorCategories.test_get_contractor_categories.&lt;locals&gt;.&lt;genexpr&gt; at 0xfe8c111e9fc0&gt;)</failure></testcase><testcase classname="backend.tests.test_se_labour_stock_features.TestLabourAttendance" name="test_post_labour_attendance_without_contractor" time="0.788" /><testcase classname="backend.tests.test_se_labour_stock_features.TestLabourAttendance" name="test_get_daily_summary" time="0.784" /><testcase classname="backend.tests.test_se_labour_stock_features.TestLabourAttendance" name="test_get_daily_summary_defaults_to_today" time="0.784" /><testcase classname="backend.tests.test_se_labour_stock_features.TestMaterialInventory" name="test_post_material_inventory_auto_closing" time="0.786" /><testcase classname="backend.tests.test_se_labour_stock_features.TestMaterialInventory" name="test_post_material_inventory_negative_closing" time="0.787" /><testcase classname="backend.tests.test_se_labour_stock_features.TestMaterialInventory" name="test_get_latest_inventory" time="1.574" /><testcase classname="backend.tests.test_se_labour_stock_features.TestMaterialInventory" name="test_get_material_inventory_history" time="0.780" /><testcase classname="backend.tests.test_se_labour_stock_features.TestMaterialInventory" name="test_get_material_inventory_filter_by_name" time="0.781" /><testcase classname="backend.tests.test_se_labour_stock_features.TestLabourAttendanceHistory" name="test_get_labour_attendance_by_project" time="0.797" /><testcase classname="backend.tests.test_se_labour_stock_features.TestLabourAttendanceHistory" name="test_get_labour_attendance_by_date" time="0.785" /><testcase classname="backend.tests.test_se_labour_stock_features.TestCleanup" name="test_verify_test_data_created" time="1.563" /></testsuite></testsuites>