<?xml version="1.0" encoding="utf-8"?><testsuites name="pytest tests"><testsuite name="pytest" errors="0" failures="4" skipped="0" tests="17" time="2.024" timestamp="2026-02-19T17:13:25.906044+00:00" hostname="agent-env-f3af7f72-243c-4de1-98cb-452998c0e32f"><testcase classname="backend.tests.test_stage_payments.TestAuth" name="test_site_engineer_login" time="0.306" /><testcase classname="backend.tests.test_stage_payments.TestAuth" name="test_planning_login" time="0.217" /><testcase classname="backend.tests.test_stage_payments.TestAuth" name="test_accountant_login" time="0.226" /><testcase classname="backend.tests.test_stage_payments.TestSiteEngineerWorkOrders" name="test_get_site_engineer_projects" time="0.088" /><testcase classname="backend.tests.test_stage_payments.TestSiteEngineerWorkOrders" name="test_get_site_engineer_work_orders" time="0.075" /><testcase classname="backend.tests.test_stage_payments.TestPlanningPaymentRequests" name="test_get_payment_requests" time="0.078"><failure message="assert 404 == 200&#10; +  where 404 = &lt;Response [404]&gt;.status_code">backend/tests/test_stage_payments.py:105: in test_get_payment_requests
    assert response.status_code == 200
E   assert 404 == 200
E    +  where 404 = &lt;Response [404]&gt;.status_code</failure></testcase><testcase classname="backend.tests.test_stage_payments.TestPlanningPaymentRequests" name="test_get_planning_dashboard" time="0.182" /><testcase classname="backend.tests.test_stage_payments.TestAccountsDashboard" name="test_get_accounts_dashboard" time="0.085" /><testcase classname="backend.tests.test_stage_payments.TestAccountsDashboard" name="test_get_pending_payments" time="0.070" /><testcase classname="backend.tests.test_stage_payments.TestAccountsDashboard" name="test_get_pending_stage_payments" time="0.057" /><testcase classname="backend.tests.test_stage_payments.TestStagePaymentFlow" name="test_get_test_work_order" time="0.053" /><testcase classname="backend.tests.test_stage_payments.TestStagePaymentFlow" name="test_request_payment_for_completed_stage" time="0.048" /><testcase classname="backend.tests.test_stage_payments.TestStagePaymentFlow" name="test_planning_approve_payment" time="0.058"><failure message="assert 404 == 200&#10; +  where 404 = &lt;Response [404]&gt;.status_code">backend/tests/test_stage_payments.py:196: in test_planning_approve_payment
    assert response.status_code == 200
E   assert 404 == 200
E    +  where 404 = &lt;Response [404]&gt;.status_code</failure></testcase><testcase classname="backend.tests.test_stage_payments.TestStagePaymentFlow" name="test_accounts_process_payment" time="0.187" /><testcase classname="backend.tests.test_stage_payments.TestPermissions" name="test_planning_cannot_access_accounts_dashboard" time="0.055" /><testcase classname="backend.tests.test_stage_payments.TestPermissions" name="test_accountant_cannot_approve_payments" time="0.071"><failure message="assert 404 == 403&#10; +  where 404 = &lt;Response [404]&gt;.status_code">backend/tests/test_stage_payments.py:249: in test_accountant_cannot_approve_payments
    assert response.status_code == 403
E   assert 404 == 403
E    +  where 404 = &lt;Response [404]&gt;.status_code</failure></testcase><testcase classname="backend.tests.test_stage_payments.TestPermissions" name="test_site_engineer_cannot_approve_payments" time="0.056"><failure message="assert 404 == 403&#10; +  where 404 = &lt;Response [404]&gt;.status_code">backend/tests/test_stage_payments.py:255: in test_site_engineer_cannot_approve_payments
    assert response.status_code == 403
E   assert 404 == 403
E    +  where 404 = &lt;Response [404]&gt;.status_code</failure></testcase></testsuite></testsuites>