<?xml version="1.0" encoding="utf-8"?><testsuites name="pytest tests"><testsuite name="pytest" errors="0" failures="0" skipped="0" tests="19" time="0.979" timestamp="2026-02-04T04:11:02.473185+00:00" hostname="agent-env-f8e8e40c-4abb-4ca0-818f-5e50bb306bd7"><testcase classname="backend.tests.test_project_detail_tabs.TestAuth" name="test_auth_me" time="0.093" /><testcase classname="backend.tests.test_project_detail_tabs.TestProjectFullDetails" name="test_get_full_details" time="0.072" /><testcase classname="backend.tests.test_project_detail_tabs.TestScopeItems" name="test_get_scope_items" time="0.083" /><testcase classname="backend.tests.test_project_detail_tabs.TestScopeItems" name="test_create_scope_item" time="0.012" /><testcase classname="backend.tests.test_project_detail_tabs.TestScopeItems" name="test_scope_total_becomes_project_value" time="0.008" /><testcase classname="backend.tests.test_project_detail_tabs.TestScopeItems" name="test_delete_scope_item" time="0.054" /><testcase classname="backend.tests.test_project_detail_tabs.TestPaymentStages" name="test_get_payment_stages" time="0.040" /><testcase classname="backend.tests.test_project_detail_tabs.TestPaymentStages" name="test_create_payment_stage" time="0.012" /><testcase classname="backend.tests.test_project_detail_tabs.TestPaymentStages" name="test_update_payment_amount_received" time="0.020" /><testcase classname="backend.tests.test_project_detail_tabs.TestPaymentStages" name="test_delete_payment_stage" time="0.019" /><testcase classname="backend.tests.test_project_detail_tabs.TestAdditionalCosts" name="test_get_additional_costs" time="0.089" /><testcase classname="backend.tests.test_project_detail_tabs.TestAdditionalCosts" name="test_create_additional_cost" time="0.053" /><testcase classname="backend.tests.test_project_detail_tabs.TestAdditionalCosts" name="test_update_income_received" time="0.103" /><testcase classname="backend.tests.test_project_detail_tabs.TestAdditionalCosts" name="test_delete_additional_cost" time="0.063" /><testcase classname="backend.tests.test_project_detail_tabs.TestDeductions" name="test_get_deductions" time="0.041" /><testcase classname="backend.tests.test_project_detail_tabs.TestDeductions" name="test_create_deduction" time="0.010" /><testcase classname="backend.tests.test_project_detail_tabs.TestDeductions" name="test_deduction_reduces_balance_not_project_value" time="0.011" /><testcase classname="backend.tests.test_project_detail_tabs.TestDeductions" name="test_delete_deduction" time="0.061" /><testcase classname="backend.tests.test_project_detail_tabs.TestBalanceCalculation" name="test_balance_formula" time="0.046" /></testsuite></testsuites>