<?xml version="1.0" encoding="utf-8"?><testsuites name="pytest tests"><testsuite name="pytest" errors="0" failures="2" skipped="0" tests="10" time="24.748" timestamp="2026-03-20T17:58:12.408527+00:00" hostname="agent-env-ae2a5e9f-c837-4ba3-ac45-62866233f77d"><testcase classname="backend.tests.test_gm_re_edit_changelog.TestGMREEditAndChangeLogs" name="test_01_gm_can_login" time="1.557" /><testcase classname="backend.tests.test_gm_re_edit_changelog.TestGMREEditAndChangeLogs" name="test_02_planning_can_login" time="0.823" /><testcase classname="backend.tests.test_gm_re_edit_changelog.TestGMREEditAndChangeLogs" name="test_03_gm_can_fetch_re_projects" time="2.082" /><testcase classname="backend.tests.test_gm_re_edit_changelog.TestGMREEditAndChangeLogs" name="test_04_gm_can_update_re_project" time="3.560" /><testcase classname="backend.tests.test_gm_re_edit_changelog.TestGMREEditAndChangeLogs" name="test_05_change_log_created_after_gm_edit" time="4.350" /><testcase classname="backend.tests.test_gm_re_edit_changelog.TestGMREEditAndChangeLogs" name="test_06_change_log_contains_correct_fields" time="4.279" /><testcase classname="backend.tests.test_gm_re_edit_changelog.TestGMREEditAndChangeLogs" name="test_07_planning_can_see_gm_changes" time="5.150" /><testcase classname="backend.tests.test_gm_re_edit_changelog.TestGMREEditAndChangeLogs" name="test_08_gm_can_see_planning_changes" time="0.357"><failure message="AssertionError: Demo login failed for planning: {&quot;detail&quot;:&quot;Too many login attempts. Please wait a minute.&quot;}&#10;assert 429 == 200&#10; +  where 429 = &lt;Response [429]&gt;.status_code">backend/tests/test_gm_re_edit_changelog.py:221: in test_08_gm_can_see_planning_changes
    self.login_as_role("planning")
backend/tests/test_gm_re_edit_changelog.py:40: in login_as_role
    assert response.status_code == 200, f"Demo login failed for {role}: {response.text}"
E   AssertionError: Demo login failed for planning: {"detail":"Too many login attempts. Please wait a minute."}
E   assert 429 == 200
E    +  where 429 = &lt;Response [429]&gt;.status_code</failure></testcase><testcase classname="backend.tests.test_gm_re_edit_changelog.TestGMREEditAndChangeLogs" name="test_09_gm_can_update_scope_items" time="0.344"><failure message="AssertionError: Demo login failed for general_manager: {&quot;detail&quot;:&quot;Too many login attempts. Please wait a minute.&quot;}&#10;assert 429 == 200&#10; +  where 429 = &lt;Response [429]&gt;.status_code">backend/tests/test_gm_re_edit_changelog.py:252: in test_09_gm_can_update_scope_items
    self.login_as_role("general_manager")
backend/tests/test_gm_re_edit_changelog.py:40: in login_as_role
    assert response.status_code == 200, f"Demo login failed for {role}: {response.text}"
E   AssertionError: Demo login failed for general_manager: {"detail":"Too many login attempts. Please wait a minute."}
E   assert 429 == 200
E    +  where 429 = &lt;Response [429]&gt;.status_code</failure></testcase><testcase classname="backend.tests.test_gm_re_edit_changelog.TestGMREEditAndChangeLogs" name="test_10_unauthorized_role_cannot_edit" time="2.147" /></testsuite></testsuites>