<?xml version="1.0" encoding="utf-8"?><testsuites name="pytest tests"><testsuite name="pytest" errors="0" failures="0" skipped="4" tests="14" time="25.093" timestamp="2026-03-09T09:29:31.561879+00:00" hostname="agent-env-942aa954-2b10-47f6-8239-471b79eac348"><testcase classname="backend.tests.test_presales_transfer_fix.TestPreSalesToSalesTransferFix" name="test_sales_crm_has_transferred_leads" time="1.969" /><testcase classname="backend.tests.test_presales_transfer_fix.TestPreSalesToSalesTransferFix" name="test_known_leads_exist_in_sales" time="1.801" /><testcase classname="backend.tests.test_presales_transfer_fix.TestPreSalesToSalesTransferFix" name="test_presales_transferred_leads_have_transferred_to_id" time="2.517" /><testcase classname="backend.tests.test_presales_transfer_fix.TestPreSalesToSalesTransferFix" name="test_rnr_stage_exists_in_presales" time="1.798" /><testcase classname="backend.tests.test_presales_transfer_fix.TestPreSalesToSalesTransferFix" name="test_presales_dashboard_shows_rnr" time="2.717" /><testcase classname="backend.tests.test_presales_transfer_fix.TestStageManagement" name="test_get_stages_with_counts" time="2.034" /><testcase classname="backend.tests.test_presales_transfer_fix.TestStageManagement" name="test_get_stages_filtered_by_type" time="2.533" /><testcase classname="backend.tests.test_presales_transfer_fix.TestStageManagement" name="test_create_update_delete_stage" time="3.746" /><testcase classname="backend.tests.test_presales_transfer_fix.TestLeadSourceEnum" name="test_import_template_includes_new_sources" time="1.801" /><testcase classname="backend.tests.test_presales_transfer_fix.TestLeadSourceEnum" name="test_create_lead_with_sem_source" time="0.346"><skipped type="pytest.skip" message="Could not login as super_admin">/app/backend/tests/test_presales_transfer_fix.py:248: Could not login as super_admin</skipped></testcase><testcase classname="backend.tests.test_presales_transfer_fix.TestLeadSourceEnum" name="test_create_lead_with_social_media_source" time="2.701" /><testcase classname="backend.tests.test_presales_transfer_fix.TestDoubleTransferPrevention" name="test_already_transferred_lead_not_transferred_again" time="0.331"><skipped type="pytest.skip" message="Could not login as super_admin">/app/backend/tests/test_presales_transfer_fix.py:293: Could not login as super_admin</skipped></testcase><testcase classname="backend.tests.test_presales_transfer_fix.TestSalesCRMContent" name="test_sales_dashboard_structure" time="0.362"><skipped type="pytest.skip" message="Could not login">/app/backend/tests/test_presales_transfer_fix.py:361: Could not login</skipped></testcase><testcase classname="backend.tests.test_presales_transfer_fix.TestSalesCRMContent" name="test_sales_leads_have_transferred_info" time="0.348"><skipped type="pytest.skip" message="Could not login">/app/backend/tests/test_presales_transfer_fix.py:382: Could not login</skipped></testcase></testsuite></testsuites>