<?xml version="1.0" encoding="utf-8"?><testsuites name="pytest tests"><testsuite name="pytest" errors="0" failures="0" skipped="0" tests="19" time="4.129" timestamp="2026-02-22T09:33:42.061236+00:00" hostname="agent-env-04e58b0f-6661-4a6c-ad95-544945b6699a"><testcase classname="backend.tests.test_marketing_board.TestMarketingBoardAuthentication" name="test_marketing_dashboard_requires_super_admin" time="0.183" /><testcase classname="backend.tests.test_marketing_board.TestMarketingBoardAuthentication" name="test_super_admin_can_access_marketing_dashboard" time="0.158" /><testcase classname="backend.tests.test_marketing_board.TestMarketingBoardTeamStats" name="test_pre_sales_team_stats" time="0.178" /><testcase classname="backend.tests.test_marketing_board.TestMarketingBoardTeamStats" name="test_sales_team_stats" time="0.160" /><testcase classname="backend.tests.test_marketing_board.TestMarketingBoardTeamStats" name="test_leads_by_source" time="0.157" /><testcase classname="backend.tests.test_marketing_board.TestAllLeadsTab" name="test_get_all_leads" time="0.162" /><testcase classname="backend.tests.test_marketing_board.TestAllLeadsTab" name="test_filter_leads_by_stage_type" time="0.224" /><testcase classname="backend.tests.test_marketing_board.TestAllLeadsTab" name="test_filter_leads_by_assigned_to" time="0.217" /><testcase classname="backend.tests.test_marketing_board.TestLeadEditFunctionality" name="test_edit_lead" time="0.333" /><testcase classname="backend.tests.test_marketing_board.TestLeadEditFunctionality" name="test_edit_lead_contact_info" time="0.260" /><testcase classname="backend.tests.test_marketing_board.TestLeadReassignment" name="test_reassign_lead" time="0.366" /><testcase classname="backend.tests.test_marketing_board.TestLeadReassignment" name="test_reassign_invalid_lead" time="0.236" /><testcase classname="backend.tests.test_marketing_board.TestDistributionSettings" name="test_get_distribution_settings" time="0.152" /><testcase classname="backend.tests.test_marketing_board.TestDistributionSettings" name="test_toggle_distribution_settings" time="0.358" /><testcase classname="backend.tests.test_marketing_board.TestTeamMemberManagement" name="test_get_team_members" time="0.150" /><testcase classname="backend.tests.test_marketing_board.TestTeamMemberManagement" name="test_add_team_member" time="0.175" /><testcase classname="backend.tests.test_marketing_board.TestTeamMemberManagement" name="test_add_duplicate_email_fails" time="0.154" /><testcase classname="backend.tests.test_marketing_board.TestIndividualSalespersonView" name="test_individual_view_by_assigned_to" time="0.223" /><testcase classname="backend.tests.test_marketing_board.TestIndividualSalespersonView" name="test_filter_by_source" time="0.185" /></testsuite></testsuites>