<?xml version="1.0" encoding="utf-8"?><testsuites name="pytest tests"><testsuite name="pytest" errors="0" failures="0" skipped="0" tests="33" time="4.525" timestamp="2026-02-23T01:48:51.171186+00:00" hostname="agent-env-ff995ff6-0043-43f5-93c5-5bb83b1d5387"><testcase classname="backend.tests.test_petty_cash_material_request_e2e.TestPettyCashFlowE2E" name="test_01_se_request_petty_cash" time="0.270" /><testcase classname="backend.tests.test_petty_cash_material_request_e2e.TestPettyCashFlowE2E" name="test_02_accountant_view_petty_cash" time="0.225" /><testcase classname="backend.tests.test_petty_cash_material_request_e2e.TestPettyCashFlowE2E" name="test_03_accountant_issue_petty_cash" time="0.075" /><testcase classname="backend.tests.test_petty_cash_material_request_e2e.TestPettyCashFlowE2E" name="test_04_se_view_issued_petty_cash" time="0.053" /><testcase classname="backend.tests.test_petty_cash_material_request_e2e.TestPettyCashFlowE2E" name="test_05_se_add_expense" time="0.096" /><testcase classname="backend.tests.test_petty_cash_material_request_e2e.TestPettyCashFlowE2E" name="test_06_se_add_second_expense" time="0.071" /><testcase classname="backend.tests.test_petty_cash_material_request_e2e.TestPettyCashFlowE2E" name="test_07_se_submit_for_settlement" time="0.064" /><testcase classname="backend.tests.test_petty_cash_material_request_e2e.TestPettyCashFlowE2E" name="test_08_accountant_view_pending_settlement" time="0.087" /><testcase classname="backend.tests.test_petty_cash_material_request_e2e.TestPettyCashFlowE2E" name="test_09_accountant_settle_petty_cash" time="0.136" /><testcase classname="backend.tests.test_petty_cash_material_request_e2e.TestPettyCashFlowE2E" name="test_10_verify_settled_status" time="0.050" /><testcase classname="backend.tests.test_petty_cash_material_request_e2e.TestMaterialRequestFlowE2E" name="test_01_se_create_material_request" time="0.829" /><testcase classname="backend.tests.test_petty_cash_material_request_e2e.TestMaterialRequestFlowE2E" name="test_02_pm_view_pending_requests" time="0.062" /><testcase classname="backend.tests.test_petty_cash_material_request_e2e.TestMaterialRequestFlowE2E" name="test_03_pm_approve_request" time="0.070" /><testcase classname="backend.tests.test_petty_cash_material_request_e2e.TestMaterialRequestFlowE2E" name="test_04_planning_approve_request" time="0.065" /><testcase classname="backend.tests.test_petty_cash_material_request_e2e.TestMaterialRequestFlowE2E" name="test_05_procurement_assign_vendor" time="0.193" /><testcase classname="backend.tests.test_petty_cash_material_request_e2e.TestMaterialRequestFlowE2E" name="test_06_verify_final_status" time="0.068" /><testcase classname="backend.tests.test_petty_cash_material_request_e2e.TestSiteEngineerDashboardAPIs" name="test_get_my_projects" time="0.206" /><testcase classname="backend.tests.test_petty_cash_material_request_e2e.TestSiteEngineerDashboardAPIs" name="test_get_petty_cash_list" time="0.058" /><testcase classname="backend.tests.test_petty_cash_material_request_e2e.TestSiteEngineerDashboardAPIs" name="test_get_material_requests" time="0.056" /><testcase classname="backend.tests.test_petty_cash_material_request_e2e.TestSiteEngineerDashboardAPIs" name="test_get_work_orders" time="0.059" /><testcase classname="backend.tests.test_petty_cash_material_request_e2e.TestPMDashboardAPIs" name="test_get_pm_dashboard" time="0.210" /><testcase classname="backend.tests.test_petty_cash_material_request_e2e.TestPMDashboardAPIs" name="test_get_pm_projects" time="0.073" /><testcase classname="backend.tests.test_petty_cash_material_request_e2e.TestPMDashboardAPIs" name="test_get_pm_material_requests" time="0.065" /><testcase classname="backend.tests.test_petty_cash_material_request_e2e.TestPMDashboardAPIs" name="test_get_pm_labour_requests" time="0.064" /><testcase classname="backend.tests.test_petty_cash_material_request_e2e.TestPMDashboardAPIs" name="test_get_pm_team_members" time="0.092" /><testcase classname="backend.tests.test_petty_cash_material_request_e2e.TestAccountantPettyCashAPIs" name="test_get_all_petty_cash" time="0.206" /><testcase classname="backend.tests.test_petty_cash_material_request_e2e.TestAccountantPettyCashAPIs" name="test_get_petty_cash_by_status" time="0.085" /><testcase classname="backend.tests.test_petty_cash_material_request_e2e.TestAccountantPettyCashAPIs" name="test_accountant_comprehensive_dashboard" time="0.093" /><testcase classname="backend.tests.test_petty_cash_material_request_e2e.TestAccessControl" name="test_engineer_cannot_access_pm_dashboard" time="0.459" /><testcase classname="backend.tests.test_petty_cash_material_request_e2e.TestAccessControl" name="test_engineer_cannot_access_accountant_petty_cash" time="0.108" /><testcase classname="backend.tests.test_petty_cash_material_request_e2e.TestAccessControl" name="test_pm_cannot_request_petty_cash" time="0.073" /><testcase classname="backend.tests.test_petty_cash_material_request_e2e.TestAccessControl" name="test_accountant_cannot_create_material_request" time="0.062" /><testcase classname="backend.tests.test_petty_cash_material_request_e2e.TestCleanup" name="test_cleanup_note" time="0.001" /></testsuite></testsuites>