<?xml version="1.0" encoding="utf-8"?><testsuites name="pytest tests"><testsuite name="pytest" errors="0" failures="4" skipped="0" tests="11" time="24.233" timestamp="2026-03-28T03:00:20.454058+00:00" hostname="agent-env-3424cef2-2abd-46d6-a745-55245ed282e4"><testcase classname="backend.tests.test_re_revision_workflow.TestRERevisionWorkflow" name="test_get_re_revisions_by_number" time="1.639" /><testcase classname="backend.tests.test_re_revision_workflow.TestRERevisionWorkflow" name="test_request_revision_as_sales" time="3.005" /><testcase classname="backend.tests.test_re_revision_workflow.TestRERevisionWorkflow" name="test_request_revision_requires_sales_role" time="2.064" /><testcase classname="backend.tests.test_re_revision_workflow.TestRERevisionWorkflow" name="test_create_revision_as_planning" time="3.215" /><testcase classname="backend.tests.test_re_revision_workflow.TestRERevisionWorkflow" name="test_create_revision_requires_planning_role" time="2.056" /><testcase classname="backend.tests.test_re_revision_workflow.TestRERevisionWorkflow" name="test_re_locked_after_gm_approval" time="2.618" /><testcase classname="backend.tests.test_re_revision_workflow.TestRERevisionWorkflow" name="test_super_admin_can_edit_locked_re" time="0.352"><failure message="AssertionError: Login failed for admin@constructionos.com: {&quot;detail&quot;:&quot;Too many login attempts. Please wait a minute.&quot;}&#10;assert 429 == 200&#10; +  where 429 = &lt;Response [429]&gt;.status_code">backend/tests/test_re_revision_workflow.py:214: in test_super_admin_can_edit_locked_re
    self.login_as("admin@constructionos.com")
backend/tests/test_re_revision_workflow.py:29: in login_as
    assert response.status_code == 200, f"Login failed for {email}: {response.text}"
E   AssertionError: Login failed for admin@constructionos.com: {"detail":"Too many login attempts. Please wait a minute."}
E   assert 429 == 200
E    +  where 429 = &lt;Response [429]&gt;.status_code</failure></testcase><testcase classname="backend.tests.test_re_revision_workflow.TestRERevisionWorkflow" name="test_accountant_verify_sends_notifications" time="0.643"><failure message="AssertionError: Login failed for accountant@constructionos.com: {&quot;detail&quot;:&quot;Too many login attempts. Please wait a minute.&quot;}&#10;assert 429 == 200&#10; +  where 429 = &lt;Response [429]&gt;.status_code">backend/tests/test_re_revision_workflow.py:245: in test_accountant_verify_sends_notifications
    self.login_as("accountant@constructionos.com")
backend/tests/test_re_revision_workflow.py:29: in login_as
    assert response.status_code == 200, f"Login failed for {email}: {response.text}"
E   AssertionError: Login failed for accountant@constructionos.com: {"detail":"Too many login attempts. Please wait a minute."}
E   assert 429 == 200
E    +  where 429 = &lt;Response [429]&gt;.status_code</failure></testcase><testcase classname="backend.tests.test_re_revision_workflow.TestRERevisionWorkflow" name="test_specific_re_project_re_cddf150a9d14" time="0.374"><failure message="AssertionError: Login failed for sales@constructionos.com: {&quot;detail&quot;:&quot;Too many login attempts. Please wait a minute.&quot;}&#10;assert 429 == 200&#10; +  where 429 = &lt;Response [429]&gt;.status_code">backend/tests/test_re_revision_workflow.py:286: in test_specific_re_project_re_cddf150a9d14
    self.login_as("sales@constructionos.com")
backend/tests/test_re_revision_workflow.py:29: in login_as
    assert response.status_code == 200, f"Login failed for {email}: {response.text}"
E   AssertionError: Login failed for sales@constructionos.com: {"detail":"Too many login attempts. Please wait a minute."}
E   assert 429 == 200
E    +  where 429 = &lt;Response [429]&gt;.status_code</failure></testcase><testcase classname="backend.tests.test_re_revision_workflow.TestRERevisionWorkflow" name="test_specific_re_project_re_2bd26a02e5c8" time="0.341"><failure message="AssertionError: Login failed for planning@constructionos.com: {&quot;detail&quot;:&quot;Too many login attempts. Please wait a minute.&quot;}&#10;assert 429 == 200&#10; +  where 429 = &lt;Response [429]&gt;.status_code">backend/tests/test_re_revision_workflow.py:304: in test_specific_re_project_re_2bd26a02e5c8
    self.login_as("planning@constructionos.com")
backend/tests/test_re_revision_workflow.py:29: in login_as
    assert response.status_code == 200, f"Login failed for {email}: {response.text}"
E   AssertionError: Login failed for planning@constructionos.com: {"detail":"Too many login attempts. Please wait a minute."}
E   assert 429 == 200
E    +  where 429 = &lt;Response [429]&gt;.status_code</failure></testcase><testcase classname="backend.tests.test_re_revision_workflow.TestRERevisionWorkflow" name="test_revision_flow_e2e" time="7.807" /></testsuite></testsuites>