<?xml version="1.0" encoding="utf-8"?><testsuites name="pytest tests"><testsuite name="pytest" errors="0" failures="0" skipped="0" tests="15" time="21.055" timestamp="2026-04-27T14:40:24.047657+00:00" hostname="agent-env-3424cef2-2abd-46d6-a745-55245ed282e4"><testcase classname="backend.tests.test_quote_links.TestGenerateQuoteLink" name="test_generate_for_lead_a" time="7.974" /><testcase classname="backend.tests.test_quote_links.TestGenerateQuoteLink" name="test_invalid_lead_404" time="0.743" /><testcase classname="backend.tests.test_quote_links.TestGenerateQuoteLink" name="test_get_active_link_returns_live" time="0.743" /><testcase classname="backend.tests.test_quote_links.TestGenerateQuoteLink" name="test_generate_revokes_prior" time="2.338" /><testcase classname="backend.tests.test_quote_links.TestPublicQuote" name="test_public_get_live" time="0.805" /><testcase classname="backend.tests.test_quote_links.TestPublicQuote" name="test_public_invalid_token_404" time="0.052" /><testcase classname="backend.tests.test_quote_links.TestPublicQuote" name="test_public_malformed_token_404" time="0.061" /><testcase classname="backend.tests.test_quote_links.TestPublicQuote" name="test_public_no_auth_required" time="0.825" /><testcase classname="backend.tests.test_quote_links.TestBookAppointment" name="test_book_invalid_token" time="0.069" /><testcase classname="backend.tests.test_quote_links.TestBookAppointment" name="test_book_requires_date_time" time="0.285" /><testcase classname="backend.tests.test_quote_links.TestBookAppointment" name="test_book_success_creates_lead" time="1.722" /><testcase classname="backend.tests.test_quote_links.TestRegenerateRe" name="test_regenerate_requires_remarks" time="0.510" /><testcase classname="backend.tests.test_quote_links.TestRegenerateRe" name="test_regenerate_success" time="3.137" /><testcase classname="backend.tests.test_quote_links.TestTimeline" name="test_timeline_returns_events" time="0.965" /><testcase classname="backend.tests.test_quote_links.TestTimeline" name="test_timeline_invalid_lead_404" time="0.741" /></testsuite></testsuites>