<?xml version="1.0" encoding="utf-8"?><testsuites name="pytest tests"><testsuite name="pytest" errors="0" failures="0" skipped="2" tests="10" time="16.441" timestamp="2026-03-09T09:57:09.952658+00:00" hostname="agent-env-942aa954-2b10-47f6-8239-471b79eac348"><testcase classname="backend.tests.test_cre_payment_approval_fix.TestCREPaymentApprovalFix" name="test_01_find_project_with_payment_stages" time="4.577" /><testcase classname="backend.tests.test_cre_payment_approval_fix.TestCREPaymentApprovalFix" name="test_02_cre_collect_payment_creates_pending_approval" time="2.465"><skipped type="pytest.skip" message="No collectible payment stage found">/app/backend/tests/test_cre_payment_approval_fix.py:133: No collectible payment stage found</skipped></testcase><testcase classname="backend.tests.test_cre_payment_approval_fix.TestCREPaymentApprovalFix" name="test_03_accountant_sees_pending_income" time="2.836" /><testcase classname="backend.tests.test_cre_payment_approval_fix.TestCREPaymentApprovalFix" name="test_04_approve_income_success" time="0.996" /><testcase classname="backend.tests.test_cre_payment_approval_fix.TestCREPaymentApprovalFix" name="test_05_approved_income_not_in_pending" time="0.753" /><testcase classname="backend.tests.test_cre_payment_approval_fix.TestCREPaymentApprovalFix" name="test_06_reject_income_flow" time="0.751"><skipped type="pytest.skip" message="No pending income to reject">/app/backend/tests/test_cre_payment_approval_fix.py:232: No pending income to reject</skipped></testcase><testcase classname="backend.tests.test_cre_payment_approval_fix.TestRegressionChecks" name="test_07_presales_to_sales_transfer_working" time="1.501" /><testcase classname="backend.tests.test_cre_payment_approval_fix.TestRegressionChecks" name="test_08_stage_management_accessible" time="0.982" /><testcase classname="backend.tests.test_cre_payment_approval_fix.TestUnifiedApprovalsStructure" name="test_09_unified_approvals_response_structure" time="0.746" /><testcase classname="backend.tests.test_cre_payment_approval_fix.TestUnifiedApprovalsStructure" name="test_10_income_entries_have_correct_fields" time="0.754" /></testsuite></testsuites>