<?xml version="1.0" encoding="utf-8"?><testsuites name="pytest tests"><testsuite name="pytest" errors="4" failures="0" skipped="0" tests="14" time="42.936" timestamp="2026-03-14T07:46:59.118742+00:00" hostname="agent-env-f23701f7-bfd4-4f3d-9f1d-3b49400275a8"><testcase classname="backend.tests.test_crm_presales_sales.TestCRMPreSales" name="test_presales_dashboard_loads" time="3.506" /><testcase classname="backend.tests.test_crm_presales_sales.TestCRMPreSales" name="test_presales_stages_include_appointment_booked" time="2.451" /><testcase classname="backend.tests.test_crm_presales_sales.TestCRMPreSales" name="test_presales_leads_list" time="2.474" /><testcase classname="backend.tests.test_crm_presales_sales.TestCRMPreSales" name="test_create_presales_lead" time="3.414" /><testcase classname="backend.tests.test_crm_presales_sales.TestCRMAppointmentBooking" name="test_stage_change_with_appointment_data" time="7.858" /><testcase classname="backend.tests.test_crm_presales_sales.TestCRMAppointmentBooking" name="test_stage_change_without_appointment_should_require_dialog" time="7.539" /><testcase classname="backend.tests.test_crm_presales_sales.TestCRMSales" name="test_sales_dashboard_loads" time="4.172" /><testcase classname="backend.tests.test_crm_presales_sales.TestCRMSales" name="test_sales_leads_list" time="2.771" /><testcase classname="backend.tests.test_crm_presales_sales.TestCRMSales" name="test_get_lead_detail" time="0.678"><error message="failed on setup with &quot;assert 429 == 200&#10; +  where 429 = &lt;Response [429]&gt;.status_code&quot;">backend/tests/test_crm_presales_sales.py:221: in setup
    assert login_resp.status_code == 200
E   assert 429 == 200
E    +  where 429 = &lt;Response [429]&gt;.status_code</error></testcase><testcase classname="backend.tests.test_crm_presales_sales.TestCRMLeadEditAndInteractions" name="test_update_lead_fields" time="4.876" /><testcase classname="backend.tests.test_crm_presales_sales.TestCRMLeadEditAndInteractions" name="test_update_lead_summary" time="0.374"><error message="failed on setup with &quot;assert 429 == 200&#10; +  where 429 = &lt;Response [429]&gt;.status_code&quot;">backend/tests/test_crm_presales_sales.py:293: in setup
    assert login_resp.status_code == 200
E   assert 429 == 200
E    +  where 429 = &lt;Response [429]&gt;.status_code</error></testcase><testcase classname="backend.tests.test_crm_presales_sales.TestCRMLeadEditAndInteractions" name="test_add_follow_up" time="0.388"><error message="failed on setup with &quot;assert 429 == 200&#10; +  where 429 = &lt;Response [429]&gt;.status_code&quot;">backend/tests/test_crm_presales_sales.py:293: in setup
    assert login_resp.status_code == 200
E   assert 429 == 200
E    +  where 429 = &lt;Response [429]&gt;.status_code</error></testcase><testcase classname="backend.tests.test_crm_presales_sales.TestCRMLeadEditAndInteractions" name="test_add_remark" time="0.354"><error message="failed on setup with &quot;assert 429 == 200&#10; +  where 429 = &lt;Response [429]&gt;.status_code&quot;">backend/tests/test_crm_presales_sales.py:293: in setup
    assert login_resp.status_code == 200
E   assert 429 == 200
E    +  where 429 = &lt;Response [429]&gt;.status_code</error></testcase><testcase classname="backend.tests.test_crm_presales_sales.TestLoginRedirect" name="test_login_returns_role" time="1.966" /></testsuite></testsuites>