<?xml version="1.0" encoding="utf-8"?><testsuites name="pytest tests"><testsuite name="pytest" errors="0" failures="0" skipped="1" tests="5" time="11.635" timestamp="2026-03-14T12:27:18.065169+00:00" hostname="agent-env-ec490691-95b7-4ab3-8552-9ba7a9e8e2e3"><testcase classname="tests.test_dynamic_cheque_entry" name="test_cre_dashboard_loads" time="4.462" /><testcase classname="tests.test_dynamic_cheque_entry" name="test_get_payment_requests" time="0.778" /><testcase classname="tests.test_dynamic_cheque_entry" name="test_collect_payment_with_cheque_details" time="3.489" /><testcase classname="tests.test_dynamic_cheque_entry" name="test_create_project_with_cheque_mode" time="2.077"><skipped type="pytest.skip" message="No packages available for project creation test">/app/backend/tests/test_dynamic_cheque_entry.py:157: No packages available for project creation test</skipped></testcase><testcase classname="tests.test_dynamic_cheque_entry" name="test_get_all_cre_projects" time="0.777" /></testsuite></testsuites>