<?xml version="1.0" encoding="utf-8"?><testsuites name="pytest tests"><testsuite name="pytest" errors="0" failures="0" skipped="0" tests="10" time="33.319" timestamp="2026-04-07T09:09:33.033278+00:00" hostname="agent-env-3424cef2-2abd-46d6-a745-55245ed282e4"><testcase classname="backend.tests.test_work_order_payment_pipeline.TestWorkOrderExists" name="test_existing_work_order_exists" time="1.620" /><testcase classname="backend.tests.test_work_order_payment_pipeline.TestPaymentRequestEndpoint" name="test_site_engineer_can_request_payment" time="4.724" /><testcase classname="backend.tests.test_work_order_payment_pipeline.TestPaymentRequestEndpoint" name="test_stage_status_changes_to_requested" time="0.751" /><testcase classname="backend.tests.test_work_order_payment_pipeline.TestPaymentRequestEndpoint" name="test_cannot_request_payment_for_non_pending_stage" time="1.470" /><testcase classname="backend.tests.test_work_order_payment_pipeline.TestApprovalPipeline" name="test_pm_can_approve_requested_stage" time="6.379" /><testcase classname="backend.tests.test_work_order_payment_pipeline.TestApprovalPipeline" name="test_planning_can_approve_pm_approved_stage" time="1.699" /><testcase classname="backend.tests.test_work_order_payment_pipeline.TestApprovalPipeline" name="test_accountant_can_process_planning_approved_stage" time="3.264" /><testcase classname="backend.tests.test_work_order_payment_pipeline.TestRejectAndRevert" name="test_pm_can_reject_stage" time="5.574" /><testcase classname="backend.tests.test_work_order_payment_pipeline.TestRejectAndRevert" name="test_site_engineer_can_revert_rejected_stage" time="2.436" /><testcase classname="backend.tests.test_work_order_payment_pipeline.TestPermissionChecks" name="test_planning_cannot_approve_requested_stage" time="5.329" /></testsuite></testsuites>