<?xml version="1.0" encoding="utf-8"?><testsuites name="pytest tests"><testsuite name="pytest" errors="0" failures="0" skipped="0" tests="11" time="2.791" timestamp="2026-02-22T09:56:21.576458+00:00" hostname="agent-env-04e58b0f-6661-4a6c-ad95-544945b6699a"><testcase classname="tests.test_google_sheets_integration.TestGoogleSheetsIntegration" name="test_sheets_config_endpoint_requires_auth" time="0.396" /><testcase classname="tests.test_google_sheets_integration.TestGoogleSheetsIntegration" name="test_sheets_config_returns_correct_structure" time="0.202" /><testcase classname="tests.test_google_sheets_integration.TestGoogleSheetsIntegration" name="test_sheets_oauth_login_fails_without_credentials" time="0.206" /><testcase classname="tests.test_google_sheets_integration.TestGoogleSheetsIntegration" name="test_sheets_preview_requires_connection" time="0.254" /><testcase classname="tests.test_google_sheets_integration.TestGoogleSheetsIntegration" name="test_sheets_sources_endpoint" time="0.233" /><testcase classname="tests.test_google_sheets_integration.TestGoogleSheetsIntegration" name="test_sheets_import_requires_source" time="0.202" /><testcase classname="tests.test_google_sheets_integration.TestGoogleSheetsIntegration" name="test_sheets_disconnect_when_not_connected" time="0.222" /><testcase classname="tests.test_google_sheets_integration.TestGoogleSheetsIntegration" name="test_sheets_delete_non_existent_source" time="0.261" /><testcase classname="tests.test_google_sheets_integration.TestGoogleSheetsAccessControl" name="test_non_super_admin_cannot_access_sheets_config" time="0.233" /><testcase classname="tests.test_google_sheets_integration.TestGoogleSheetsAccessControl" name="test_non_super_admin_cannot_access_sheets_sources" time="0.208" /><testcase classname="tests.test_google_sheets_integration.TestSheetsSourceCRUD" name="test_add_source_fails_without_connection" time="0.305" /></testsuite></testsuites>