<?xml version="1.0" encoding="utf-8"?><testsuites name="pytest tests"><testsuite name="pytest" errors="0" failures="0" skipped="0" tests="14" time="23.658" timestamp="2026-03-24T10:57:29.878217+00:00" hostname="agent-env-3424cef2-2abd-46d6-a745-55245ed282e4"><testcase classname="backend.tests.test_hr_admin_module.TestHRDashboard" name="test_dashboard_returns_metrics" time="3.161" /><testcase classname="backend.tests.test_hr_admin_module.TestHRSettings" name="test_get_settings" time="0.763" /><testcase classname="backend.tests.test_hr_admin_module.TestHRSettings" name="test_update_settings" time="3.070" /><testcase classname="backend.tests.test_hr_admin_module.TestAttendanceCalendar" name="test_monthly_attendance" time="0.998" /><testcase classname="backend.tests.test_hr_admin_module.TestAdminMarkAttendance" name="test_mark_attendance" time="2.019" /><testcase classname="backend.tests.test_hr_admin_module.TestAdminMarkAttendance" name="test_mark_attendance_leave" time="1.998" /><testcase classname="backend.tests.test_hr_admin_module.TestLateReport" name="test_late_report" time="0.762" /><testcase classname="backend.tests.test_hr_admin_module.TestLeaveManagement" name="test_get_leave_requests_all" time="0.761" /><testcase classname="backend.tests.test_hr_admin_module.TestLeaveManagement" name="test_get_leave_requests_by_status" time="2.296" /><testcase classname="backend.tests.test_hr_admin_module.TestSalaryCalculation" name="test_calculate_salary" time="1.734" /><testcase classname="backend.tests.test_hr_admin_module.TestSalaryCalculation" name="test_salary_list" time="0.757" /><testcase classname="backend.tests.test_hr_admin_module.TestPayslip" name="test_payslip" time="3.710" /><testcase classname="backend.tests.test_hr_admin_module.TestPayslip" name="test_payslip_not_found" time="0.777" /><testcase classname="backend.tests.test_hr_admin_module.TestStaffEndpoint" name="test_get_staff_list" time="0.756" /></testsuite></testsuites>