<?xml version="1.0" encoding="utf-8"?><testsuites name="pytest tests"><testsuite name="pytest" errors="3" failures="0" skipped="0" tests="13" time="32.062" timestamp="2026-04-06T17:50:00.788786+00:00" hostname="agent-env-3424cef2-2abd-46d6-a745-55245ed282e4"><testcase classname="backend.tests.test_reorder_endpoints.TestReorderEndpoints" name="test_scope_items_reorder_endpoint_exists" time="4.913" /><testcase classname="backend.tests.test_reorder_endpoints.TestReorderEndpoints" name="test_scope_items_reorder_empty_ids_returns_400" time="2.671" /><testcase classname="backend.tests.test_reorder_endpoints.TestReorderEndpoints" name="test_additional_costs_reorder_endpoint_exists" time="2.880" /><testcase classname="backend.tests.test_reorder_endpoints.TestReorderEndpoints" name="test_additional_costs_reorder_empty_ids_returns_400" time="2.608" /><testcase classname="backend.tests.test_reorder_endpoints.TestReorderEndpoints" name="test_deductions_reorder_endpoint_exists" time="2.856" /><testcase classname="backend.tests.test_reorder_endpoints.TestReorderEndpoints" name="test_deductions_reorder_empty_ids_returns_400" time="2.634" /><testcase classname="backend.tests.test_reorder_endpoints.TestReorderEndpoints" name="test_reorder_requires_authentication" time="2.309" /><testcase classname="backend.tests.test_reorder_endpoints.TestReorderEndpoints" name="test_project_stages_reorder_endpoint_exists" time="3.596" /><testcase classname="backend.tests.test_reorder_endpoints.TestReorderEndpoints" name="test_project_stages_reorder_empty_ids_returns_400" time="2.634" /><testcase classname="backend.tests.test_reorder_endpoints.TestReorderWithVinothProject" name="test_vinoth_project_scope_items_reorder" time="3.672" /><testcase classname="backend.tests.test_reorder_endpoints.TestReorderWithVinothProject" name="test_vinoth_project_stages_reorder" time="0.429"><error message="failed on setup with &quot;AssertionError: Login failed: {&quot;detail&quot;:&quot;Too many login attempts. Please wait a minute.&quot;}&#10;assert 429 == 200&#10; +  where 429 = &lt;Response [429]&gt;.status_code&quot;">backend/tests/test_reorder_endpoints.py:224: in setup
    assert login_response.status_code == 200, f"Login failed: {login_response.text}"
E   AssertionError: Login failed: {"detail":"Too many login attempts. Please wait a minute."}
E   assert 429 == 200
E    +  where 429 = &lt;Response [429]&gt;.status_code</error></testcase><testcase classname="backend.tests.test_reorder_endpoints.TestReorderWithVinothProject" name="test_vinoth_project_additional_costs_reorder" time="0.375"><error message="failed on setup with &quot;AssertionError: Login failed: {&quot;detail&quot;:&quot;Too many login attempts. Please wait a minute.&quot;}&#10;assert 429 == 200&#10; +  where 429 = &lt;Response [429]&gt;.status_code&quot;">backend/tests/test_reorder_endpoints.py:224: in setup
    assert login_response.status_code == 200, f"Login failed: {login_response.text}"
E   AssertionError: Login failed: {"detail":"Too many login attempts. Please wait a minute."}
E   assert 429 == 200
E    +  where 429 = &lt;Response [429]&gt;.status_code</error></testcase><testcase classname="backend.tests.test_reorder_endpoints.TestReorderWithVinothProject" name="test_vinoth_project_deductions_reorder" time="0.378"><error message="failed on setup with &quot;AssertionError: Login failed: {&quot;detail&quot;:&quot;Too many login attempts. Please wait a minute.&quot;}&#10;assert 429 == 200&#10; +  where 429 = &lt;Response [429]&gt;.status_code&quot;">backend/tests/test_reorder_endpoints.py:224: in setup
    assert login_response.status_code == 200, f"Login failed: {login_response.text}"
E   AssertionError: Login failed: {"detail":"Too many login attempts. Please wait a minute."}
E   assert 429 == 200
E    +  where 429 = &lt;Response [429]&gt;.status_code</error></testcase></testsuite></testsuites>