<?xml version="1.0" encoding="utf-8"?><testsuites name="pytest tests"><testsuite name="pytest" errors="0" failures="0" skipped="0" tests="13" time="0.762" timestamp="2026-02-04T04:36:41.815423+00:00" hostname="agent-env-f8e8e40c-4abb-4ca0-818f-5e50bb306bd7"><testcase classname="backend.tests.test_super_admin_dashboard.TestSuperAdminAuth" name="test_super_admin_login" time="0.109" /><testcase classname="backend.tests.test_super_admin_dashboard.TestDashboardSummaryEndpoint" name="test_dashboard_summary_returns_totals" time="0.089" /><testcase classname="backend.tests.test_super_admin_dashboard.TestDashboardSummaryEndpoint" name="test_dashboard_summary_returns_projects" time="0.015" /><testcase classname="backend.tests.test_super_admin_dashboard.TestDashboardSummaryEndpoint" name="test_dashboard_summary_denied_for_non_super_admin" time="0.052" /><testcase classname="backend.tests.test_super_admin_dashboard.TestProjectCreation" name="test_create_project_with_all_fields" time="0.050" /><testcase classname="backend.tests.test_super_admin_dashboard.TestProjectCreation" name="test_dashboard_updates_after_project_creation" time="0.017" /><testcase classname="backend.tests.test_super_admin_dashboard.TestProjectCreation" name="test_cleanup_created_project" time="0.030" /><testcase classname="backend.tests.test_super_admin_dashboard.TestProjectCreationValidation" name="test_create_project_missing_name" time="0.044" /><testcase classname="backend.tests.test_super_admin_dashboard.TestProjectCreationValidation" name="test_create_project_missing_client_name" time="0.051" /><testcase classname="backend.tests.test_super_admin_dashboard.TestNonSuperAdminDashboard" name="test_pm_can_access_projects" time="0.042" /><testcase classname="backend.tests.test_super_admin_dashboard.TestNonSuperAdminDashboard" name="test_pm_cannot_access_admin_dashboard" time="0.049" /><testcase classname="backend.tests.test_super_admin_dashboard.TestProjectListNavigation" name="test_get_all_projects" time="0.084" /><testcase classname="backend.tests.test_super_admin_dashboard.TestProjectListNavigation" name="test_get_single_project" time="0.058" /></testsuite></testsuites>