<?xml version="1.0" encoding="utf-8"?><testsuites name="pytest tests"><testsuite name="pytest" errors="0" failures="0" skipped="0" tests="14" time="21.043" timestamp="2026-04-07T06:00:31.710484+00:00" hostname="agent-env-3424cef2-2abd-46d6-a745-55245ed282e4"><testcase classname="backend.tests.test_work_orders_crud.TestContractorTypesEndpoint" name="test_get_contractor_types_returns_200" time="2.087" /><testcase classname="backend.tests.test_work_orders_crud.TestContractorTypesEndpoint" name="test_contractor_types_returns_list" time="0.731" /><testcase classname="backend.tests.test_work_orders_crud.TestContractorTypesEndpoint" name="test_contractor_types_has_expected_types" time="0.730" /><testcase classname="backend.tests.test_work_orders_crud.TestWorkOrdersListEndpoint" name="test_get_work_orders_returns_200" time="0.747" /><testcase classname="backend.tests.test_work_orders_crud.TestWorkOrdersListEndpoint" name="test_work_orders_returns_list" time="1.189" /><testcase classname="backend.tests.test_work_orders_crud.TestWorkOrdersListEndpoint" name="test_existing_work_order_has_required_fields" time="0.731" /><testcase classname="backend.tests.test_work_orders_crud.TestWorkOrderCRUD" name="test_create_work_order_success" time="1.925" /><testcase classname="backend.tests.test_work_orders_crud.TestWorkOrderCRUD" name="test_get_created_work_order" time="0.732" /><testcase classname="backend.tests.test_work_orders_crud.TestWorkOrderCRUD" name="test_update_work_order" time="1.698" /><testcase classname="backend.tests.test_work_orders_crud.TestWorkOrderCRUD" name="test_delete_work_order" time="1.470" /><testcase classname="backend.tests.test_work_orders_crud.TestWorkOrderStageCalculations" name="test_percentage_stage_calculation" time="3.431" /><testcase classname="backend.tests.test_work_orders_crud.TestWorkOrderStageCalculations" name="test_fixed_amount_stage" time="2.655" /><testcase classname="backend.tests.test_work_orders_crud.TestWorkOrderPermissions" name="test_unauthorized_role_cannot_create" time="1.366" /><testcase classname="backend.tests.test_work_orders_crud.TestContractorFiltering" name="test_contractors_can_be_filtered_by_type" time="1.476" /></testsuite></testsuites>