<?xml version="1.0" encoding="utf-8"?><testsuites name="pytest tests"><testsuite name="pytest" errors="2" failures="0" skipped="0" tests="12" time="20.393" timestamp="2026-03-09T04:19:07.795724+00:00" hostname="agent-env-961823d8-057d-46db-b50e-3aaaf40de40e"><testcase classname="backend.tests.test_e2e_new_features.TestLoginAllRoles" name="test_super_admin_login" time="1.195" /><testcase classname="backend.tests.test_e2e_new_features.TestLoginAllRoles" name="test_accountant_login" time="1.053" /><testcase classname="backend.tests.test_e2e_new_features.TestLoginAllRoles" name="test_site_engineer_login" time="1.055" /><testcase classname="backend.tests.test_e2e_new_features.TestLoginAllRoles" name="test_cre_login" time="1.048" /><testcase classname="backend.tests.test_e2e_new_features.TestCRENewDeals" name="test_cre_new_deals_endpoint" time="2.261" /><testcase classname="backend.tests.test_e2e_new_features.TestAccountantChequeManagement" name="test_accountant_cheques_endpoint" time="1.808" /><testcase classname="backend.tests.test_e2e_new_features.TestSiteEngineerMiniCashbook" name="test_mini_cashbook_endpoint" time="2.480" /><testcase classname="backend.tests.test_e2e_new_features.TestSiteEngineerMiniCashbook" name="test_petty_cash_list" time="0.759" /><testcase classname="backend.tests.test_e2e_new_features.TestAccountantPettyCashManagement" name="test_petty_cash_management_endpoint" time="0.354"><error message="failed on setup with &quot;AssertionError: Accountant login failed: {&quot;detail&quot;:&quot;Too many login attempts. Please wait a minute.&quot;}&#10;assert 429 == 200&#10; +  where 429 = &lt;Response [429]&gt;.status_code&quot;">backend/tests/test_e2e_new_features.py:38: in accountant_session
    assert resp.status_code == 200, f"Accountant login failed: {resp.text}"
E   AssertionError: Accountant login failed: {"detail":"Too many login attempts. Please wait a minute."}
E   assert 429 == 200
E    +  where 429 = &lt;Response [429]&gt;.status_code</error></testcase><testcase classname="backend.tests.test_e2e_new_features.TestAccountantPettyCashManagement" name="test_se_mini_cashbook_for_accountant" time="0.000"><error message="failed on setup with &quot;AssertionError: Accountant login failed: {&quot;detail&quot;:&quot;Too many login attempts. Please wait a minute.&quot;}&#10;assert 429 == 200&#10; +  where 429 = &lt;Response [429]&gt;.status_code&quot;">backend/tests/test_e2e_new_features.py:38: in accountant_session
    assert resp.status_code == 200, f"Accountant login failed: {resp.text}"
E   AssertionError: Accountant login failed: {"detail":"Too many login attempts. Please wait a minute."}
E   assert 429 == 200
E    +  where 429 = &lt;Response [429]&gt;.status_code</error></testcase><testcase classname="backend.tests.test_e2e_new_features.TestPettyCashIssueEndpoint" name="test_petty_cash_issue_requires_json_body" time="2.536" /><testcase classname="backend.tests.test_e2e_new_features.TestCREDashboard" name="test_cre_dashboard" time="5.740" /></testsuite></testsuites>