<?xml version="1.0" encoding="utf-8"?><testsuites name="pytest tests"><testsuite name="pytest" errors="0" failures="0" skipped="0" tests="8" time="22.225" timestamp="2026-04-07T05:12:35.760681+00:00" hostname="agent-env-3424cef2-2abd-46d6-a745-55245ed282e4"><testcase classname="backend.tests.test_project_package_materials.TestProjectPackageMaterials" name="test_get_package_materials_returns_saved_list" time="4.591" /><testcase classname="backend.tests.test_project_package_materials.TestProjectPackageMaterials" name="test_put_package_materials_saves_list" time="3.006" /><testcase classname="backend.tests.test_project_package_materials.TestProjectPackageMaterials" name="test_put_allows_planning_role" time="2.310" /><testcase classname="backend.tests.test_project_package_materials.TestProjectPackageMaterials" name="test_put_updates_existing_materials" time="3.060" /><testcase classname="backend.tests.test_project_package_materials.TestProjectPackageMaterials" name="test_put_removes_materials" time="3.825" /><testcase classname="backend.tests.test_project_package_materials.TestProjectPackageMaterials" name="test_get_nonexistent_project_returns_404" time="2.275" /><testcase classname="backend.tests.test_project_package_materials.TestProjectPackageMaterialsPermissions" name="test_cre_can_update_materials" time="1.543" /><testcase classname="backend.tests.test_project_package_materials.TestProjectPackageMaterialsPermissions" name="test_project_manager_can_update_materials" time="1.551" /></testsuite></testsuites>