<?xml version="1.0" encoding="utf-8"?><testsuites name="pytest tests"><testsuite name="pytest" errors="0" failures="0" skipped="0" tests="17" time="163.068" timestamp="2026-04-07T16:16:06.330029+00:00" hostname="agent-env-3424cef2-2abd-46d6-a745-55245ed282e4"><testcase classname="backend.tests.test_petty_cash_multilevel.TestPettyCashMultiLevelApproval" name="test_01_se_create_petty_cash_request" time="3.350" /><testcase classname="backend.tests.test_petty_cash_multilevel.TestPettyCashMultiLevelApproval" name="test_02_se_get_petty_cash_list" time="2.050" /><testcase classname="backend.tests.test_petty_cash_multilevel.TestPettyCashMultiLevelApproval" name="test_03_se_get_petty_cash_summary" time="2.310" /><testcase classname="backend.tests.test_petty_cash_multilevel.TestPettyCashMultiLevelApproval" name="test_04_pm_get_petty_cash_requests" time="2.074" /><testcase classname="backend.tests.test_petty_cash_multilevel.TestPettyCashMultiLevelApproval" name="test_05_pm_approve_petty_cash" time="2.976" /><testcase classname="backend.tests.test_petty_cash_multilevel.TestPettyCashMultiLevelApproval" name="test_06_pm_reject_petty_cash_flow" time="5.670" /><testcase classname="backend.tests.test_petty_cash_multilevel.TestPettyCashMultiLevelApproval" name="test_07_accountant_get_petty_cash" time="62.465" /><testcase classname="backend.tests.test_petty_cash_multilevel.TestPettyCashMultiLevelApproval" name="test_08_accountant_process_payment" time="2.634" /><testcase classname="backend.tests.test_petty_cash_multilevel.TestPettyCashMultiLevelApproval" name="test_09_se_acknowledge_receipt" time="2.350" /><testcase classname="backend.tests.test_petty_cash_multilevel.TestPettyCashMultiLevelApproval" name="test_10_se_income_history" time="2.064" /><testcase classname="backend.tests.test_petty_cash_multilevel.TestExpenseCategories" name="test_get_expense_categories" time="3.363" /><testcase classname="backend.tests.test_petty_cash_multilevel.TestExpenseCategories" name="test_create_custom_category" time="2.367" /><testcase classname="backend.tests.test_petty_cash_multilevel.TestDirectExpense" name="test_record_direct_expense" time="62.764" /><testcase classname="backend.tests.test_petty_cash_multilevel.TestDirectExpense" name="test_get_direct_expenses" time="2.180" /><testcase classname="backend.tests.test_petty_cash_multilevel.TestDirectExpense" name="test_get_direct_expenses_with_filters" time="2.256" /><testcase classname="backend.tests.test_petty_cash_multilevel.TestAccountantPettyCashManagement" name="test_accountant_petty_cash_management" time="2.103" /><testcase classname="backend.tests.test_petty_cash_multilevel.TestCleanup" name="test_cleanup_note" time="0.000" /></testsuite></testsuites>