<?xml version="1.0" encoding="utf-8"?><testsuites name="pytest tests"><testsuite name="pytest" errors="0" failures="0" skipped="6" tests="15" time="71.295" timestamp="2026-03-28T02:05:10.265687+00:00" hostname="agent-env-3424cef2-2abd-46d6-a745-55245ed282e4"><testcase classname="backend.tests.test_sr_jr_engineer_assignment.TestSrJrEngineerAssignment" name="test_get_jr_engineers_as_admin" time="1.713" /><testcase classname="backend.tests.test_sr_jr_engineer_assignment.TestSrJrEngineerAssignment" name="test_get_jr_engineers_as_sr_engineer" time="1.584" /><testcase classname="backend.tests.test_sr_jr_engineer_assignment.TestSrJrEngineerAssignment" name="test_get_jr_engineers_permission_denied_for_site_engineer" time="1.366" /><testcase classname="backend.tests.test_sr_jr_engineer_assignment.TestSrJrEngineerAssignment" name="test_get_my_site_visits_as_admin" time="1.595" /><testcase classname="backend.tests.test_sr_jr_engineer_assignment.TestSrJrEngineerAssignment" name="test_get_my_site_visits_as_sr_engineer" time="1.571" /><testcase classname="backend.tests.test_sr_jr_engineer_assignment.TestSrJrEngineerAssignment" name="test_get_my_site_visits_as_site_engineer" time="1.575" /><testcase classname="backend.tests.test_sr_jr_engineer_assignment.TestSrJrEngineerAssignment" name="test_site_visits_returns_jr_engineer_fields" time="1.564" /><testcase classname="backend.tests.test_sr_jr_engineer_assignment.TestSrJrEngineerAssignment" name="test_assign_jr_engineer_requires_sr_engineer_role" time="4.753" /><testcase classname="backend.tests.test_sr_jr_engineer_assignment.TestSrJrEngineerAssignment" name="test_assign_jr_engineer_as_sr_engineer" time="0.430"><skipped type="pytest.skip" message="Could not fetch leads">/app/backend/tests/test_sr_jr_engineer_assignment.py:214: Could not fetch leads</skipped></testcase><testcase classname="backend.tests.test_sr_jr_engineer_assignment.TestSrJrEngineerAssignment" name="test_assign_jr_engineer_without_id_returns_400" time="2.813" /><testcase classname="backend.tests.test_sr_jr_engineer_assignment.TestSrJrEngineerAssignment" name="test_complete_site_visit_as_admin" time="0.464"><skipped type="pytest.skip" message="Could not fetch leads">/app/backend/tests/test_sr_jr_engineer_assignment.py:281: Could not fetch leads</skipped></testcase><testcase classname="backend.tests.test_sr_jr_engineer_assignment.TestSrJrEngineerAssignment" name="test_complete_site_visit_allowed_for_site_engineer_role" time="0.405"><skipped type="pytest.skip" message="Could not fetch leads">/app/backend/tests/test_sr_jr_engineer_assignment.py:307: Could not fetch leads</skipped></testcase><testcase classname="backend.tests.test_sr_jr_engineer_assignment.TestJrEngineersEndpoint" name="test_jr_engineers_returns_correct_roles" time="17.993"><skipped type="pytest.skip" message="Admin login failed after retries: 429">/app/backend/tests/test_sr_jr_engineer_assignment.py:351: Admin login failed after retries: 429</skipped></testcase><testcase classname="backend.tests.test_sr_jr_engineer_assignment.TestJrEngineersEndpoint" name="test_jr_engineers_has_required_fields" time="18.006"><skipped type="pytest.skip" message="Admin login failed after retries: 429">/app/backend/tests/test_sr_jr_engineer_assignment.py:368: Admin login failed after retries: 429</skipped></testcase><testcase classname="backend.tests.test_sr_jr_engineer_assignment.TestSiteVisitDataStructure" name="test_site_visit_has_required_fields" time="15.381"><skipped type="pytest.skip" message="No site visits to verify">/app/backend/tests/test_sr_jr_engineer_assignment.py:426: No site visits to verify</skipped></testcase></testsuite></testsuites>