<?xml version="1.0" encoding="utf-8"?><testsuites name="pytest tests"><testsuite name="pytest" errors="0" failures="0" skipped="0" tests="16" time="27.395" timestamp="2026-03-27T02:18:37.514036+00:00" hostname="agent-env-3424cef2-2abd-46d6-a745-55245ed282e4"><testcase classname="tests.test_package_management.TestBrandsAPI" name="test_get_brands" time="1.621" /><testcase classname="tests.test_package_management.TestBrandsAPI" name="test_create_brand" time="0.970" /><testcase classname="tests.test_package_management.TestBrandsAPI" name="test_create_duplicate_brand_returns_existing" time="1.758" /><testcase classname="tests.test_package_management.TestPackagesAPI" name="test_get_packages" time="0.742" /><testcase classname="tests.test_package_management.TestPackagesAPI" name="test_create_package" time="0.970" /><testcase classname="tests.test_package_management.TestPackagesAPI" name="test_update_package" time="3.424" /><testcase classname="tests.test_package_management.TestPackagesAPI" name="test_lock_package" time="1.720" /><testcase classname="tests.test_package_management.TestPackagesAPI" name="test_duplicate_package" time="2.761" /><testcase classname="tests.test_package_management.TestRoughEstimatesAPI" name="test_create_rough_estimate" time="1.947" /><testcase classname="tests.test_package_management.TestRoughEstimatesAPI" name="test_get_rough_estimates_for_package" time="1.720" /><testcase classname="tests.test_package_management.TestRoughEstimatesAPI" name="test_update_rough_estimate" time="2.455" /><testcase classname="tests.test_package_management.TestRoughEstimatesAPI" name="test_delete_rough_estimate" time="2.458" /><testcase classname="tests.test_package_management.TestPackageWithMaterials" name="test_create_package_with_materials" time="2.516" /><testcase classname="tests.test_package_management.TestEdgeCases" name="test_lock_nonexistent_package" time="0.740" /><testcase classname="tests.test_package_management.TestEdgeCases" name="test_duplicate_nonexistent_package" time="0.740" /><testcase classname="tests.test_package_management.TestEdgeCases" name="test_create_estimate_for_nonexistent_package" time="0.750" /></testsuite></testsuites>