<?xml version="1.0" encoding="utf-8"?><testsuites name="pytest tests"><testsuite name="pytest" errors="0" failures="0" skipped="0" tests="12" time="17.489" timestamp="2026-04-07T04:48:22.741042+00:00" hostname="agent-env-3424cef2-2abd-46d6-a745-55245ed282e4"><testcase classname="backend.tests.test_packages_feature.TestPackagesFeature" name="test_01_get_material_names" time="2.159" /><testcase classname="backend.tests.test_packages_feature.TestPackagesFeature" name="test_02_create_material_name" time="1.719" /><testcase classname="backend.tests.test_packages_feature.TestPackagesFeature" name="test_03_create_duplicate_material_name" time="1.729" /><testcase classname="backend.tests.test_packages_feature.TestPackagesFeature" name="test_04_get_brands_all" time="0.739" /><testcase classname="backend.tests.test_packages_feature.TestPackagesFeature" name="test_05_get_brands_filtered_by_category" time="0.740" /><testcase classname="backend.tests.test_packages_feature.TestPackagesFeature" name="test_06_create_brand_with_category" time="1.712" /><testcase classname="backend.tests.test_packages_feature.TestPackagesFeature" name="test_07_create_duplicate_brand" time="1.728" /><testcase classname="backend.tests.test_packages_feature.TestPackagesFeature" name="test_08_get_packages" time="0.749" /><testcase classname="backend.tests.test_packages_feature.TestPackagesFeature" name="test_09_create_package_with_scope_and_materials" time="1.714" /><testcase classname="backend.tests.test_packages_feature.TestPackagesFeature" name="test_10_update_package" time="1.729" /><testcase classname="backend.tests.test_packages_feature.TestPackagesFeature" name="test_11_delete_package" time="2.453" /><testcase classname="backend.tests.test_packages_feature.TestPackagesFeature" name="test_12_unauthenticated_access_denied" time="0.229" /></testsuite></testsuites>