<?xml version="1.0" encoding="utf-8"?><testsuites name="pytest tests"><testsuite name="pytest" errors="0" failures="0" skipped="0" tests="15" time="5.434" timestamp="2026-02-22T08:25:35.087273+00:00" hostname="agent-env-fec46c66-21ed-4b81-a1b1-e80e6761d891"><testcase classname="backend.tests.test_cre_convert_pdf.TestCREConvertDealAndPDF" name="test_project_with_re_exists" time="0.432" /><testcase classname="backend.tests.test_cre_convert_pdf.TestCREConvertDealAndPDF" name="test_re_project_has_scope_items" time="0.492" /><testcase classname="backend.tests.test_cre_convert_pdf.TestCREConvertDealAndPDF" name="test_project_full_details_includes_re" time="0.418" /><testcase classname="backend.tests.test_cre_convert_pdf.TestCREConvertDealAndPDF" name="test_cre_new_deals_endpoint" time="0.396" /><testcase classname="backend.tests.test_cre_convert_pdf.TestCREConvertDealAndPDF" name="test_cre_dashboard" time="0.381" /><testcase classname="backend.tests.test_cre_convert_pdf.TestCREConvertDealAndPDF" name="test_convert_deal_without_confirmation_fails" time="0.368" /><testcase classname="backend.tests.test_cre_convert_pdf.TestCREConvertDealAndPDF" name="test_convert_deal_invalid_lead_fails" time="0.576" /><testcase classname="backend.tests.test_cre_convert_pdf.TestCREConvertDealAndPDF" name="test_workflow_accountant_verify" time="0.399" /><testcase classname="backend.tests.test_cre_convert_pdf.TestCREConvertDealAndPDF" name="test_workflow_send_to_planning" time="0.430" /><testcase classname="backend.tests.test_cre_convert_pdf.TestCREConvertDealAndPDF" name="test_accountant_cannot_access_cre_endpoints" time="0.358" /><testcase classname="backend.tests.test_cre_convert_pdf.TestCREConvertDealAndPDF" name="test_cre_cannot_verify_payments" time="0.376" /><testcase classname="backend.tests.test_cre_convert_pdf.TestCREConvertDealAndPDF" name="test_convert_deal_handles_null_handover_months" time="0.418" /><testcase classname="backend.tests.test_cre_convert_pdf.TestLoginAndAuth" name="test_cre_login" time="0.116" /><testcase classname="backend.tests.test_cre_convert_pdf.TestLoginAndAuth" name="test_accountant_login" time="0.106" /><testcase classname="backend.tests.test_cre_convert_pdf.TestLoginAndAuth" name="test_planning_login" time="0.104" /></testsuite></testsuites>