<?xml version="1.0" encoding="utf-8"?><testsuites name="pytest tests"><testsuite name="pytest" errors="0" failures="0" skipped="6" tests="24" time="53.954" timestamp="2026-03-19T03:56:06.238454+00:00" hostname="agent-env-4c7d113d-0d57-450c-a5b9-757369f1d554"><testcase classname="tests.test_contractor_labour_management.TestContractorCategories" name="test_get_contractor_categories" time="2.628" /><testcase classname="tests.test_contractor_labour_management.TestContractorCategories" name="test_create_contractor_category" time="1.016" /><testcase classname="tests.test_contractor_labour_management.TestContractorCRUD" name="test_create_contractor_with_labour_types" time="0.784" /><testcase classname="tests.test_contractor_labour_management.TestContractorCRUD" name="test_get_contractors_list" time="0.785" /><testcase classname="tests.test_contractor_labour_management.TestContractorCRUD" name="test_get_contractors_with_category_filter" time="0.784" /><testcase classname="tests.test_contractor_labour_management.TestContractorCRUD" name="test_get_single_contractor" time="1.562" /><testcase classname="tests.test_contractor_labour_management.TestContractorCRUD" name="test_update_contractor" time="2.700" /><testcase classname="tests.test_contractor_labour_management.TestContractorCRUD" name="test_get_contractor_summary" time="2.038" /><testcase classname="tests.test_contractor_labour_management.TestLabourWorkOrders" name="test_get_labour_work_orders" time="0.789" /><testcase classname="tests.test_contractor_labour_management.TestLabourWorkOrders" name="test_create_labour_work_order_with_payment_stages" time="6.244" /><testcase classname="tests.test_contractor_labour_management.TestLabourWorkOrders" name="test_update_labour_work_order" time="4.012" /><testcase classname="tests.test_contractor_labour_management.TestLabourWorkOrders" name="test_filter_work_orders_by_project" time="2.026" /><testcase classname="tests.test_contractor_labour_management.TestLabourWorkOrders" name="test_filter_work_orders_by_contractor" time="1.556" /><testcase classname="tests.test_contractor_labour_management.TestStagePaymentFlow" name="test_request_payment_by_site_engineer" time="4.982" /><testcase classname="tests.test_contractor_labour_management.TestStagePaymentFlow" name="test_review_approve_by_planning" time="4.941" /><testcase classname="tests.test_contractor_labour_management.TestStagePaymentFlow" name="test_review_reject_by_planning" time="4.869" /><testcase classname="tests.test_contractor_labour_management.TestLabourAttendance" name="test_create_labour_attendance" time="2.038"><skipped type="pytest.skip" message="No contractors or projects available">/app/backend/tests/test_contractor_labour_management.py:465: No contractors or projects available</skipped></testcase><testcase classname="tests.test_contractor_labour_management.TestLabourAttendance" name="test_get_labour_attendance_by_project" time="1.259"><skipped type="pytest.skip" message="No projects">/app/backend/tests/test_contractor_labour_management.py:494: No projects</skipped></testcase><testcase classname="tests.test_contractor_labour_management.TestLabourAttendance" name="test_get_labour_attendance_by_date" time="0.800" /><testcase classname="tests.test_contractor_labour_management.TestLabourAttendance" name="test_get_daily_summary" time="1.756"><skipped type="pytest.skip" message="No projects">/app/backend/tests/test_contractor_labour_management.py:523: No projects</skipped></testcase><testcase classname="tests.test_contractor_labour_management.TestMaterialInventory" name="test_create_inventory_entry" time="1.254"><skipped type="pytest.skip" message="No projects">/app/backend/tests/test_contractor_labour_management.py:551: No projects</skipped></testcase><testcase classname="tests.test_contractor_labour_management.TestMaterialInventory" name="test_get_material_inventory" time="1.283"><skipped type="pytest.skip" message="No projects">/app/backend/tests/test_contractor_labour_management.py:579: No projects</skipped></testcase><testcase classname="tests.test_contractor_labour_management.TestMaterialInventory" name="test_get_latest_inventory" time="1.691"><skipped type="pytest.skip" message="No projects">/app/backend/tests/test_contractor_labour_management.py:595: No projects</skipped></testcase><testcase classname="tests.test_contractor_labour_management.TestProjectContractorAssignments" name="test_get_project_contractor_assignments" time="2.060" /></testsuite></testsuites>