<?xml version="1.0" encoding="utf-8"?><testsuites name="pytest tests"><testsuite name="pytest" errors="0" failures="0" skipped="0" tests="11" time="14.516" timestamp="2026-04-07T11:25:43.395421+00:00" hostname="agent-env-3424cef2-2abd-46d6-a745-55245ed282e4"><testcase classname="tests.test_inventory_system.TestInventorySystem" name="test_create_inventory_entry_basic" time="1.686" /><testcase classname="tests.test_inventory_system.TestInventorySystem" name="test_create_inventory_entry_with_min_threshold" time="0.737" /><testcase classname="tests.test_inventory_system.TestInventorySystem" name="test_get_latest_inventory" time="0.742" /><testcase classname="tests.test_inventory_system.TestInventorySystem" name="test_get_inventory_dashboard" time="0.958" /><testcase classname="tests.test_inventory_system.TestInventorySystem" name="test_dashboard_low_stock_detection" time="0.966" /><testcase classname="tests.test_inventory_system.TestInventorySystem" name="test_update_threshold" time="1.723" /><testcase classname="tests.test_inventory_system.TestInventorySystem" name="test_update_threshold_missing_params" time="1.014" /><testcase classname="tests.test_inventory_system.TestInventorySystem" name="test_inventory_flow_create_and_verify_dashboard" time="1.695" /><testcase classname="tests.test_inventory_system.TestInventorySystem" name="test_existing_project_inventory_data" time="0.968" /><testcase classname="tests.test_inventory_system.TestInventoryAPIValidation" name="test_get_inventory_without_project_id" time="1.013" /><testcase classname="tests.test_inventory_system.TestInventoryAPIValidation" name="test_inventory_closing_stock_calculation" time="2.940" /></testsuite></testsuites>