<?xml version="1.0" encoding="utf-8"?><testsuites name="pytest tests"><testsuite name="pytest" errors="0" failures="0" skipped="0" tests="17" time="2.126" timestamp="2026-02-19T17:18:42.863610+00:00" hostname="agent-env-f3af7f72-243c-4de1-98cb-452998c0e32f"><testcase classname="backend.tests.test_stage_payments.TestAuth" name="test_site_engineer_login" time="0.222" /><testcase classname="backend.tests.test_stage_payments.TestAuth" name="test_planning_login" time="0.263" /><testcase classname="backend.tests.test_stage_payments.TestAuth" name="test_accountant_login" time="0.303" /><testcase classname="backend.tests.test_stage_payments.TestSiteEngineerWorkOrders" name="test_get_site_engineer_projects" time="0.073" /><testcase classname="backend.tests.test_stage_payments.TestSiteEngineerWorkOrders" name="test_get_site_engineer_work_orders" time="0.076" /><testcase classname="backend.tests.test_stage_payments.TestPlanningPaymentRequests" name="test_get_payment_requests" time="0.081" /><testcase classname="backend.tests.test_stage_payments.TestPlanningPaymentRequests" name="test_get_planning_dashboard" time="0.105" /><testcase classname="backend.tests.test_stage_payments.TestAccountsDashboard" name="test_get_accounts_dashboard" time="0.064" /><testcase classname="backend.tests.test_stage_payments.TestAccountsDashboard" name="test_get_pending_payments" time="0.131" /><testcase classname="backend.tests.test_stage_payments.TestAccountsDashboard" name="test_get_pending_stage_payments" time="0.089" /><testcase classname="backend.tests.test_stage_payments.TestStagePaymentFlow" name="test_get_test_work_order" time="0.101" /><testcase classname="backend.tests.test_stage_payments.TestStagePaymentFlow" name="test_request_payment_for_completed_stage" time="0.086" /><testcase classname="backend.tests.test_stage_payments.TestStagePaymentFlow" name="test_planning_approve_payment" time="0.062" /><testcase classname="backend.tests.test_stage_payments.TestStagePaymentFlow" name="test_accounts_process_payment" time="0.122" /><testcase classname="backend.tests.test_stage_payments.TestPermissions" name="test_planning_cannot_access_accounts_dashboard" time="0.059" /><testcase classname="backend.tests.test_stage_payments.TestPermissions" name="test_accountant_cannot_view_payment_requests" time="0.112" /><testcase classname="backend.tests.test_stage_payments.TestPermissions" name="test_site_engineer_cannot_view_payment_requests" time="0.096" /></testsuite></testsuites>