<?xml version="1.0" encoding="utf-8"?><testsuites name="pytest tests"><testsuite name="pytest" errors="0" failures="0" skipped="0" tests="6" time="12.282" timestamp="2026-04-07T05:02:25.572601+00:00" hostname="agent-env-3424cef2-2abd-46d6-a745-55245ed282e4"><testcase classname="backend.tests.test_packages_qty_materials" name="test_get_packages_list" time="3.074" /><testcase classname="backend.tests.test_packages_qty_materials" name="test_create_package_with_qty_scope_items" time="2.473" /><testcase classname="backend.tests.test_packages_qty_materials" name="test_scope_items_total_calculation" time="2.929" /><testcase classname="backend.tests.test_packages_qty_materials" name="test_packages_for_materials_filter" time="0.746" /><testcase classname="backend.tests.test_packages_qty_materials" name="test_package_materials_structure" time="1.511" /><testcase classname="backend.tests.test_packages_qty_materials" name="test_cleanup_test_packages" time="1.484" /></testsuite></testsuites>