<?xml version="1.0" encoding="utf-8"?><testsuites name="pytest tests"><testsuite name="pytest" errors="0" failures="0" skipped="3" tests="10" time="21.552" timestamp="2026-03-14T06:07:24.544203+00:00" hostname="agent-env-942aa954-2b10-47f6-8239-471b79eac348"><testcase classname="backend.tests.test_cre_deal_conversion_income_flow.TestCRENewDeals" name="test_cre_new_deals_endpoint" time="2.396" /><testcase classname="backend.tests.test_cre_deal_conversion_income_flow.TestCRENewDeals" name="test_deal_structure" time="1.250" /><testcase classname="backend.tests.test_cre_deal_conversion_income_flow.TestCREDashboard" name="test_cre_dashboard" time="4.886" /><testcase classname="backend.tests.test_cre_deal_conversion_income_flow.TestAccountantApprovals" name="test_unified_approvals_endpoint" time="1.864" /><testcase classname="backend.tests.test_cre_deal_conversion_income_flow.TestAccountantApprovals" name="test_pending_income_structure" time="0.774" /><testcase classname="backend.tests.test_cre_deal_conversion_income_flow.TestIncomeApproval" name="test_approve_income" time="0.775"><skipped type="pytest.skip" message="No pending income to approve">/app/backend/tests/test_cre_deal_conversion_income_flow.py:191: No pending income to approve</skipped></testcase><testcase classname="backend.tests.test_cre_deal_conversion_income_flow.TestAccountantVerifyAdvance" name="test_accountant_verify_advance" time="0.597"><skipped type="pytest.skip" message="Cannot access projects">/app/backend/tests/test_cre_deal_conversion_income_flow.py:224: Cannot access projects</skipped></testcase><testcase classname="backend.tests.test_cre_deal_conversion_income_flow.TestCreateTestLeadAndConvert" name="test_full_conversion_flow" time="3.317"><skipped type="pytest.skip" message="Cannot create test lead via API">/app/backend/tests/test_cre_deal_conversion_income_flow.py:302: Cannot create test lead via API</skipped></testcase><testcase classname="backend.tests.test_cre_deal_conversion_income_flow.TestExistingMuruganData" name="test_murugan_income_exists" time="0.778" /><testcase classname="backend.tests.test_cre_deal_conversion_income_flow.TestExistingMuruganData" name="test_murugan_project_exists" time="4.860" /></testsuite></testsuites>