<?xml version="1.0" encoding="utf-8"?><testsuites name="pytest tests"><testsuite name="pytest" errors="2" failures="0" skipped="1" tests="10" time="24.179" timestamp="2026-03-28T03:52:11.175404+00:00" hostname="agent-env-3424cef2-2abd-46d6-a745-55245ed282e4"><testcase classname="backend.tests.test_rnr_redistribution.TestRNRRedistribution" name="test_new_rnr_stage_exists" time="2.645" /><testcase classname="backend.tests.test_rnr_redistribution.TestRNRRedistribution" name="test_stage_order_correct" time="2.512" /><testcase classname="backend.tests.test_rnr_redistribution.TestRNRRedistribution" name="test_presales_user_exists" time="2.654" /><testcase classname="backend.tests.test_rnr_redistribution.TestRNRRedistribution" name="test_get_presales_leads_endpoint" time="2.782" /><testcase classname="backend.tests.test_rnr_redistribution.TestRNRRedistribution" name="test_presales_dashboard_includes_new_rnr" time="3.471" /><testcase classname="backend.tests.test_rnr_redistribution.TestRNRRedistribution" name="test_check_existing_rnr_leads" time="3.707" /><testcase classname="backend.tests.test_rnr_redistribution.TestRNRRedistribution" name="test_redistributed_lead_fields" time="2.767"><skipped type="pytest.skip" message="No redistributed leads found to verify fields">/app/backend/tests/test_rnr_redistribution.py:189: No redistributed leads found to verify fields</skipped></testcase><testcase classname="backend.tests.test_rnr_redistribution.TestRNRRedistributionTrigger" name="test_redistribution_on_page_load" time="2.802" /><testcase classname="backend.tests.test_rnr_redistribution.TestDateFilterPreSales" name="test_date_filter_from_to" time="0.404"><error message="failed on setup with &quot;assert 429 == 200&#10; +  where 429 = &lt;Response [429]&gt;.status_code&quot;">backend/tests/test_rnr_redistribution.py:260: in setup
    assert login_resp.status_code == 200
E   assert 429 == 200
E    +  where 429 = &lt;Response [429]&gt;.status_code</error></testcase><testcase classname="backend.tests.test_rnr_redistribution.TestDateFilterPreSales" name="test_leads_sorted_ascending" time="0.337"><error message="failed on setup with &quot;assert 429 == 200&#10; +  where 429 = &lt;Response [429]&gt;.status_code&quot;">backend/tests/test_rnr_redistribution.py:260: in setup
    assert login_resp.status_code == 200
E   assert 429 == 200
E    +  where 429 = &lt;Response [429]&gt;.status_code</error></testcase></testsuite></testsuites>