<?xml version="1.0" encoding="utf-8"?><testsuites name="pytest tests"><testsuite name="pytest" errors="3" failures="3" skipped="0" tests="16" time="30.051" timestamp="2026-04-07T11:43:37.248589+00:00" hostname="agent-env-3424cef2-2abd-46d6-a745-55245ed282e4"><testcase classname="backend.tests.test_attendance_feature.TestAttendanceFeature" name="test_01_get_my_today_attendance_initial" time="1.654" /><testcase classname="backend.tests.test_attendance_feature.TestAttendanceFeature" name="test_02_get_my_history_attendance" time="1.505" /><testcase classname="backend.tests.test_attendance_feature.TestAttendanceFeature" name="test_03_attendance_login_without_project" time="1.297" /><testcase classname="backend.tests.test_attendance_feature.TestAttendanceFeature" name="test_04_attendance_login_invalid_project" time="1.523" /><testcase classname="backend.tests.test_attendance_feature.TestAttendanceFeature" name="test_05_attendance_login_success" time="8.047" /><testcase classname="backend.tests.test_attendance_feature.TestAttendanceFeature" name="test_06_attendance_double_login_prevention" time="1.768" /><testcase classname="backend.tests.test_attendance_feature.TestAttendanceFeature" name="test_07_attendance_login_another_project_blocked" time="7.090" /><testcase classname="backend.tests.test_attendance_feature.TestAttendanceFeature" name="test_08_attendance_logout_success" time="1.990" /><testcase classname="backend.tests.test_attendance_feature.TestAttendanceFeature" name="test_09_attendance_logout_not_logged_in" time="1.531" /><testcase classname="backend.tests.test_attendance_feature.TestAttendanceFeature" name="test_10_verify_today_attendance_after_logout" time="1.514" /><testcase classname="backend.tests.test_attendance_feature.TestAttendanceGPSVerification" name="test_01_set_project_location" time="0.346"><error message="failed on setup with &quot;AssertionError: Admin login failed: {&quot;detail&quot;:&quot;Too many login attempts. Please wait a minute.&quot;}&#10;assert 429 == 200&#10; +  where 429 = &lt;Response [429]&gt;.status_code&quot;">backend/tests/test_attendance_feature.py:209: in setup
    assert login_resp.status_code == 200, f"Admin login failed: {login_resp.text}"
E   AssertionError: Admin login failed: {"detail":"Too many login attempts. Please wait a minute."}
E   assert 429 == 200
E    +  where 429 = &lt;Response [429]&gt;.status_code</error></testcase><testcase classname="backend.tests.test_attendance_feature.TestAttendanceGPSVerification" name="test_02_gps_verification_too_far" time="0.329"><error message="failed on setup with &quot;AssertionError: Admin login failed: {&quot;detail&quot;:&quot;Too many login attempts. Please wait a minute.&quot;}&#10;assert 429 == 200&#10; +  where 429 = &lt;Response [429]&gt;.status_code&quot;">backend/tests/test_attendance_feature.py:209: in setup
    assert login_resp.status_code == 200, f"Admin login failed: {login_resp.text}"
E   AssertionError: Admin login failed: {"detail":"Too many login attempts. Please wait a minute."}
E   assert 429 == 200
E    +  where 429 = &lt;Response [429]&gt;.status_code</error></testcase><testcase classname="backend.tests.test_attendance_feature.TestAttendanceGPSVerification" name="test_03_gps_verification_within_range" time="0.334"><error message="failed on setup with &quot;AssertionError: Admin login failed: {&quot;detail&quot;:&quot;Too many login attempts. Please wait a minute.&quot;}&#10;assert 429 == 200&#10; +  where 429 = &lt;Response [429]&gt;.status_code&quot;">backend/tests/test_attendance_feature.py:209: in setup
    assert login_resp.status_code == 200, f"Admin login failed: {login_resp.text}"
E   AssertionError: Admin login failed: {"detail":"Too many login attempts. Please wait a minute."}
E   assert 429 == 200
E    +  where 429 = &lt;Response [429]&gt;.status_code</error></testcase><testcase classname="backend.tests.test_attendance_feature.TestAttendancePMView" name="test_01_pm_view_all_attendance" time="0.330"><failure message="AssertionError: Planning login failed: {&quot;detail&quot;:&quot;Too many login attempts. Please wait a minute.&quot;}&#10;assert 429 == 200&#10; +  where 429 = &lt;Response [429]&gt;.status_code">backend/tests/test_attendance_feature.py:297: in test_01_pm_view_all_attendance
    assert login_resp.status_code == 200, f"Planning login failed: {login_resp.text}"
E   AssertionError: Planning login failed: {"detail":"Too many login attempts. Please wait a minute."}
E   assert 429 == 200
E    +  where 429 = &lt;Response [429]&gt;.status_code</failure></testcase><testcase classname="backend.tests.test_attendance_feature.TestAttendancePMView" name="test_02_pm_view_attendance_by_date" time="0.333"><failure message="assert 429 == 200&#10; +  where 429 = &lt;Response [429]&gt;.status_code">backend/tests/test_attendance_feature.py:311: in test_02_pm_view_attendance_by_date
    assert login_resp.status_code == 200
E   assert 429 == 200
E    +  where 429 = &lt;Response [429]&gt;.status_code</failure></testcase><testcase classname="backend.tests.test_attendance_feature.TestAttendancePMView" name="test_03_se_cannot_view_all_attendance" time="0.328"><failure message="assert 429 == 200&#10; +  where 429 = &lt;Response [429]&gt;.status_code">backend/tests/test_attendance_feature.py:323: in test_03_se_cannot_view_all_attendance
    assert login_resp.status_code == 200
E   assert 429 == 200
E    +  where 429 = &lt;Response [429]&gt;.status_code</failure></testcase></testsuite></testsuites>