<?xml version="1.0" encoding="utf-8"?><testsuites name="pytest tests"><testsuite name="pytest" errors="0" failures="0" skipped="0" tests="21" time="29.851" timestamp="2026-04-07T16:58:15.082748+00:00" hostname="agent-env-3424cef2-2abd-46d6-a745-55245ed282e4"><testcase classname="backend.tests.test_work_order_stage_payment.TestWorkOrderStagePaymentSystem" name="test_01_work_order_created_with_stages" time="2.965" /><testcase classname="backend.tests.test_work_order_stage_payment.TestWorkOrderStagePaymentSystem" name="test_02_se_request_partial_payment" time="2.074" /><testcase classname="backend.tests.test_work_order_stage_payment.TestWorkOrderStagePaymentSystem" name="test_03_se_request_second_partial_payment" time="1.200" /><testcase classname="backend.tests.test_work_order_stage_payment.TestWorkOrderStagePaymentSystem" name="test_04_se_cannot_request_more_than_balance" time="0.738" /><testcase classname="backend.tests.test_work_order_stage_payment.TestWorkOrderStagePaymentSystem" name="test_05_pm_approves_first_payment_request" time="2.164" /><testcase classname="backend.tests.test_work_order_stage_payment.TestWorkOrderStagePaymentSystem" name="test_06_planning_approves_first_payment_request" time="0.992" /><testcase classname="backend.tests.test_work_order_stage_payment.TestWorkOrderStagePaymentSystem" name="test_07_accountant_processes_first_payment" time="2.258" /><testcase classname="backend.tests.test_work_order_stage_payment.TestWorkOrderStagePaymentSystem" name="test_08_verify_stage_amounts_after_first_payment" time="0.739" /><testcase classname="backend.tests.test_work_order_stage_payment.TestWorkOrderStagePaymentSystem" name="test_09_cannot_finish_stage_with_pending_requests" time="0.735" /><testcase classname="backend.tests.test_work_order_stage_payment.TestWorkOrderStagePaymentSystem" name="test_10_complete_second_payment_approval" time="2.910" /><testcase classname="backend.tests.test_work_order_stage_payment.TestWorkOrderStagePaymentSystem" name="test_11_se_can_finish_stage_after_all_payments_approved" time="0.965" /><testcase classname="backend.tests.test_work_order_stage_payment.TestWorkOrderStagePaymentSystem" name="test_12_cannot_request_payment_after_stage_finished" time="0.736" /><testcase classname="backend.tests.test_work_order_stage_payment.TestWorkOrderStagePaymentSystem" name="test_13_verify_final_stage_state" time="0.740" /><testcase classname="backend.tests.test_work_order_stage_payment.TestWorkOrderStagePaymentSystem" name="test_14_pm_can_reject_payment_request" time="2.183" /><testcase classname="backend.tests.test_work_order_stage_payment.TestWorkOrderStagePaymentSystem" name="test_15_verify_rejected_request_state" time="0.736" /><testcase classname="backend.tests.test_work_order_stage_payment.TestWorkOrderStagePaymentSystem" name="test_16_get_work_orders_list" time="0.732" /><testcase classname="backend.tests.test_work_order_stage_payment.TestWorkOrderStagePaymentSystem" name="test_17_get_single_work_order" time="0.737" /><testcase classname="backend.tests.test_work_order_stage_payment.TestWorkOrderStagePaymentEdgeCases" name="test_request_payment_invalid_work_order" time="1.663" /><testcase classname="backend.tests.test_work_order_stage_payment.TestWorkOrderStagePaymentEdgeCases" name="test_request_payment_invalid_stage" time="1.516" /><testcase classname="backend.tests.test_work_order_stage_payment.TestWorkOrderStagePaymentEdgeCases" name="test_request_payment_zero_amount" time="1.487" /><testcase classname="backend.tests.test_work_order_stage_payment.TestWorkOrderStagePaymentEdgeCases" name="test_request_payment_negative_amount" time="1.489" /></testsuite></testsuites>