<?xml version="1.0" encoding="utf-8"?><testsuites name="pytest tests"><testsuite name="pytest" errors="0" failures="0" skipped="20" tests="20" time="1.836" timestamp="2026-04-07T17:59:14.449845+00:00" hostname="agent-env-3424cef2-2abd-46d6-a745-55245ed282e4"><testcase classname="backend.tests.test_petrol_gps_attendance.TestPetrolAllowance" name="test_se_request_petrol_allowance" time="0.937"><skipped type="pytest.skip" message="SE login failed: {&quot;detail&quot;:&quot;Invalid email or password&quot;}">/app/backend/tests/test_petrol_gps_attendance.py:51: SE login failed: {"detail":"Invalid email or password"}</skipped></testcase><testcase classname="backend.tests.test_petrol_gps_attendance.TestPetrolAllowance" name="test_se_request_petrol_allowance_validation_no_amount" time="0.000"><skipped type="pytest.skip" message="SE login failed: {&quot;detail&quot;:&quot;Invalid email or password&quot;}">/app/backend/tests/test_petrol_gps_attendance.py:67: SE login failed: {"detail":"Invalid email or password"}</skipped></testcase><testcase classname="backend.tests.test_petrol_gps_attendance.TestPetrolAllowance" name="test_se_request_petrol_allowance_validation_no_km" time="0.000"><skipped type="pytest.skip" message="SE login failed: {&quot;detail&quot;:&quot;Invalid email or password&quot;}">/app/backend/tests/test_petrol_gps_attendance.py:78: SE login failed: {"detail":"Invalid email or password"}</skipped></testcase><testcase classname="backend.tests.test_petrol_gps_attendance.TestPetrolAllowance" name="test_se_petrol_history" time="0.000"><skipped type="pytest.skip" message="SE login failed: {&quot;detail&quot;:&quot;Invalid email or password&quot;}">/app/backend/tests/test_petrol_gps_attendance.py:89: SE login failed: {"detail":"Invalid email or password"}</skipped></testcase><testcase classname="backend.tests.test_petrol_gps_attendance.TestPetrolAllowance" name="test_accountant_get_petrol_requests" time="0.836"><skipped type="pytest.skip" message="Accountant login failed: {&quot;detail&quot;:&quot;Invalid email or password&quot;}">/app/backend/tests/test_petrol_gps_attendance.py:98: Accountant login failed: {"detail":"Invalid email or password"}</skipped></testcase><testcase classname="backend.tests.test_petrol_gps_attendance.TestPetrolAllowance" name="test_accountant_approve_petrol_allowance" time="0.000"><skipped type="pytest.skip" message="Accountant login failed: {&quot;detail&quot;:&quot;Invalid email or password&quot;}">/app/backend/tests/test_petrol_gps_attendance.py:107: Accountant login failed: {"detail":"Invalid email or password"}</skipped></testcase><testcase classname="backend.tests.test_petrol_gps_attendance.TestPetrolAllowance" name="test_accountant_reject_petrol_allowance" time="0.000"><skipped type="pytest.skip" message="Accountant login failed: {&quot;detail&quot;:&quot;Invalid email or password&quot;}">/app/backend/tests/test_petrol_gps_attendance.py:134: Accountant login failed: {"detail":"Invalid email or password"}</skipped></testcase><testcase classname="backend.tests.test_petrol_gps_attendance.TestPetrolAllowance" name="test_accountant_cannot_approve_already_approved" time="0.000"><skipped type="pytest.skip" message="Accountant login failed: {&quot;detail&quot;:&quot;Invalid email or password&quot;}">/app/backend/tests/test_petrol_gps_attendance.py:161: Accountant login failed: {"detail":"Invalid email or password"}</skipped></testcase><testcase classname="backend.tests.test_petrol_gps_attendance.TestGPSMandatoryAttendance" name="test_attendance_login_requires_gps" time="0.000"><skipped type="pytest.skip" message="SE login failed: {&quot;detail&quot;:&quot;Invalid email or password&quot;}">/app/backend/tests/test_petrol_gps_attendance.py:185: SE login failed: {"detail":"Invalid email or password"}</skipped></testcase><testcase classname="backend.tests.test_petrol_gps_attendance.TestGPSMandatoryAttendance" name="test_attendance_login_with_valid_gps" time="0.000"><skipped type="pytest.skip" message="SE login failed: {&quot;detail&quot;:&quot;Invalid email or password&quot;}">/app/backend/tests/test_petrol_gps_attendance.py:206: SE login failed: {"detail":"Invalid email or password"}</skipped></testcase><testcase classname="backend.tests.test_petrol_gps_attendance.TestGPSMandatoryAttendance" name="test_gps_lost_auto_logout_endpoint" time="0.000"><skipped type="pytest.skip" message="SE login failed: {&quot;detail&quot;:&quot;Invalid email or password&quot;}">/app/backend/tests/test_petrol_gps_attendance.py:237: SE login failed: {"detail":"Invalid email or password"}</skipped></testcase><testcase classname="backend.tests.test_petrol_gps_attendance.TestGPSMandatoryAttendance" name="test_attendance_today_endpoint" time="0.000"><skipped type="pytest.skip" message="SE login failed: {&quot;detail&quot;:&quot;Invalid email or password&quot;}">/app/backend/tests/test_petrol_gps_attendance.py:248: SE login failed: {"detail":"Invalid email or password"}</skipped></testcase><testcase classname="backend.tests.test_petrol_gps_attendance.TestGPSMandatoryAttendance" name="test_attendance_history_endpoint" time="0.000"><skipped type="pytest.skip" message="SE login failed: {&quot;detail&quot;:&quot;Invalid email or password&quot;}">/app/backend/tests/test_petrol_gps_attendance.py:256: SE login failed: {"detail":"Invalid email or password"}</skipped></testcase><testcase classname="backend.tests.test_petrol_gps_attendance.TestRegressionPettyCash" name="test_petty_cash_summary" time="0.000"><skipped type="pytest.skip" message="SE login failed: {&quot;detail&quot;:&quot;Invalid email or password&quot;}">/app/backend/tests/test_petrol_gps_attendance.py:269: SE login failed: {"detail":"Invalid email or password"}</skipped></testcase><testcase classname="backend.tests.test_petrol_gps_attendance.TestRegressionPettyCash" name="test_petty_cash_list" time="0.000"><skipped type="pytest.skip" message="SE login failed: {&quot;detail&quot;:&quot;Invalid email or password&quot;}">/app/backend/tests/test_petrol_gps_attendance.py:278: SE login failed: {"detail":"Invalid email or password"}</skipped></testcase><testcase classname="backend.tests.test_petrol_gps_attendance.TestRegressionPettyCash" name="test_income_history" time="0.000"><skipped type="pytest.skip" message="SE login failed: {&quot;detail&quot;:&quot;Invalid email or password&quot;}">/app/backend/tests/test_petrol_gps_attendance.py:287: SE login failed: {"detail":"Invalid email or password"}</skipped></testcase><testcase classname="backend.tests.test_petrol_gps_attendance.TestRegressionPettyCash" name="test_direct_expenses" time="0.000"><skipped type="pytest.skip" message="SE login failed: {&quot;detail&quot;:&quot;Invalid email or password&quot;}">/app/backend/tests/test_petrol_gps_attendance.py:296: SE login failed: {"detail":"Invalid email or password"}</skipped></testcase><testcase classname="backend.tests.test_petrol_gps_attendance.TestRegressionPettyCash" name="test_expense_categories" time="0.000"><skipped type="pytest.skip" message="SE login failed: {&quot;detail&quot;:&quot;Invalid email or password&quot;}">/app/backend/tests/test_petrol_gps_attendance.py:305: SE login failed: {"detail":"Invalid email or password"}</skipped></testcase><testcase classname="backend.tests.test_petrol_gps_attendance.TestAccountantBoard" name="test_accountant_petty_cash_management" time="0.000"><skipped type="pytest.skip" message="Accountant login failed: {&quot;detail&quot;:&quot;Invalid email or password&quot;}">/app/backend/tests/test_petrol_gps_attendance.py:318: Accountant login failed: {"detail":"Invalid email or password"}</skipped></testcase><testcase classname="backend.tests.test_petrol_gps_attendance.TestAccountantBoard" name="test_accountant_petty_cash_list" time="0.000"><skipped type="pytest.skip" message="Accountant login failed: {&quot;detail&quot;:&quot;Invalid email or password&quot;}">/app/backend/tests/test_petrol_gps_attendance.py:325: Accountant login failed: {"detail":"Invalid email or password"}</skipped></testcase></testsuite></testsuites>