<?xml version="1.0" encoding="utf-8"?><testsuites name="pytest tests"><testsuite name="pytest" errors="0" failures="0" skipped="0" tests="11" time="55.891" timestamp="2026-04-15T07:43:15.458676+00:00" hostname="agent-env-3424cef2-2abd-46d6-a745-55245ed282e4"><testcase classname="backend.tests.test_round_robin_assignment.TestRoundRobinAssignment" name="test_01_refresh_distribution_teams" time="2.097" /><testcase classname="backend.tests.test_round_robin_assignment.TestRoundRobinAssignment" name="test_02_get_distribution_settings" time="1.214" /><testcase classname="backend.tests.test_round_robin_assignment.TestRoundRobinAssignment" name="test_03_round_robin_presales_assignment" time="9.657" /><testcase classname="backend.tests.test_round_robin_assignment.TestRoundRobinAssignment" name="test_04_presales_to_sales_transfer_round_robin" time="7.401" /><testcase classname="backend.tests.test_round_robin_assignment.TestRoundRobinAssignment" name="test_05_sales_user_sees_assigned_and_unassigned_leads" time="1.808" /><testcase classname="backend.tests.test_round_robin_assignment.TestRoundRobinAssignment" name="test_06_sales_dashboard_counts" time="2.612" /><testcase classname="backend.tests.test_round_robin_assignment.TestRoundRobinAssignment" name="test_07_presales_user_sees_own_and_unassigned_leads" time="3.006" /><testcase classname="backend.tests.test_round_robin_assignment.TestRoundRobinAssignment" name="test_08_presales_dashboard_shows_all_stages" time="1.912" /><testcase classname="backend.tests.test_round_robin_assignment.TestRoundRobinAssignment" name="test_09_multiple_transfers_round_robin_sales" time="23.352" /><testcase classname="backend.tests.test_round_robin_assignment.TestDistributionSettingsAccess" name="test_non_admin_cannot_refresh_teams" time="1.412" /><testcase classname="backend.tests.test_round_robin_assignment.TestDistributionSettingsAccess" name="test_non_admin_cannot_get_distribution_settings" time="1.337" /></testsuite></testsuites>