<?xml version="1.0" encoding="utf-8"?><testsuites name="pytest tests"><testsuite name="pytest" errors="0" failures="0" skipped="0" tests="6" time="15.912" timestamp="2026-03-21T03:13:11.302558+00:00" hostname="agent-env-fa5a3f84-a6b6-4fad-b802-a2f5da93b8b8"><testcase classname="backend.tests.test_sales_convert_deal.TestSalesConvertDealAccess" name="test_01_sales_can_access_crm_sales_leads" time="2.795" /><testcase classname="backend.tests.test_sales_convert_deal.TestSalesConvertDealAccess" name="test_02_sales_can_access_stages" time="1.851" /><testcase classname="backend.tests.test_sales_convert_deal.TestSalesConvertDealAccess" name="test_03_sales_convert_deal_endpoint_access" time="4.438" /><testcase classname="backend.tests.test_sales_convert_deal.TestSalesConvertDealAccess" name="test_04_sales_convert_re_project_endpoint_access" time="2.609" /><testcase classname="backend.tests.test_sales_convert_deal.TestSalesConvertDealAccess" name="test_05_find_test_leads_for_ui_testing" time="1.841" /><testcase classname="backend.tests.test_sales_convert_deal.TestCREConvertDealAccess" name="test_06_cre_still_has_convert_deal_access" time="2.313" /></testsuite></testsuites>