<?xml version="1.0" encoding="utf-8"?><testsuites name="pytest tests"><testsuite name="pytest" errors="0" failures="0" skipped="0" tests="27" time="2.548" timestamp="2026-02-06T04:49:05.504525+00:00" hostname="agent-env-20524ede-cfea-4100-9d7b-fc248b57c164"><testcase classname="backend.tests.test_settings_materials_vendors_users.TestAuth" name="test_demo_login_super_admin" time="0.070" /><testcase classname="backend.tests.test_settings_materials_vendors_users.TestAuth" name="test_demo_login_invalid_user" time="0.036" /><testcase classname="backend.tests.test_settings_materials_vendors_users.TestCompanySettings" name="test_get_company_settings" time="0.059" /><testcase classname="backend.tests.test_settings_materials_vendors_users.TestCompanySettings" name="test_create_or_update_company_settings" time="0.053" /><testcase classname="backend.tests.test_settings_materials_vendors_users.TestCompanySettings" name="test_patch_company_settings" time="0.066" /><testcase classname="backend.tests.test_settings_materials_vendors_users.TestCompanySettings" name="test_company_settings_permission_denied" time="0.129" /><testcase classname="backend.tests.test_settings_materials_vendors_users.TestMaterialManagement" name="test_get_materials_categories" time="0.060" /><testcase classname="backend.tests.test_settings_materials_vendors_users.TestMaterialManagement" name="test_get_materials_list" time="0.021" /><testcase classname="backend.tests.test_settings_materials_vendors_users.TestMaterialManagement" name="test_create_material" time="0.088" /><testcase classname="backend.tests.test_settings_materials_vendors_users.TestMaterialManagement" name="test_create_duplicate_material_fails" time="0.142" /><testcase classname="backend.tests.test_settings_materials_vendors_users.TestMaterialManagement" name="test_update_material" time="0.109" /><testcase classname="backend.tests.test_settings_materials_vendors_users.TestMaterialManagement" name="test_delete_material_soft_delete" time="0.161" /><testcase classname="backend.tests.test_settings_materials_vendors_users.TestMaterialManagement" name="test_material_permission_denied_for_client" time="0.134" /><testcase classname="backend.tests.test_settings_materials_vendors_users.TestVendorMasterManagement" name="test_get_vendor_master_list" time="0.051" /><testcase classname="backend.tests.test_settings_materials_vendors_users.TestVendorMasterManagement" name="test_create_vendor" time="0.114" /><testcase classname="backend.tests.test_settings_materials_vendors_users.TestVendorMasterManagement" name="test_update_vendor" time="0.171" /><testcase classname="backend.tests.test_settings_materials_vendors_users.TestVendorMasterManagement" name="test_delete_vendor_soft_delete" time="0.137" /><testcase classname="backend.tests.test_settings_materials_vendors_users.TestVendorMasterManagement" name="test_vendor_permission_denied" time="0.196" /><testcase classname="backend.tests.test_settings_materials_vendors_users.TestUserManagement" name="test_get_users_list" time="0.057" /><testcase classname="backend.tests.test_settings_materials_vendors_users.TestUserManagement" name="test_get_users_permission_denied" time="0.056" /><testcase classname="backend.tests.test_settings_materials_vendors_users.TestUserManagement" name="test_update_user" time="0.092" /><testcase classname="backend.tests.test_settings_materials_vendors_users.TestUserManagement" name="test_update_user_role" time="0.081" /><testcase classname="backend.tests.test_settings_materials_vendors_users.TestUserManagement" name="test_delete_user" time="0.081" /><testcase classname="backend.tests.test_settings_materials_vendors_users.TestUserManagement" name="test_cannot_delete_self" time="0.108" /><testcase classname="backend.tests.test_settings_materials_vendors_users.TestSettingsSummary" name="test_get_settings_summary" time="0.042" /><testcase classname="backend.tests.test_settings_materials_vendors_users.TestSettingsSummary" name="test_settings_summary_permission_denied" time="0.044" /><testcase classname="backend.tests.test_settings_materials_vendors_users.TestRoles" name="test_get_all_roles" time="0.087" /></testsuite></testsuites>