<?xml version="1.0" encoding="utf-8"?><testsuites name="pytest tests"><testsuite name="pytest" errors="0" failures="0" skipped="1" tests="19" time="4.235" timestamp="2026-02-22T04:50:35.673800+00:00" hostname="agent-env-dc1a6a27-b74c-45af-90c3-29f4a06d61fd"><testcase classname="backend.tests.test_crm_module.TestCRMPreSales" name="test_presales_dashboard" time="0.473" /><testcase classname="backend.tests.test_crm_module.TestCRMPreSales" name="test_presales_stages" time="0.212" /><testcase classname="backend.tests.test_crm_module.TestCRMPreSales" name="test_presales_leads_list" time="0.201" /><testcase classname="backend.tests.test_crm_module.TestCRMPreSales" name="test_create_presales_lead" time="0.227" /><testcase classname="backend.tests.test_crm_module.TestCRMSales" name="test_sales_dashboard" time="0.192" /><testcase classname="backend.tests.test_crm_module.TestCRMSales" name="test_sales_stages" time="0.168" /><testcase classname="backend.tests.test_crm_module.TestCRMSales" name="test_sales_leads_list" time="0.226" /><testcase classname="backend.tests.test_crm_module.TestLeadStageTransitions" name="test_move_lead_to_different_stage" time="0.335" /><testcase classname="backend.tests.test_crm_module.TestREProjects" name="test_re_projects_list" time="0.160" /><testcase classname="backend.tests.test_crm_module.TestREProjects" name="test_re_planning_dashboard" time="0.164" /><testcase classname="backend.tests.test_crm_module.TestREProjects" name="test_update_re_project" time="0.181"><skipped type="pytest.skip" message="No editable RE project found">/app/backend/tests/test_crm_module.py:305: No editable RE project found</skipped></testcase><testcase classname="backend.tests.test_crm_module.TestREApproval" name="test_admin_can_view_re_projects" time="0.195" /><testcase classname="backend.tests.test_crm_module.TestCustomFields" name="test_list_custom_fields" time="0.204" /><testcase classname="backend.tests.test_crm_module.TestCustomFields" name="test_create_custom_field" time="0.193" /><testcase classname="backend.tests.test_crm_module.TestCustomFields" name="test_create_dropdown_field" time="0.215" /><testcase classname="backend.tests.test_crm_module.TestCSVImport" name="test_import_template" time="0.165" /><testcase classname="backend.tests.test_crm_module.TestCSVImport" name="test_csv_import" time="0.168" /><testcase classname="backend.tests.test_crm_module.TestCRMStageManagement" name="test_create_presales_stage" time="0.168" /><testcase classname="backend.tests.test_crm_module.TestEndToEndCRMWorkflow" name="test_full_workflow_presales_to_sales" time="0.291" /></testsuite></testsuites>