<?xml version="1.0" encoding="utf-8"?><testsuites name="pytest tests"><testsuite name="pytest" errors="0" failures="0" skipped="0" tests="17" time="23.262" timestamp="2026-03-09T02:50:53.080121+00:00" hostname="agent-env-e50e452c-ca2e-4a99-bfec-ac27fee8dc16"><testcase classname="backend.tests.test_accounts_board.TestAccountantAuth" name="test_accountant_login_success" time="1.107" /><testcase classname="backend.tests.test_accounts_board.TestDashboardTab" name="test_cashbook_overview_for_dashboard" time="3.220" /><testcase classname="backend.tests.test_accounts_board.TestCashbookTab" name="test_cashbook_filtered_no_filters" time="1.998" /><testcase classname="backend.tests.test_accounts_board.TestCashbookTab" name="test_cashbook_filtered_with_date_range" time="0.767" /><testcase classname="backend.tests.test_accounts_board.TestCashbookTab" name="test_cashbook_filtered_with_project" time="1.996" /><testcase classname="backend.tests.test_accounts_board.TestCashbookTab" name="test_record_expense" time="1.247" /><testcase classname="backend.tests.test_accounts_board.TestChequeManagementTab" name="test_get_all_cheques" time="0.765" /><testcase classname="backend.tests.test_accounts_board.TestChequeManagementTab" name="test_get_cheques_with_status_filter" time="0.765" /><testcase classname="backend.tests.test_accounts_board.TestChequeManagementTab" name="test_get_cheque_reminders" time="0.766" /><testcase classname="backend.tests.test_accounts_board.TestChequeManagementTab" name="test_add_outgoing_cheque" time="1.027" /><testcase classname="backend.tests.test_accounts_board.TestChequeManagementTab" name="test_add_incoming_cheque" time="1.019" /><testcase classname="backend.tests.test_accounts_board.TestChequeManagementTab" name="test_update_cheque_status" time="1.782" /><testcase classname="backend.tests.test_accounts_board.TestSmartPaymentFeature" name="test_get_uncleared_cheques" time="0.762" /><testcase classname="backend.tests.test_accounts_board.TestSmartPaymentFeature" name="test_get_all_vendor_suspense" time="0.756" /><testcase classname="backend.tests.test_accounts_board.TestSmartPaymentFeature" name="test_get_vendor_suspense_balance" time="0.761" /><testcase classname="backend.tests.test_accounts_board.TestSmartPaymentFeature" name="test_smart_cheque_payment_with_excess" time="3.209" /><testcase classname="backend.tests.test_accounts_board.TestNavigationEndpoints" name="test_projects_endpoint_accessible" time="1.241" /></testsuite></testsuites>