<?xml version="1.0" encoding="utf-8"?><testsuites name="pytest tests"><testsuite name="pytest" errors="0" failures="1" skipped="1" tests="11" time="25.079" timestamp="2026-03-20T02:39:56.991247+00:00" hostname="agent-env-49be0417-383b-436b-9501-1047e22908eb"><testcase classname="backend.tests.test_order_detail_popup.TestOrderDetailPopupBackend" name="test_01_get_project_materials" time="3.293" /><testcase classname="backend.tests.test_order_detail_popup.TestOrderDetailPopupBackend" name="test_02_verify_order_details_structure" time="1.110" /><testcase classname="backend.tests.test_order_detail_popup.TestOrderDetailPopupBackend" name="test_03_create_test_request_for_edit" time="3.716" /><testcase classname="backend.tests.test_order_detail_popup.TestOrderDetailPopupBackend" name="test_04_edit_material_request_success" time="2.577" /><testcase classname="backend.tests.test_order_detail_popup.TestOrderDetailPopupBackend" name="test_05_edit_protected_fields_rejected" time="1.878" /><testcase classname="backend.tests.test_order_detail_popup.TestOrderDetailPopupBackend" name="test_06_edit_by_other_user_rejected" time="3.908" /><testcase classname="backend.tests.test_order_detail_popup.TestOrderDetailPopupBackend" name="test_07_find_orders_with_different_statuses" time="6.858" /><testcase classname="backend.tests.test_order_detail_popup.TestOrderDetailPopupBackend" name="test_08_cleanup_test_request" time="1.082" /><testcase classname="backend.tests.test_order_detail_popup.TestOrderDetailPopupEndpointValidation" name="test_01_edit_without_auth_rejected" time="0.130" /><testcase classname="backend.tests.test_order_detail_popup.TestOrderDetailPopupEndpointValidation" name="test_02_edit_nonexistent_request" time="0.348"><failure message="assert 429 == 200&#10; +  where 429 = &lt;Response [429]&gt;.status_code">backend/tests/test_order_detail_popup.py:309: in test_02_edit_nonexistent_request
    assert login_resp.status_code == 200
E   assert 429 == 200
E    +  where 429 = &lt;Response [429]&gt;.status_code</failure></testcase><testcase classname="backend.tests.test_order_detail_popup.TestOrderDetailPopupEndpointValidation" name="test_03_edit_with_empty_payload" time="0.101"><skipped type="pytest.skip" message="No projects available">/app/backend/tests/test_order_detail_popup.py:323: No projects available</skipped></testcase></testsuite></testsuites>