<?xml version="1.0" encoding="utf-8"?><testsuites name="pytest tests"><testsuite name="pytest" errors="4" failures="0" skipped="0" tests="12" time="32.828" timestamp="2026-03-19T04:21:18.151767+00:00" hostname="agent-env-4c7d113d-0d57-450c-a5b9-757369f1d554"><testcase classname="backend.tests.test_vendor_auto_po_flow.TestVendorSuggestion" name="test_vendor_suggestion_returns_assigned_vendor_for_cement" time="2.003" /><testcase classname="backend.tests.test_vendor_auto_po_flow.TestVendorSuggestion" name="test_vendor_suggestion_fuzzy_matches_cement_opc" time="1.799" /><testcase classname="backend.tests.test_vendor_auto_po_flow.TestVendorSuggestion" name="test_vendor_suggestion_no_match_for_unassigned_category" time="1.805" /><testcase classname="backend.tests.test_vendor_auto_po_flow.TestMaterialRequestVendorAutoAttach" name="test_material_request_auto_attaches_vendor_for_cement" time="3.774" /><testcase classname="backend.tests.test_vendor_auto_po_flow.TestMaterialRequestVendorAutoAttach" name="test_material_request_no_vendor_for_steel" time="3.674" /><testcase classname="backend.tests.test_vendor_auto_po_flow.TestPlanningApprovalAutoPO" name="test_planning_action_approve_creates_auto_po" time="9.195" /><testcase classname="backend.tests.test_vendor_auto_po_flow.TestPlanningApprovalAutoPO" name="test_site_engineer_approve_endpoint_also_creates_po" time="7.111" /><testcase classname="backend.tests.test_vendor_auto_po_flow.TestPurchaseOrdersEndpoints" name="test_get_purchase_orders_returns_list" time="0.378"><error message="failed on setup with &quot;assert 429 == 200&#10; +  where 429 = &lt;Response [429]&gt;.status_code&quot;">backend/tests/test_vendor_auto_po_flow.py:222: in setup
    assert resp.status_code == 200
E   assert 429 == 200
E    +  where 429 = &lt;Response [429]&gt;.status_code</error></testcase><testcase classname="backend.tests.test_vendor_auto_po_flow.TestPurchaseOrdersEndpoints" name="test_get_purchase_orders_filter_by_project" time="1.849" /><testcase classname="backend.tests.test_vendor_auto_po_flow.TestPurchaseOrdersEndpoints" name="test_get_purchase_orders_has_auto_generated_flag" time="0.428"><error message="failed on setup with &quot;assert 429 == 200&#10; +  where 429 = &lt;Response [429]&gt;.status_code&quot;">backend/tests/test_vendor_auto_po_flow.py:222: in setup
    assert resp.status_code == 200
E   assert 429 == 200
E    +  where 429 = &lt;Response [429]&gt;.status_code</error></testcase><testcase classname="backend.tests.test_vendor_auto_po_flow.TestPurchaseOrdersEndpoints" name="test_update_po_status_workflow" time="0.343"><error message="failed on setup with &quot;assert 429 == 200&#10; +  where 429 = &lt;Response [429]&gt;.status_code&quot;">backend/tests/test_vendor_auto_po_flow.py:222: in setup
    assert resp.status_code == 200
E   assert 429 == 200
E    +  where 429 = &lt;Response [429]&gt;.status_code</error></testcase><testcase classname="backend.tests.test_vendor_auto_po_flow.TestMaterialRequestNoAutoPoWithoutVendor" name="test_no_po_created_for_unassigned_category" time="0.346"><error message="failed on setup with &quot;assert 429 == 200&#10; +  where 429 = &lt;Response [429]&gt;.status_code&quot;">backend/tests/test_vendor_auto_po_flow.py:303: in setup
    assert resp.status_code == 200
E   assert 429 == 200
E    +  where 429 = &lt;Response [429]&gt;.status_code</error></testcase></testsuite></testsuites>