<?xml version="1.0" encoding="utf-8"?><testsuites name="pytest tests"><testsuite name="pytest" errors="0" failures="0" skipped="0" tests="20" time="39.380" timestamp="2026-04-15T08:02:08.717622+00:00" hostname="agent-env-3424cef2-2abd-46d6-a745-55245ed282e4"><testcase classname="backend.tests.test_crm_comprehensive.TestLogin" name="test_login_success" time="1.199" /><testcase classname="backend.tests.test_crm_comprehensive.TestLogin" name="test_login_invalid_credentials" time="0.589" /><testcase classname="backend.tests.test_crm_comprehensive.TestAuthEndpoints" name="test_auth_me_endpoint" time="1.541" /><testcase classname="backend.tests.test_crm_comprehensive.TestPreSalesDashboard" name="test_presales_dashboard_loads" time="1.890" /><testcase classname="backend.tests.test_crm_comprehensive.TestPreSalesDashboard" name="test_presales_leads_endpoint" time="2.386" /><testcase classname="backend.tests.test_crm_comprehensive.TestPreSalesDashboard" name="test_presales_stages_endpoint" time="0.732" /><testcase classname="backend.tests.test_crm_comprehensive.TestPreSalesDashboard" name="test_presales_leads_without_date_filter" time="1.462" /><testcase classname="backend.tests.test_crm_comprehensive.TestSalesDashboard" name="test_sales_dashboard_loads" time="2.565" /><testcase classname="backend.tests.test_crm_comprehensive.TestSalesDashboard" name="test_sales_leads_endpoint" time="0.970" /><testcase classname="backend.tests.test_crm_comprehensive.TestSalesDashboard" name="test_sales_stages_endpoint" time="0.732" /><testcase classname="backend.tests.test_crm_comprehensive.TestLeadOperations" name="test_create_presales_lead" time="1.877" /><testcase classname="backend.tests.test_crm_comprehensive.TestLeadOperations" name="test_lead_stage_update" time="3.805" /><testcase classname="backend.tests.test_crm_comprehensive.TestRNRCount" name="test_rnr_count_increment" time="4.548" /><testcase classname="backend.tests.test_crm_comprehensive.TestRNRCount" name="test_rnr_count_on_new_rnr_stage" time="3.803" /><testcase classname="backend.tests.test_crm_comprehensive.TestLeadTransfer" name="test_presales_to_sales_transfer" time="5.640" /><testcase classname="backend.tests.test_crm_comprehensive.TestDistributionSettings" name="test_distribution_settings_endpoint" time="1.196" /><testcase classname="backend.tests.test_crm_comprehensive.TestHRPortal" name="test_hr_dashboard" time="1.882" /><testcase classname="backend.tests.test_crm_comprehensive.TestHRPortal" name="test_hr_staff_list" time="0.730" /><testcase classname="backend.tests.test_crm_comprehensive.TestHRPortal" name="test_hr_terminated_staff" time="0.730" /><testcase classname="backend.tests.test_crm_comprehensive.TestHRPortal" name="test_hr_settings" time="1.014" /></testsuite></testsuites>