<?xml version="1.0" encoding="utf-8"?><testsuites name="pytest tests"><testsuite name="pytest" errors="0" failures="1" skipped="1" tests="16" time="8.675" timestamp="2026-02-21T10:56:18.653059+00:00" hostname="agent-env-e825fdfa-1992-4174-a7e6-b04e50a5301c"><testcase classname="tests.test_auth_invitation.TestDemoLogin" name="test_demo_login_super_admin" time="7.409" /><testcase classname="tests.test_auth_invitation.TestDemoLogin" name="test_demo_login_accountant" time="0.048" /><testcase classname="tests.test_auth_invitation.TestDemoLogin" name="test_demo_login_project_manager" time="0.048" /><testcase classname="tests.test_auth_invitation.TestDemoLogin" name="test_demo_login_client" time="0.065" /><testcase classname="tests.test_auth_invitation.TestDemoLogin" name="test_demo_login_invalid_user" time="0.049" /><testcase classname="tests.test_auth_invitation.TestUserInvitation" name="test_invite_user_as_super_admin" time="0.096" /><testcase classname="tests.test_auth_invitation.TestUserInvitation" name="test_invited_user_exists_in_database" time="0.098" /><testcase classname="tests.test_auth_invitation.TestUserInvitation" name="test_invite_duplicate_user_fails" time="0.134" /><testcase classname="tests.test_auth_invitation.TestUserInvitation" name="test_invite_user_non_admin_forbidden" time="0.104"><failure message="AssertionError: Expected 403 for non-admin, got 200&#10;assert 200 == 403&#10; +  where 200 = &lt;Response [200]&gt;.status_code">tests/test_auth_invitation.py:186: in test_invite_user_non_admin_forbidden
    assert response.status_code == 403, f"Expected 403 for non-admin, got {response.status_code}"
E   AssertionError: Expected 403 for non-admin, got 200
E   assert 200 == 403
E    +  where 200 = &lt;Response [200]&gt;.status_code</failure></testcase><testcase classname="tests.test_auth_invitation.TestUserInvitation" name="test_get_invitations_super_admin" time="0.048" /><testcase classname="tests.test_auth_invitation.TestGoogleAuthRejection" name="test_google_auth_session_no_session_id" time="0.043" /><testcase classname="tests.test_auth_invitation.TestGoogleAuthRejection" name="test_google_auth_session_invalid_session_id" time="0.202" /><testcase classname="tests.test_auth_invitation.TestAuthenticatedEndpoints" name="test_get_auth_me" time="0.045" /><testcase classname="tests.test_auth_invitation.TestAuthenticatedEndpoints" name="test_get_users_list" time="0.049" /><testcase classname="tests.test_auth_invitation.TestAuthenticatedEndpoints" name="test_logout" time="0.046" /><testcase classname="tests.test_auth_invitation.TestCleanup" name="test_cleanup_test_users" time="0.095"><skipped type="pytest.skip" message="Could not fetch users for cleanup">/app/backend/tests/test_auth_invitation.py:280: Could not fetch users for cleanup</skipped></testcase></testsuite></testsuites>