<?xml version="1.0" encoding="utf-8"?><testsuites name="pytest tests"><testsuite name="pytest" errors="0" failures="0" skipped="0" tests="18" time="3.982" timestamp="2026-02-20T06:45:57.028907+00:00" hostname="agent-env-f3af7f72-243c-4de1-98cb-452998c0e32f"><testcase classname="backend.tests.test_cro_board.TestCRODashboard" name="test_cro_dashboard_returns_200" time="0.243" /><testcase classname="backend.tests.test_cro_board.TestCRODashboard" name="test_cro_dashboard_has_required_metrics" time="0.174" /><testcase classname="backend.tests.test_cro_board.TestCRODashboard" name="test_cro_dashboard_has_project_stages" time="0.167" /><testcase classname="backend.tests.test_cro_board.TestCRODashboard" name="test_cro_dashboard_has_packages" time="0.202" /><testcase classname="backend.tests.test_cro_board.TestCRODashboard" name="test_cro_dashboard_has_recent_projects" time="0.203" /><testcase classname="backend.tests.test_cro_board.TestCROProjectCreation" name="test_create_project_with_all_fields" time="0.288" /><testcase classname="backend.tests.test_cro_board.TestCROProjectCreation" name="test_project_code_auto_generated" time="0.305" /><testcase classname="backend.tests.test_cro_board.TestCROProjectCreation" name="test_create_project_requires_package" time="0.231" /><testcase classname="backend.tests.test_cro_board.TestCROProjectCreation" name="test_project_value_calculated_from_sqft_and_rate" time="0.251" /><testcase classname="backend.tests.test_cro_board.TestCROSubmitProject" name="test_submit_draft_project" time="0.348" /><testcase classname="backend.tests.test_cro_board.TestCROSubmitProject" name="test_cannot_submit_non_draft_project" time="0.346" /><testcase classname="backend.tests.test_cro_board.TestCROFilteredProjectListing" name="test_get_all_projects_without_filters" time="0.157" /><testcase classname="backend.tests.test_cro_board.TestCROFilteredProjectListing" name="test_filter_projects_by_status" time="0.149" /><testcase classname="backend.tests.test_cro_board.TestCROFilteredProjectListing" name="test_filter_projects_by_stage" time="0.158" /><testcase classname="backend.tests.test_cro_board.TestCROFilteredProjectListing" name="test_filter_projects_by_date_range" time="0.180" /><testcase classname="backend.tests.test_cro_board.TestCROFilteredProjectListing" name="test_filter_projects_by_multiple_statuses" time="0.154" /><testcase classname="backend.tests.test_cro_board.TestCROAccessControl" name="test_non_cro_cannot_access_dashboard" time="0.147" /><testcase classname="backend.tests.test_cro_board.TestCROAccessControl" name="test_super_admin_can_access_cro_dashboard" time="0.194" /></testsuite></testsuites>