<?xml version="1.0" encoding="utf-8"?><testsuites name="pytest tests"><testsuite name="pytest" errors="0" failures="0" skipped="0" tests="19" time="2.974" timestamp="2026-02-22T07:29:37.487367+00:00" hostname="agent-env-67c01057-728c-41a0-ba11-29bbb96999b5"><testcase classname="backend.tests.test_cre_workflow.TestCREWorkflow" name="test_cre_login_success" time="0.207" /><testcase classname="backend.tests.test_cre_workflow.TestCREWorkflow" name="test_cre_auth_me_returns_cre_role" time="0.168" /><testcase classname="backend.tests.test_cre_workflow.TestCREWorkflow" name="test_cre_dashboard_endpoint" time="0.161" /><testcase classname="backend.tests.test_cre_workflow.TestCREWorkflow" name="test_cre_dashboard_permission_denied_for_non_cre" time="0.168" /><testcase classname="backend.tests.test_cre_workflow.TestCREWorkflow" name="test_cre_new_deals_endpoint" time="0.157" /><testcase classname="backend.tests.test_cre_workflow.TestCREWorkflow" name="test_cre_new_deals_denied_for_non_cre" time="0.153" /><testcase classname="backend.tests.test_cre_workflow.TestCREWorkflow" name="test_convert_deal_requires_accountant_confirmation" time="0.147" /><testcase classname="backend.tests.test_cre_workflow.TestCREWorkflow" name="test_convert_deal_invalid_lead_returns_404" time="0.150" /><testcase classname="backend.tests.test_cre_workflow.TestCREWorkflow" name="test_cre_payment_requests_endpoint" time="0.182" /><testcase classname="backend.tests.test_cre_workflow.TestCREWorkflow" name="test_cre_projects_all_endpoint" time="0.164" /><testcase classname="backend.tests.test_cre_workflow.TestGMDashboard" name="test_gm_login_success" time="0.102" /><testcase classname="backend.tests.test_cre_workflow.TestGMDashboard" name="test_gm_projects_endpoint" time="0.210" /><testcase classname="backend.tests.test_cre_workflow.TestGMDashboard" name="test_gm_re_projects_endpoint" time="0.152" /><testcase classname="backend.tests.test_cre_workflow.TestGMDashboard" name="test_gm_approval_endpoint_exists" time="0.178" /><testcase classname="backend.tests.test_cre_workflow.TestSalesUserWorkflow" name="test_sales_login_success" time="0.103" /><testcase classname="backend.tests.test_cre_workflow.TestSalesUserWorkflow" name="test_sales_leads_endpoint" time="0.163" /><testcase classname="backend.tests.test_cre_workflow.TestPreSalesUserWorkflow" name="test_presales_login_success" time="0.101" /><testcase classname="backend.tests.test_cre_workflow.TestSidebarNavigation" name="test_cre_user_role_check" time="0.117" /><testcase classname="backend.tests.test_cre_workflow.TestSidebarNavigation" name="test_super_admin_role_check" time="0.110" /></testsuite></testsuites>