<?xml version="1.0" encoding="utf-8"?><testsuites name="pytest tests"><testsuite name="pytest" errors="0" failures="0" skipped="1" tests="13" time="17.138" timestamp="2026-03-14T13:22:03.835616+00:00" hostname="agent-env-ec490691-95b7-4ab3-8552-9ba7a9e8e2e3"><testcase classname="backend.tests.test_planning_board.TestPlanningBoardAPIs" name="test_get_materials_all" time="1.704" /><testcase classname="backend.tests.test_planning_board.TestPlanningBoardAPIs" name="test_get_materials_active_only" time="0.776" /><testcase classname="backend.tests.test_planning_board.TestPlanningBoardAPIs" name="test_create_material" time="1.258" /><testcase classname="backend.tests.test_planning_board.TestPlanningBoardAPIs" name="test_get_material_categories" time="0.547" /><testcase classname="backend.tests.test_planning_board.TestPlanningBoardAPIs" name="test_get_labour_contractors" time="0.773" /><testcase classname="backend.tests.test_planning_board.TestPlanningBoardAPIs" name="test_create_labour_contractor" time="0.776" /><testcase classname="backend.tests.test_planning_board.TestPlanningBoardAPIs" name="test_get_vendor_master_all" time="0.774" /><testcase classname="backend.tests.test_planning_board.TestPlanningBoardAPIs" name="test_get_vendor_master_active" time="0.773" /><testcase classname="backend.tests.test_planning_board.TestPlanningBoardAPIs" name="test_create_vendor_master_planning_role" time="0.530"><skipped type="pytest.skip" message="Vendor creation is Procurement-only, Planning role gets 403">/app/backend/tests/test_planning_board.py:145: Vendor creation is Procurement-only, Planning role gets 403</skipped></testcase><testcase classname="backend.tests.test_planning_board.TestPlanningBoardAPIs" name="test_planning_stage_dashboard" time="3.912" /><testcase classname="backend.tests.test_planning_board.TestPlanningBoardAPIs" name="test_planning_projects_by_stage" time="0.775" /><testcase classname="backend.tests.test_planning_board.TestCleanup" name="test_cleanup_test_materials" time="2.912" /><testcase classname="backend.tests.test_planning_board.TestCleanup" name="test_cleanup_test_contractors" time="1.562" /></testsuite></testsuites>