<?xml version="1.0" encoding="utf-8"?><testsuites name="pytest tests"><testsuite name="pytest" errors="0" failures="0" skipped="0" tests="16" time="1.690" timestamp="2026-02-13T05:12:25.330913+00:00" hostname="agent-env-8bac01b8-1d70-4f8d-9513-c74f5376c58b"><testcase classname="backend.tests.test_procurement_module.TestProcurementAuth" name="test_procurement_demo_login" time="0.116" /><testcase classname="backend.tests.test_procurement_module.TestProcurementDashboard" name="test_dashboard_returns_metrics" time="0.061" /><testcase classname="backend.tests.test_procurement_module.TestProcurementDashboard" name="test_dashboard_access_denied_for_non_procurement" time="0.088" /><testcase classname="backend.tests.test_procurement_module.TestProcurementRequests" name="test_get_pending_requests" time="0.054" /><testcase classname="backend.tests.test_procurement_module.TestProcurementRequests" name="test_get_pricing_in_progress_requests" time="0.051" /><testcase classname="backend.tests.test_procurement_module.TestProcurementRequests" name="test_get_waiting_accounts_requests" time="0.052" /><testcase classname="backend.tests.test_procurement_module.TestProcurementRequests" name="test_get_approved_requests" time="0.064" /><testcase classname="backend.tests.test_procurement_module.TestProcurementRequests" name="test_get_delivered_requests" time="0.058" /><testcase classname="backend.tests.test_procurement_module.TestVendorMaster" name="test_get_vendor_list" time="0.060" /><testcase classname="backend.tests.test_procurement_module.TestVendorMaster" name="test_add_vendor_via_procurement" time="0.065" /><testcase classname="backend.tests.test_procurement_module.TestFullProcurementWorkflow" name="test_full_procurement_flow" time="0.651" /><testcase classname="backend.tests.test_procurement_module.TestProcurementPricingOperations" name="test_start_pricing_invalid_request" time="0.061" /><testcase classname="backend.tests.test_procurement_module.TestProcurementPricingOperations" name="test_get_pricing_details_invalid_id" time="0.053" /><testcase classname="backend.tests.test_procurement_module.TestProcurementPricingOperations" name="test_submit_without_vendor_selection" time="0.037" /><testcase classname="backend.tests.test_procurement_module.TestProcurementDashboardMetricsUpdate" name="test_dashboard_metrics_after_workflow" time="0.066" /><testcase classname="backend.tests.test_procurement_module.TestProcurementLogs" name="test_get_logs_invalid_pricing" time="0.050" /></testsuite></testsuites>