<?xml version="1.0" encoding="utf-8"?><testsuites name="pytest tests"><testsuite name="pytest" errors="0" failures="0" skipped="1" tests="16" time="33.575" timestamp="2026-05-06T05:34:08.347833+00:00" hostname="agent-env-3424cef2-2abd-46d6-a745-55245ed282e4"><testcase classname="backend.tests.test_contractor_dialog_overhaul.TestLabourContractorsList" name="test_list_returns_array" time="16.708" /><testcase classname="backend.tests.test_contractor_dialog_overhaul.TestLabourContractorsList" name="test_unauthenticated_blocked" time="0.207" /><testcase classname="backend.tests.test_contractor_dialog_overhaul.TestCreateContractor" name="test_create_persists_new_fields" time="1.524" /><testcase classname="backend.tests.test_contractor_dialog_overhaul.TestCreateContractor" name="test_create_without_name_returns_400" time="0.522" /><testcase classname="backend.tests.test_contractor_dialog_overhaul.TestCreateContractor" name="test_create_empty_name_string_returns_400" time="0.517" /><testcase classname="backend.tests.test_contractor_dialog_overhaul.TestPatchContractor" name="test_partial_patch_is_locked_only" time="1.499" /><testcase classname="backend.tests.test_contractor_dialog_overhaul.TestPatchContractor" name="test_partial_patch_single_rate" time="1.499" /><testcase classname="backend.tests.test_contractor_dialog_overhaul.TestPatchContractor" name="test_patch_empty_name_rejected" time="0.513" /><testcase classname="backend.tests.test_contractor_dialog_overhaul.TestPatchContractor" name="test_patch_unlocks" time="0.749" /><testcase classname="backend.tests.test_contractor_dialog_overhaul.TestPatchContractor" name="test_patch_nonexistent_returns_404" time="0.752" /><testcase classname="backend.tests.test_contractor_dialog_overhaul.TestPaymentSummary" name="test_summary_empty_contractor" time="0.978" /><testcase classname="backend.tests.test_contractor_dialog_overhaul.TestPaymentSummary" name="test_summary_aggregates_with_injected_wo" time="0.062"><skipped type="pytest.skip" message="MONGO_URL not set">/app/backend/tests/test_contractor_dialog_overhaul.py:238: MONGO_URL not set</skipped></testcase><testcase classname="backend.tests.test_contractor_dialog_overhaul.TestPaymentSummary" name="test_summary_404_for_unknown_contractor" time="0.757" /><testcase classname="backend.tests.test_contractor_dialog_overhaul.TestContractorTypesView" name="test_list_by_type_empty" time="2.004" /><testcase classname="backend.tests.test_contractor_dialog_overhaul.TestContractorTypesView" name="test_list_by_type_with_matching_contractor" time="2.470" /><testcase classname="backend.tests.test_contractor_dialog_overhaul.TestContractorTypesView" name="test_list_by_type_404_unknown" time="2.728" /></testsuite></testsuites>