<?xml version="1.0" encoding="utf-8"?><testsuites name="pytest tests"><testsuite name="pytest" errors="0" failures="0" skipped="0" tests="9" time="20.667" timestamp="2026-03-07T11:36:55.455070+00:00" hostname="agent-env-a47d86ab-482c-4bae-a627-6b06096a52b6"><testcase classname="backend.tests.test_sheets_export_autosync.TestSheetsConfig" name="test_sheets_config_returns_has_credentials" time="4.114" /><testcase classname="backend.tests.test_sheets_export_autosync.TestAutoSyncConfig" name="test_set_auto_sync_config" time="0.744" /><testcase classname="backend.tests.test_sheets_export_autosync.TestAutoSyncConfig" name="test_get_auto_sync_config" time="0.736" /><testcase classname="backend.tests.test_sheets_export_autosync.TestAutoSyncConfig" name="test_disable_auto_sync_config" time="1.475" /><testcase classname="backend.tests.test_sheets_export_autosync.TestSheetsExport" name="test_export_returns_401_when_not_connected" time="0.736" /><testcase classname="backend.tests.test_sheets_export_autosync.TestCrmLeadCreate" name="test_super_admin_can_create_lead" time="1.900" /><testcase classname="backend.tests.test_sheets_export_autosync.TestCrmLeadCreate" name="test_create_sales_lead" time="3.778" /><testcase classname="backend.tests.test_sheets_export_autosync.TestMarketingDashboard" name="test_marketing_dashboard_returns_data" time="3.276" /><testcase classname="backend.tests.test_sheets_export_autosync.TestCleanup" name="test_cleanup_test_leads" time="3.844" /></testsuite></testsuites>