<?xml version="1.0" encoding="utf-8"?><testsuites name="pytest tests"><testsuite name="pytest" errors="0" failures="0" skipped="0" tests="18" time="30.928" timestamp="2026-04-15T14:44:11.022073+00:00" hostname="agent-env-3424cef2-2abd-46d6-a745-55245ed282e4"><testcase classname="backend.tests.test_lead_visibility_fix.TestLeadVisibilityFix" name="test_01_admin_login" time="1.224" /><testcase classname="backend.tests.test_lead_visibility_fix.TestLeadVisibilityFix" name="test_02_get_sales_and_presales_users" time="0.757" /><testcase classname="backend.tests.test_lead_visibility_fix.TestLeadVisibilityFix" name="test_03_admin_sees_all_sales_leads" time="1.229" /><testcase classname="backend.tests.test_lead_visibility_fix.TestLeadVisibilityFix" name="test_04_admin_sees_all_presales_leads" time="2.210" /><testcase classname="backend.tests.test_lead_visibility_fix.TestLeadVisibilityFix" name="test_05_create_test_sales_leads_for_specific_users" time="3.369" /><testcase classname="backend.tests.test_lead_visibility_fix.TestLeadVisibilityFix" name="test_06_sales_dashboard_filtered_by_user" time="2.623" /><testcase classname="backend.tests.test_lead_visibility_fix.TestLeadVisibilityFix" name="test_07_presales_dashboard_filtered_by_user" time="1.916" /><testcase classname="backend.tests.test_lead_visibility_fix.TestLeadVisibilityFix" name="test_08_fix_unassigned_endpoint_handles_both_types" time="0.985" /><testcase classname="backend.tests.test_lead_visibility_fix.TestLeadVisibilityFix" name="test_09_marketing_dashboard_shows_team_stats" time="4.934" /><testcase classname="backend.tests.test_lead_visibility_fix.TestLeadVisibilityFix" name="test_10_search_respects_user_filter" time="0.985" /><testcase classname="backend.tests.test_lead_visibility_fix.TestLeadVisibilityFix" name="test_11_verify_round_robin_on_new_sales_lead" time="2.613" /><testcase classname="backend.tests.test_lead_visibility_fix.TestLeadVisibilityFix" name="test_12_verify_distribution_settings" time="1.212" /><testcase classname="backend.tests.test_lead_visibility_fix.TestLeadVisibilityFix" name="test_13_verify_leads_have_assigned_to" time="0.985" /><testcase classname="backend.tests.test_lead_visibility_fix.TestLeadVisibilityFix" name="test_14_verify_presales_leads_have_assigned_to" time="1.485" /><testcase classname="backend.tests.test_lead_visibility_fix.TestLeadVisibilityWithUserLogin" name="test_01_admin_login" time="1.087" /><testcase classname="backend.tests.test_lead_visibility_fix.TestLeadVisibilityWithUserLogin" name="test_02_get_sales_user_emails" time="0.747" /><testcase classname="backend.tests.test_lead_visibility_fix.TestLeadVisibilityWithUserLogin" name="test_03_verify_sales_leads_api_structure" time="0.993" /><testcase classname="backend.tests.test_lead_visibility_fix.TestLeadVisibilityWithUserLogin" name="test_04_verify_presales_leads_api_structure" time="1.496" /></testsuite></testsuites>