<?xml version="1.0" encoding="utf-8"?><testsuites name="pytest tests"><testsuite name="pytest" errors="0" failures="0" skipped="0" tests="6" time="18.573" timestamp="2026-03-17T17:37:29.185624+00:00" hostname="agent-env-c8747b18-b35a-4ba3-879b-cc99875ad68b"><testcase classname="backend.tests.test_indirect_cost_percent.TestIndirectCostPercentage" name="test_get_company_settings_returns_indirect_cost_percent" time="1.695" /><testcase classname="backend.tests.test_indirect_cost_percent.TestIndirectCostPercentage" name="test_update_indirect_cost_percent_as_super_admin" time="5.590" /><testcase classname="backend.tests.test_indirect_cost_percent.TestIndirectCostPercentage" name="test_accountant_cannot_update_indirect_cost_percent" time="1.427" /><testcase classname="backend.tests.test_indirect_cost_percent.TestIndirectCostPercentage" name="test_project_budget_overview_returns_dynamic_percentages" time="2.106" /><testcase classname="backend.tests.test_indirect_cost_percent.TestIndirectCostPercentage" name="test_update_percent_reflects_in_budget_overview" time="6.035" /><testcase classname="backend.tests.test_indirect_cost_percent.TestIndirectCostPercentage" name="test_accountant_can_read_company_settings" time="1.642" /></testsuite></testsuites>