<?xml version="1.0" encoding="utf-8"?><testsuites name="pytest tests"><testsuite name="pytest" errors="0" failures="1" skipped="0" tests="19" time="26.609" timestamp="2026-03-09T04:51:04.776465+00:00" hostname="agent-env-961823d8-057d-46db-b50e-3aaaf40de40e"><testcase classname="backend.tests.test_e2e_vinoth_lifecycle.TestLoginAllRoles" name="test_login_role[admin-admin@constructionos.com]" time="1.115" /><testcase classname="backend.tests.test_e2e_vinoth_lifecycle.TestLoginAllRoles" name="test_login_role[accountant-accountant@constructionos.com]" time="1.051" /><testcase classname="backend.tests.test_e2e_vinoth_lifecycle.TestLoginAllRoles" name="test_login_role[engineer-engineer@constructionos.com]" time="1.056" /><testcase classname="backend.tests.test_e2e_vinoth_lifecycle.TestLoginAllRoles" name="test_login_role[cre-cre@constructionos.com]" time="1.083" /><testcase classname="backend.tests.test_e2e_vinoth_lifecycle.TestLoginAllRoles" name="test_login_role[planning-planning@constructionos.com]" time="1.045" /><testcase classname="backend.tests.test_e2e_vinoth_lifecycle.TestLoginAllRoles" name="test_login_role[procurement-procurement@constructionos.com]" time="0.359"><failure message="AssertionError: Login failed for procurement: 429&#10;assert 429 == 200&#10; +  where 429 = &lt;Response [429]&gt;.status_code">backend/tests/test_e2e_vinoth_lifecycle.py:83: in test_login_role
    assert response.status_code == 200, f"Login failed for {role}: {response.status_code}"
E   AssertionError: Login failed for procurement: 429
E   assert 429 == 200
E    +  where 429 = &lt;Response [429]&gt;.status_code</failure></testcase><testcase classname="backend.tests.test_e2e_vinoth_lifecycle.TestAccountantCashbook" name="test_cashbook_filtered_api" time="1.815" /><testcase classname="backend.tests.test_e2e_vinoth_lifecycle.TestAccountantCashbook" name="test_income_entries" time="0.760" /><testcase classname="backend.tests.test_e2e_vinoth_lifecycle.TestAccountantChequeManagement" name="test_cheques_api" time="0.759" /><testcase classname="backend.tests.test_e2e_vinoth_lifecycle.TestAccountantPettyCashManagement" name="test_petty_cash_management_api" time="0.754" /><testcase classname="backend.tests.test_e2e_vinoth_lifecycle.TestAccountantPettyCashManagement" name="test_se_mini_cashbook_drilldown" time="1.742" /><testcase classname="backend.tests.test_e2e_vinoth_lifecycle.TestSiteEngineerMiniCashbook" name="test_mini_cashbook_api" time="2.529" /><testcase classname="backend.tests.test_e2e_vinoth_lifecycle.TestSiteEngineerMiniCashbook" name="test_mini_cashbook_has_cashbooks" time="1.463" /><testcase classname="backend.tests.test_e2e_vinoth_lifecycle.TestSiteEngineerWorkOrders" name="test_work_orders_api" time="0.769" /><testcase classname="backend.tests.test_e2e_vinoth_lifecycle.TestMaterialRequests" name="test_material_requests_api" time="1.230" /><testcase classname="backend.tests.test_e2e_vinoth_lifecycle.TestProjectStatus" name="test_project_approved_status" time="0.759" /><testcase classname="backend.tests.test_e2e_vinoth_lifecycle.TestProjectStatus" name="test_projects_list_contains_vinoth" time="1.220" /><testcase classname="backend.tests.test_e2e_vinoth_lifecycle.TestCREDashboard" name="test_cre_new_deals_empty" time="2.283" /><testcase classname="backend.tests.test_e2e_vinoth_lifecycle.TestCREDashboard" name="test_cre_dashboard" time="4.740" /></testsuite></testsuites>