<?xml version="1.0" encoding="utf-8"?><testsuites name="pytest tests"><testsuite name="pytest" errors="0" failures="0" skipped="2" tests="11" time="16.028" timestamp="2026-04-07T18:44:40.437575+00:00" hostname="agent-env-3424cef2-2abd-46d6-a745-55245ed282e4"><testcase classname="backend.tests.test_procurement_approval_feature.TestProcurementApprovalFeature" name="test_dashboard_includes_pending_approval_count" time="3.535" /><testcase classname="backend.tests.test_procurement_approval_feature.TestProcurementApprovalFeature" name="test_get_pending_approval_requests" time="0.756" /><testcase classname="backend.tests.test_procurement_approval_feature.TestProcurementApprovalFeature" name="test_get_pending_requests_for_vendor_selection" time="1.913" /><testcase classname="backend.tests.test_procurement_approval_feature.TestProcurementApprovalFeature" name="test_procurement_approve_request" time="0.753"><skipped type="pytest.skip" message="No planning_approved requests available to test approval">/app/backend/tests/test_procurement_approval_feature.py:106: No planning_approved requests available to test approval</skipped></testcase><testcase classname="backend.tests.test_procurement_approval_feature.TestProcurementApprovalFeature" name="test_procurement_reject_request" time="0.750"><skipped type="pytest.skip" message="No planning_approved requests available to test rejection">/app/backend/tests/test_procurement_approval_feature.py:140: No planning_approved requests available to test rejection</skipped></testcase><testcase classname="backend.tests.test_procurement_approval_feature.TestProcurementApprovalFeature" name="test_vendor_selection_requires_procurement_approved" time="1.914" /><testcase classname="backend.tests.test_procurement_approval_feature.TestProcurementApprovalFeature" name="test_dashboard_counts_update_after_approval" time="2.604" /><testcase classname="backend.tests.test_procurement_approval_feature.TestProcurementBoardRegression" name="test_vendor_master_endpoint" time="0.750" /><testcase classname="backend.tests.test_procurement_approval_feature.TestProcurementBoardRegression" name="test_transit_orders_endpoint" time="1.450" /><testcase classname="backend.tests.test_procurement_approval_feature.TestProcurementBoardRegression" name="test_credit_ledger_endpoint" time="0.755" /><testcase classname="backend.tests.test_procurement_approval_feature.TestProcurementBoardRegression" name="test_purchase_orders_endpoint" time="0.773" /></testsuite></testsuites>