<?xml version="1.0" encoding="utf-8"?><testsuites name="pytest tests"><testsuite name="pytest" errors="0" failures="0" skipped="0" tests="11" time="19.603" timestamp="2026-04-06T17:04:44.618070+00:00" hostname="agent-env-3424cef2-2abd-46d6-a745-55245ed282e4"><testcase classname="backend.tests.test_planning_subtabs.TestPlanningSubtabs" name="test_get_projects_filtered_new" time="1.694" /><testcase classname="backend.tests.test_planning_subtabs.TestPlanningSubtabs" name="test_get_projects_filtered_active" time="0.776" /><testcase classname="backend.tests.test_planning_subtabs.TestPlanningSubtabs" name="test_get_projects_filtered_delivered" time="0.773" /><testcase classname="backend.tests.test_planning_subtabs.TestPlanningSubtabs" name="test_update_planning_status_to_active" time="3.594" /><testcase classname="backend.tests.test_planning_subtabs.TestPlanningSubtabs" name="test_update_planning_status_to_delivered" time="3.583" /><testcase classname="backend.tests.test_planning_subtabs.TestPlanningSubtabs" name="test_date_filter_by_year" time="0.770" /><testcase classname="backend.tests.test_planning_subtabs.TestPlanningSubtabs" name="test_date_filter_by_month_year" time="0.763" /><testcase classname="backend.tests.test_planning_subtabs.TestPlanningSubtabs" name="test_date_filter_by_date_range" time="0.772" /><testcase classname="backend.tests.test_planning_subtabs.TestPlanningSubtabs" name="test_invalid_planning_status" time="0.529" /><testcase classname="backend.tests.test_planning_subtabs.TestPlanningSubtabs" name="test_unauthorized_access" time="0.174" /><testcase classname="backend.tests.test_planning_subtabs.TestPlanningStatusWorkflow" name="test_full_lifecycle_workflow" time="6.105" /></testsuite></testsuites>