<?xml version="1.0" encoding="utf-8"?><testsuites name="pytest tests"><testsuite name="pytest" errors="0" failures="0" skipped="0" tests="14" time="19.250" timestamp="2026-03-14T15:01:29.589406+00:00" hostname="agent-env-5a33c0b4-0cf0-4c04-b379-2d0e25192099"><testcase classname="tests.test_project_team_materials_labours.TestProjectTeamEndpoint" name="test_get_team_returns_structure" time="2.647" /><testcase classname="tests.test_project_team_materials_labours.TestProjectTeamEndpoint" name="test_pm_can_access_team" time="2.592" /><testcase classname="tests.test_project_team_materials_labours.TestMaterialsSummaryEndpoint" name="test_admin_sees_cost" time="0.790" /><testcase classname="tests.test_project_team_materials_labours.TestMaterialsSummaryEndpoint" name="test_pm_cost_hidden" time="0.770" /><testcase classname="tests.test_project_team_materials_labours.TestLaboursSummaryEndpoint" name="test_admin_sees_cost" time="0.782" /><testcase classname="tests.test_project_team_materials_labours.TestLaboursSummaryEndpoint" name="test_pm_cost_hidden" time="0.773" /><testcase classname="tests.test_project_team_materials_labours.TestPMCreateSiteEngineer" name="test_create_site_engineer" time="1.030" /><testcase classname="tests.test_project_team_materials_labours.TestPMCreateSiteEngineer" name="test_create_sr_site_engineer" time="0.774" /><testcase classname="tests.test_project_team_materials_labours.TestPMCreateSiteEngineer" name="test_invalid_role_rejected" time="0.546" /><testcase classname="tests.test_project_team_materials_labours.TestPMAssignTeam" name="test_assign_team_member" time="4.672" /><testcase classname="tests.test_project_team_materials_labours.TestPMAssignTeam" name="test_pm_can_get_team_members" time="3.433" /><testcase classname="tests.test_project_team_materials_labours.TestEndpointAuthentication" name="test_team_requires_auth" time="0.128" /><testcase classname="tests.test_project_team_materials_labours.TestEndpointAuthentication" name="test_materials_requires_auth" time="0.142" /><testcase classname="tests.test_project_team_materials_labours.TestEndpointAuthentication" name="test_labours_requires_auth" time="0.114" /></testsuite></testsuites>