<?xml version="1.0" encoding="utf-8"?><testsuites name="pytest tests"><testsuite name="pytest" errors="0" failures="0" skipped="0" tests="11" time="26.757" timestamp="2026-03-20T01:42:23.437183+00:00" hostname="agent-env-4c7d113d-0d57-450c-a5b9-757369f1d554"><testcase classname="backend.tests.test_accountant_approval_flow.TestMaterialFlowWithAutoPO" name="test_01_se_creates_material_request" time="4.086" /><testcase classname="backend.tests.test_accountant_approval_flow.TestMaterialFlowWithAutoPO" name="test_02_planning_approves_with_auto_po" time="3.577" /><testcase classname="backend.tests.test_accountant_approval_flow.TestMaterialFlowWithAutoPO" name="test_03_accountant_sees_pending_material_request" time="3.357" /><testcase classname="backend.tests.test_accountant_approval_flow.TestMaterialFlowWithAutoPO" name="test_04_accountant_approves_material" time="1.516" /><testcase classname="backend.tests.test_accountant_approval_flow.TestLabourFlow" name="test_01_se_creates_labour_request" time="2.015" /><testcase classname="backend.tests.test_accountant_approval_flow.TestLabourFlow" name="test_02_planning_approves_labour" time="1.776" /><testcase classname="backend.tests.test_accountant_approval_flow.TestLabourFlow" name="test_03_accountant_sees_pending_labour_request" time="1.286" /><testcase classname="backend.tests.test_accountant_approval_flow.TestLabourFlow" name="test_04_accountant_approves_labour" time="0.784" /><testcase classname="backend.tests.test_accountant_approval_flow.TestAccountantEndpointBackwardsCompatibility" name="test_material_endpoint_includes_procurement_approved" time="2.252" /><testcase classname="backend.tests.test_accountant_approval_flow.TestAccountantEndpointBackwardsCompatibility" name="test_labour_endpoint_includes_planning_approved" time="1.275" /><testcase classname="backend.tests.test_accountant_approval_flow.TestMaterialWithoutVendor" name="test_material_without_vendor_stays_planning_approved" time="4.764" /></testsuite></testsuites>