<?xml version="1.0" encoding="utf-8"?><testsuites name="pytest tests"><testsuite name="pytest" errors="0" failures="0" skipped="0" tests="10" time="28.437" timestamp="2026-03-14T14:05:14.526509+00:00" hostname="agent-env-5a33c0b4-0cf0-4c04-b379-2d0e25192099"><testcase classname="backend.tests.test_gantt_chart.TestGanttChartProjectStages" name="test_get_project_stages_returns_start_and_target_date" time="2.176" /><testcase classname="backend.tests.test_gantt_chart.TestGanttChartProjectStages" name="test_project_stages_have_valid_status_values" time="1.889" /><testcase classname="backend.tests.test_gantt_chart.TestGanttChartProjectStages" name="test_create_stage_with_start_date" time="3.149" /><testcase classname="backend.tests.test_gantt_chart.TestGanttChartProjectStages" name="test_update_stage_start_date" time="4.678" /><testcase classname="backend.tests.test_gantt_chart.TestGanttChartProjectStages" name="test_bulk_create_stages_with_dates" time="3.909" /><testcase classname="backend.tests.test_gantt_chart.TestProjectManagerRoleHiddenCards" name="test_pm_can_access_project_stages" time="1.880" /><testcase classname="backend.tests.test_gantt_chart.TestProjectManagerRoleHiddenCards" name="test_pm_can_view_project_details" time="3.051" /><testcase classname="backend.tests.test_gantt_chart.TestProjectManagerRoleHiddenCards" name="test_pm_can_update_stage_status" time="3.889" /><testcase classname="backend.tests.test_gantt_chart.TestVillaMuruganProjectStages" name="test_murugan_project_has_expected_stages" time="1.880" /><testcase classname="backend.tests.test_gantt_chart.TestVillaMuruganProjectStages" name="test_murugan_stages_status_distribution" time="1.864" /></testsuite></testsuites>