<?xml version="1.0" encoding="utf-8"?><testsuites name="pytest tests"><testsuite name="pytest" errors="0" failures="0" skipped="0" tests="17" time="5.323" timestamp="2026-02-19T15:14:48.229267+00:00" hostname="agent-env-8bac01b8-1d70-4f8d-9513-c74f5376c58b"><testcase classname="backend.tests.test_new_roles_packages.TestDemoUsers" name="test_cro_user_login" time="0.373" /><testcase classname="backend.tests.test_new_roles_packages.TestDemoUsers" name="test_gm_user_login" time="0.136" /><testcase classname="backend.tests.test_new_roles_packages.TestPackageManagement" name="test_get_packages" time="0.219" /><testcase classname="backend.tests.test_new_roles_packages.TestPackageManagement" name="test_create_package" time="0.204" /><testcase classname="backend.tests.test_new_roles_packages.TestPackageManagement" name="test_get_single_package" time="0.307" /><testcase classname="backend.tests.test_new_roles_packages.TestCROBoard" name="test_cro_dashboard" time="0.274" /><testcase classname="backend.tests.test_new_roles_packages.TestCROBoard" name="test_cro_create_project" time="0.546" /><testcase classname="backend.tests.test_new_roles_packages.TestCROBoard" name="test_cro_dashboard_permission_denied" time="0.219" /><testcase classname="backend.tests.test_new_roles_packages.TestPlanningBoard" name="test_planning_dashboard" time="0.194" /><testcase classname="backend.tests.test_new_roles_packages.TestPlanningBoard" name="test_planning_projects" time="0.192" /><testcase classname="backend.tests.test_new_roles_packages.TestPlanningBoard" name="test_planning_dashboard_permission_denied" time="0.209" /><testcase classname="backend.tests.test_new_roles_packages.TestAccountsBoard" name="test_accounts_dashboard" time="0.183" /><testcase classname="backend.tests.test_new_roles_packages.TestAccountsBoard" name="test_accounts_pending_payments" time="0.205" /><testcase classname="backend.tests.test_new_roles_packages.TestAccountsBoard" name="test_accounts_process_payment_invalid" time="0.189" /><testcase classname="backend.tests.test_new_roles_packages.TestAccountsBoard" name="test_accounts_dashboard_permission_denied" time="0.390" /><testcase classname="backend.tests.test_new_roles_packages.TestRoleBasedAccess" name="test_super_admin_can_access_all" time="0.413" /><testcase classname="backend.tests.test_new_roles_packages.TestE2EWorkflow" name="test_complete_workflow" time="0.971" /></testsuite></testsuites>