<?xml version="1.0" encoding="utf-8"?><testsuites name="pytest tests"><testsuite name="pytest" errors="0" failures="0" skipped="0" tests="7" time="21.098" timestamp="2026-04-06T17:41:34.648224+00:00" hostname="agent-env-3424cef2-2abd-46d6-a745-55245ed282e4"><testcase classname="backend.tests.test_reorder_endpoints.TestReorderEndpoints" name="test_scope_items_reorder_endpoint_exists" time="3.555" /><testcase classname="backend.tests.test_reorder_endpoints.TestReorderEndpoints" name="test_scope_items_reorder_empty_ids_returns_400" time="2.800" /><testcase classname="backend.tests.test_reorder_endpoints.TestReorderEndpoints" name="test_additional_costs_reorder_endpoint_exists" time="3.075" /><testcase classname="backend.tests.test_reorder_endpoints.TestReorderEndpoints" name="test_additional_costs_reorder_empty_ids_returns_400" time="2.836" /><testcase classname="backend.tests.test_reorder_endpoints.TestReorderEndpoints" name="test_deductions_reorder_endpoint_exists" time="2.864" /><testcase classname="backend.tests.test_reorder_endpoints.TestReorderEndpoints" name="test_deductions_reorder_empty_ids_returns_400" time="2.617" /><testcase classname="backend.tests.test_reorder_endpoints.TestReorderEndpoints" name="test_reorder_requires_authentication" time="3.297" /></testsuite></testsuites>