<?xml version="1.0" encoding="utf-8"?><testsuites name="pytest tests"><testsuite name="pytest" errors="0" failures="0" skipped="0" tests="14" time="20.265" timestamp="2026-04-07T09:08:06.202195+00:00" hostname="agent-env-3424cef2-2abd-46d6-a745-55245ed282e4"><testcase classname="backend.tests.test_work_orders_crud.TestContractorTypesEndpoint" name="test_get_contractor_types_returns_200" time="1.550" /><testcase classname="backend.tests.test_work_orders_crud.TestContractorTypesEndpoint" name="test_contractor_types_returns_list" time="0.734" /><testcase classname="backend.tests.test_work_orders_crud.TestContractorTypesEndpoint" name="test_contractor_types_has_expected_types" time="0.734" /><testcase classname="backend.tests.test_work_orders_crud.TestWorkOrdersListEndpoint" name="test_get_work_orders_returns_200" time="0.737" /><testcase classname="backend.tests.test_work_orders_crud.TestWorkOrdersListEndpoint" name="test_work_orders_returns_list" time="0.741" /><testcase classname="backend.tests.test_work_orders_crud.TestWorkOrdersListEndpoint" name="test_existing_work_order_has_required_fields" time="0.734" /><testcase classname="backend.tests.test_work_orders_crud.TestWorkOrderCRUD" name="test_create_work_order_success" time="1.934" /><testcase classname="backend.tests.test_work_orders_crud.TestWorkOrderCRUD" name="test_get_created_work_order" time="0.734" /><testcase classname="backend.tests.test_work_orders_crud.TestWorkOrderCRUD" name="test_update_work_order" time="1.934" /><testcase classname="backend.tests.test_work_orders_crud.TestWorkOrderCRUD" name="test_delete_work_order" time="1.467" /><testcase classname="backend.tests.test_work_orders_crud.TestWorkOrderStageCalculations" name="test_percentage_stage_calculation" time="3.426" /><testcase classname="backend.tests.test_work_orders_crud.TestWorkOrderStageCalculations" name="test_fixed_amount_stage" time="2.648" /><testcase classname="backend.tests.test_work_orders_crud.TestWorkOrderPermissions" name="test_unauthorized_role_cannot_create" time="1.345" /><testcase classname="backend.tests.test_work_orders_crud.TestContractorFiltering" name="test_contractors_can_be_filtered_by_type" time="1.474" /></testsuite></testsuites>