<?xml version="1.0" encoding="utf-8"?><testsuites name="pytest tests"><testsuite name="pytest" errors="0" failures="0" skipped="4" tests="14" time="33.901" timestamp="2026-04-06T16:43:22.341197+00:00" hostname="agent-env-3424cef2-2abd-46d6-a745-55245ed282e4"><testcase classname="backend.tests.test_re_templates.TestRETemplatesAPI" name="test_01_get_templates_list" time="3.778" /><testcase classname="backend.tests.test_re_templates.TestRETemplatesAPI" name="test_02_create_template_basic" time="3.099" /><testcase classname="backend.tests.test_re_templates.TestRETemplatesAPI" name="test_03_create_template_with_scope_items" time="3.117" /><testcase classname="backend.tests.test_re_templates.TestRETemplatesAPI" name="test_04_create_template_validation_empty_name" time="2.236" /><testcase classname="backend.tests.test_re_templates.TestRETemplatesAPI" name="test_05_get_single_template" time="4.314" /><testcase classname="backend.tests.test_re_templates.TestRETemplatesAPI" name="test_06_get_nonexistent_template" time="2.329" /><testcase classname="backend.tests.test_re_templates.TestRETemplatesAPI" name="test_07_update_template_name" time="5.068" /><testcase classname="backend.tests.test_re_templates.TestRETemplatesAPI" name="test_08_update_template_scope_items" time="4.344" /><testcase classname="backend.tests.test_re_templates.TestRETemplatesAPI" name="test_09_update_template_validation_empty_name" time="0.356"><skipped type="pytest.skip" message="Failed to login as Planning user: 429">/app/backend/tests/test_re_templates.py:211: Failed to login as Planning user: 429</skipped></testcase><testcase classname="backend.tests.test_re_templates.TestRETemplatesAPI" name="test_10_delete_template" time="3.845" /><testcase classname="backend.tests.test_re_templates.TestRETemplatesAPI" name="test_11_delete_nonexistent_template" time="0.398"><skipped type="pytest.skip" message="Failed to login as Planning user: 429">/app/backend/tests/test_re_templates.py:245: Failed to login as Planning user: 429</skipped></testcase><testcase classname="backend.tests.test_re_templates.TestRETemplatesAPI" name="test_12_scope_item_total_auto_calculation" time="0.472"><skipped type="pytest.skip" message="Failed to login as Planning user: 429">/app/backend/tests/test_re_templates.py:253: Failed to login as Planning user: 429</skipped></testcase><testcase classname="backend.tests.test_re_templates.TestRETemplatesAccessControl" name="test_unauthorized_access" time="0.107" /><testcase classname="backend.tests.test_re_templates.TestRETemplatesAccessControl" name="test_site_engineer_cannot_create" time="0.353"><skipped type="pytest.skip" message="Could not login as site_engineer">/app/backend/tests/test_re_templates.py:304: Could not login as site_engineer</skipped></testcase></testsuite></testsuites>