<?xml version="1.0" encoding="utf-8"?><testsuites name="pytest tests"><testsuite name="pytest" errors="0" failures="0" skipped="2" tests="13" time="19.390" timestamp="2026-04-08T02:50:16.243470+00:00" hostname="agent-env-3424cef2-2abd-46d6-a745-55245ed282e4"><testcase classname="backend.tests.test_change_password_otp.TestChangePasswordOTPFlow" name="test_send_otp_requires_authentication" time="0.170" /><testcase classname="backend.tests.test_change_password_otp.TestChangePasswordOTPFlow" name="test_send_otp_success" time="2.839" /><testcase classname="backend.tests.test_change_password_otp.TestChangePasswordOTPFlow" name="test_verify_otp_requires_authentication" time="0.138" /><testcase classname="backend.tests.test_change_password_otp.TestChangePasswordOTPFlow" name="test_verify_otp_rejects_invalid_otp" time="3.824" /><testcase classname="backend.tests.test_change_password_otp.TestChangePasswordOTPFlow" name="test_verify_otp_rejects_short_password" time="3.299" /><testcase classname="backend.tests.test_change_password_otp.TestChangePasswordOTPFlow" name="test_verify_otp_rejects_no_otp_record" time="2.066" /><testcase classname="backend.tests.test_change_password_otp.TestChangePasswordOTPFlow" name="test_profile_endpoint_still_works" time="1.862" /><testcase classname="backend.tests.test_change_password_otp.TestChangePasswordOTPFlow" name="test_profile_update_still_works" time="2.567" /><testcase classname="backend.tests.test_change_password_otp.TestChangePasswordOTPFlow" name="test_2fa_setup_endpoint_exists" time="0.356"><skipped type="pytest.skip" message="Rate limited - too many login attempts">/app/backend/tests/test_change_password_otp.py:34: Rate limited - too many login attempts</skipped></testcase><testcase classname="backend.tests.test_change_password_otp.TestChangePasswordOTPFlow" name="test_2fa_disable_endpoint_exists" time="0.352"><skipped type="pytest.skip" message="Rate limited - too many login attempts">/app/backend/tests/test_change_password_otp.py:34: Rate limited - too many login attempts</skipped></testcase><testcase classname="backend.tests.test_change_password_otp.TestOTPEndpointValidation" name="test_send_otp_endpoint_method" time="0.147" /><testcase classname="backend.tests.test_change_password_otp.TestOTPEndpointValidation" name="test_verify_otp_endpoint_method" time="0.117" /><testcase classname="backend.tests.test_change_password_otp.TestOTPEndpointValidation" name="test_verify_otp_requires_body" time="1.580" /></testsuite></testsuites>