<?xml version="1.0" encoding="utf-8"?><testsuites name="pytest tests"><testsuite name="pytest" errors="0" failures="0" skipped="3" tests="15" time="39.761" timestamp="2026-03-18T04:52:39.841485+00:00" hostname="agent-env-929be979-9b24-4095-9c7f-cdbe606199b1"><testcase classname="backend.tests.test_procurement_workflow_v2.TestProcurementDashboardAccess" name="test_procurement_can_access_dashboard" time="7.268" /><testcase classname="backend.tests.test_procurement_workflow_v2.TestProcurementDashboardAccess" name="test_pm_can_access_dashboard" time="2.476" /><testcase classname="backend.tests.test_procurement_workflow_v2.TestProcurementDashboardAccess" name="test_accountant_can_access_dashboard" time="2.485" /><testcase classname="backend.tests.test_procurement_workflow_v2.TestProcurementDashboardAccess" name="test_planning_can_access_dashboard" time="2.489" /><testcase classname="backend.tests.test_procurement_workflow_v2.TestProcurementDashboardAccess" name="test_super_admin_can_access_dashboard" time="2.478" /><testcase classname="backend.tests.test_procurement_workflow_v2.TestProcurementRequestsAccess" name="test_pm_can_view_planning_approved_requests" time="2.478" /><testcase classname="backend.tests.test_procurement_workflow_v2.TestProcurementRequestsAccess" name="test_accountant_can_view_requests" time="2.722" /><testcase classname="backend.tests.test_procurement_workflow_v2.TestSelectVendorPaymentTypes" name="test_select_vendor_with_advance_payment_percent" time="6.350" /><testcase classname="backend.tests.test_procurement_workflow_v2.TestSelectVendorPaymentTypes" name="test_select_vendor_with_full_payment" time="4.522" /><testcase classname="backend.tests.test_procurement_workflow_v2.TestSelectVendorPaymentTypes" name="test_select_vendor_with_credit" time="3.521" /><testcase classname="backend.tests.test_procurement_workflow_v2.TestSelectVendorPaymentTypes" name="test_select_vendor_with_post_delivery" time="1.014"><skipped type="pytest.skip" message="No pending requests available">/app/backend/tests/test_procurement_workflow_v2.py:333: No pending requests available</skipped></testcase><testcase classname="backend.tests.test_procurement_workflow_v2.TestAccountsRejectionFlow" name="test_accounts_reject_sets_accounts_rejected_status" time="0.050"><skipped type="pytest.skip" message="Cannot fetch material requests">/app/backend/tests/test_procurement_workflow_v2.py:376: Cannot fetch material requests</skipped></testcase><testcase classname="backend.tests.test_procurement_workflow_v2.TestAccountsRejectionFlow" name="test_procurement_can_reedit_after_rejection" time="0.054"><skipped type="pytest.skip" message="Cannot fetch material requests">/app/backend/tests/test_procurement_workflow_v2.py:437: Cannot fetch material requests</skipped></testcase><testcase classname="backend.tests.test_procurement_workflow_v2.TestVendorMasterDropdown" name="test_get_vendors_for_dropdown" time="0.768" /><testcase classname="backend.tests.test_procurement_workflow_v2.TestVendorMasterDropdown" name="test_create_new_vendor" time="1.026" /></testsuite></testsuites>