<?xml version="1.0" encoding="utf-8"?><testsuites name="pytest tests"><testsuite name="pytest" errors="1" failures="0" skipped="0" tests="12" time="36.088" timestamp="2026-03-20T03:01:18.876117+00:00" hostname="agent-env-49be0417-383b-436b-9501-1047e22908eb"><testcase classname="backend.tests.test_work_orders_tab.TestAssignedContractorsEndpoint" name="test_get_assigned_contractors_returns_200" time="2.723" /><testcase classname="backend.tests.test_work_orders_tab.TestAssignedContractorsEndpoint" name="test_contractor_has_required_fields" time="1.468" /><testcase classname="backend.tests.test_work_orders_tab.TestAssignedContractorsEndpoint" name="test_work_orders_have_stages" time="1.470" /><testcase classname="backend.tests.test_work_orders_tab.TestAssignedContractorsEndpoint" name="test_stages_have_required_fields" time="1.461" /><testcase classname="backend.tests.test_work_orders_tab.TestLabourAttendance" name="test_create_attendance_success" time="4.015" /><testcase classname="backend.tests.test_work_orders_tab.TestLabourAttendance" name="test_attendance_auto_calculates_cost" time="2.928" /><testcase classname="backend.tests.test_work_orders_tab.TestDuplicateAttendanceRejection" name="test_duplicate_attendance_rejected" time="4.806" /><testcase classname="backend.tests.test_work_orders_tab.TestStagePaymentRequest" name="test_request_payment_changes_status_to_requested" time="5.008" /><testcase classname="backend.tests.test_work_orders_tab.TestMultiStepApproval" name="test_procurement_can_approve_requested_stage" time="4.642" /><testcase classname="backend.tests.test_work_orders_tab.TestMultiStepApproval" name="test_planning_can_approve_procurement_approved_stage" time="3.532" /><testcase classname="backend.tests.test_work_orders_tab.TestMultiStepApproval" name="test_accountant_can_release_payment" time="3.597" /><testcase classname="backend.tests.test_work_orders_tab.TestGetLabourAttendance" name="test_get_attendance_by_stage" time="0.338"><error message="failed on setup with &quot;AssertionError: SE login failed: {&quot;detail&quot;:&quot;Too many login attempts. Please wait a minute.&quot;}&#10;assert 429 == 200&#10; +  where 429 = &lt;Response [429]&gt;.status_code&quot;">backend/tests/test_work_orders_tab.py:35: in se_session
    assert resp.status_code == 200, f"SE login failed: {resp.text}"
E   AssertionError: SE login failed: {"detail":"Too many login attempts. Please wait a minute."}
E   assert 429 == 200
E    +  where 429 = &lt;Response [429]&gt;.status_code</error></testcase></testsuite></testsuites>