<?xml version="1.0" encoding="utf-8"?><testsuites name="pytest tests"><testsuite name="pytest" errors="0" failures="1" skipped="0" tests="19" time="4.401" timestamp="2026-02-22T09:33:26.072953+00:00" hostname="agent-env-04e58b0f-6661-4a6c-ad95-544945b6699a"><testcase classname="backend.tests.test_marketing_board.TestMarketingBoardAuthentication" name="test_marketing_dashboard_requires_super_admin" time="0.286" /><testcase classname="backend.tests.test_marketing_board.TestMarketingBoardAuthentication" name="test_super_admin_can_access_marketing_dashboard" time="0.200" /><testcase classname="backend.tests.test_marketing_board.TestMarketingBoardTeamStats" name="test_pre_sales_team_stats" time="0.163" /><testcase classname="backend.tests.test_marketing_board.TestMarketingBoardTeamStats" name="test_sales_team_stats" time="0.196" /><testcase classname="backend.tests.test_marketing_board.TestMarketingBoardTeamStats" name="test_leads_by_source" time="0.161" /><testcase classname="backend.tests.test_marketing_board.TestAllLeadsTab" name="test_get_all_leads" time="0.181" /><testcase classname="backend.tests.test_marketing_board.TestAllLeadsTab" name="test_filter_leads_by_stage_type" time="0.230" /><testcase classname="backend.tests.test_marketing_board.TestAllLeadsTab" name="test_filter_leads_by_assigned_to" time="0.249" /><testcase classname="backend.tests.test_marketing_board.TestLeadEditFunctionality" name="test_edit_lead" time="0.307" /><testcase classname="backend.tests.test_marketing_board.TestLeadEditFunctionality" name="test_edit_lead_contact_info" time="0.330" /><testcase classname="backend.tests.test_marketing_board.TestLeadReassignment" name="test_reassign_lead" time="0.363" /><testcase classname="backend.tests.test_marketing_board.TestLeadReassignment" name="test_reassign_invalid_lead" time="0.235" /><testcase classname="backend.tests.test_marketing_board.TestDistributionSettings" name="test_get_distribution_settings" time="0.162"><failure message="AssertionError: Settings missing enabled field&#10;assert 'enabled' in {'pre_sales_current_index': 1, 'pre_sales_team': ['user_presales001', 'user_d1453d19189a'], 'pre_sales_team_details': [{'email': 'presales@constructionos.com', 'name': 'Kavitha Nair', 'user_id': 'user_presales001'}, {'email': 'presales.b@constructionos.com', 'name': 'Priya Sharma', 'user_id': 'user_d1453d19189a'}], 'sales_team': ['user_sales001', 'user_10d4b84f252b'], ...}">backend/tests/test_marketing_board.py:409: in test_get_distribution_settings
    assert "enabled" in data, "Settings missing enabled field"
E   AssertionError: Settings missing enabled field
E   assert 'enabled' in {'pre_sales_current_index': 1, 'pre_sales_team': ['user_presales001', 'user_d1453d19189a'], 'pre_sales_team_details': [{'email': 'presales@constructionos.com', 'name': 'Kavitha Nair', 'user_id': 'user_presales001'}, {'email': 'presales.b@constructionos.com', 'name': 'Priya Sharma', 'user_id': 'user_d1453d19189a'}], 'sales_team': ['user_sales001', 'user_10d4b84f252b'], ...}</failure></testcase><testcase classname="backend.tests.test_marketing_board.TestDistributionSettings" name="test_toggle_distribution_settings" time="0.334" /><testcase classname="backend.tests.test_marketing_board.TestTeamMemberManagement" name="test_get_team_members" time="0.166" /><testcase classname="backend.tests.test_marketing_board.TestTeamMemberManagement" name="test_add_team_member" time="0.165" /><testcase classname="backend.tests.test_marketing_board.TestTeamMemberManagement" name="test_add_duplicate_email_fails" time="0.157" /><testcase classname="backend.tests.test_marketing_board.TestIndividualSalespersonView" name="test_individual_view_by_assigned_to" time="0.221" /><testcase classname="backend.tests.test_marketing_board.TestIndividualSalespersonView" name="test_filter_by_source" time="0.176" /></testsuite></testsuites>