<?xml version="1.0" encoding="utf-8"?><testsuites name="pytest tests"><testsuite name="pytest" errors="9" failures="1" skipped="2" tests="20" time="21.584" timestamp="2026-03-14T07:13:19.509706+00:00" hostname="agent-env-f23701f7-bfd4-4f3d-9f1d-3b49400275a8"><testcase classname="backend.tests.test_construction_crm_workflow.TestAuthentication" name="test_pm_login" time="1.175" /><testcase classname="backend.tests.test_construction_crm_workflow.TestAuthentication" name="test_se_login" time="1.074" /><testcase classname="backend.tests.test_construction_crm_workflow.TestAuthentication" name="test_procurement_login" time="1.062" /><testcase classname="backend.tests.test_construction_crm_workflow.TestAuthentication" name="test_accountant_login" time="1.106" /><testcase classname="backend.tests.test_construction_crm_workflow.TestPMDashboard" name="test_pm_dashboard_loads" time="2.817" /><testcase classname="backend.tests.test_construction_crm_workflow.TestPMDashboard" name="test_pm_projects_list" time="2.590" /><testcase classname="backend.tests.test_construction_crm_workflow.TestPMDashboard" name="test_pm_team_members" time="0.352"><error message="failed on setup with &quot;assert 429 == 200&#10; +  where 429 = &lt;Response [429]&gt;.status_code&quot;">backend/tests/test_construction_crm_workflow.py:85: in setup
    assert response.status_code == 200
E   assert 429 == 200
E    +  where 429 = &lt;Response [429]&gt;.status_code</error></testcase><testcase classname="backend.tests.test_construction_crm_workflow.TestPMDashboard" name="test_pm_material_requests" time="1.835" /><testcase classname="backend.tests.test_construction_crm_workflow.TestPMDashboard" name="test_pm_labour_requests" time="0.347"><error message="failed on setup with &quot;assert 429 == 200&#10; +  where 429 = &lt;Response [429]&gt;.status_code&quot;">backend/tests/test_construction_crm_workflow.py:85: in setup
    assert response.status_code == 200
E   assert 429 == 200
E    +  where 429 = &lt;Response [429]&gt;.status_code</error></testcase><testcase classname="backend.tests.test_construction_crm_workflow.TestSiteEngineerMaterialRequest" name="test_se_my_projects" time="0.376"><error message="failed on setup with &quot;assert 429 == 200&#10; +  where 429 = &lt;Response [429]&gt;.status_code&quot;">backend/tests/test_construction_crm_workflow.py:149: in setup
    assert response.status_code == 200
E   assert 429 == 200
E    +  where 429 = &lt;Response [429]&gt;.status_code</error></testcase><testcase classname="backend.tests.test_construction_crm_workflow.TestSiteEngineerMaterialRequest" name="test_se_project_detail" time="0.346"><error message="failed on setup with &quot;assert 429 == 200&#10; +  where 429 = &lt;Response [429]&gt;.status_code&quot;">backend/tests/test_construction_crm_workflow.py:149: in setup
    assert response.status_code == 200
E   assert 429 == 200
E    +  where 429 = &lt;Response [429]&gt;.status_code</error></testcase><testcase classname="backend.tests.test_construction_crm_workflow.TestSiteEngineerMaterialRequest" name="test_create_material_request_with_free_text_name" time="5.318" /><testcase classname="backend.tests.test_construction_crm_workflow.TestSiteEngineerLabourRequest" name="test_create_labour_request" time="0.380"><error message="failed on setup with &quot;assert 429 == 200&#10; +  where 429 = &lt;Response [429]&gt;.status_code&quot;">backend/tests/test_construction_crm_workflow.py:212: in setup
    assert response.status_code == 200
E   assert 429 == 200
E    +  where 429 = &lt;Response [429]&gt;.status_code</error></testcase><testcase classname="backend.tests.test_construction_crm_workflow.TestPMVerifyLabourRequest" name="test_pm_verify_approve" time="0.386"><skipped type="pytest.skip" message="SE has no assigned projects">/app/backend/tests/test_construction_crm_workflow.py:262: SE has no assigned projects</skipped></testcase><testcase classname="backend.tests.test_construction_crm_workflow.TestAccountantLabourApproval" name="test_accountant_approve_labour" time="0.439"><skipped type="pytest.skip" message="SE has no assigned projects">/app/backend/tests/test_construction_crm_workflow.py:307: SE has no assigned projects</skipped></testcase><testcase classname="backend.tests.test_construction_crm_workflow.TestProcurementCreditLedger" name="test_credit_ledger_returns_overdue_fields" time="0.345"><error message="failed on setup with &quot;assert 429 == 200&#10; +  where 429 = &lt;Response [429]&gt;.status_code&quot;">backend/tests/test_construction_crm_workflow.py:355: in setup
    assert response.status_code == 200
E   assert 429 == 200
E    +  where 429 = &lt;Response [429]&gt;.status_code</error></testcase><testcase classname="backend.tests.test_construction_crm_workflow.TestProcurementCreditLedger" name="test_request_payment_endpoint" time="0.356"><error message="failed on setup with &quot;assert 429 == 200&#10; +  where 429 = &lt;Response [429]&gt;.status_code&quot;">backend/tests/test_construction_crm_workflow.py:355: in setup
    assert response.status_code == 200
E   assert 429 == 200
E    +  where 429 = &lt;Response [429]&gt;.status_code</error></testcase><testcase classname="backend.tests.test_construction_crm_workflow.TestProcurementDashboard" name="test_procurement_dashboard" time="0.351"><error message="failed on setup with &quot;assert 429 == 200&#10; +  where 429 = &lt;Response [429]&gt;.status_code&quot;">backend/tests/test_construction_crm_workflow.py:414: in setup
    assert response.status_code == 200
E   assert 429 == 200
E    +  where 429 = &lt;Response [429]&gt;.status_code</error></testcase><testcase classname="backend.tests.test_construction_crm_workflow.TestProcurementDashboard" name="test_vendor_master" time="0.352"><error message="failed on setup with &quot;assert 429 == 200&#10; +  where 429 = &lt;Response [429]&gt;.status_code&quot;">backend/tests/test_construction_crm_workflow.py:414: in setup
    assert response.status_code == 200
E   assert 429 == 200
E    +  where 429 = &lt;Response [429]&gt;.status_code</error></testcase><testcase classname="backend.tests.test_construction_crm_workflow.TestPMAssignTeam" name="test_assign_team_objectid_fix" time="0.404"><failure message="assert 401 == 200&#10; +  where 401 = &lt;Response [401]&gt;.status_code">backend/tests/test_construction_crm_workflow.py:446: in test_assign_team_objectid_fix
    assert team_res.status_code == 200
E   assert 401 == 200
E    +  where 401 = &lt;Response [401]&gt;.status_code</failure></testcase></testsuite></testsuites>