<?xml version="1.0" encoding="utf-8"?><testsuites name="pytest tests"><testsuite name="pytest" errors="1" failures="0" skipped="0" tests="11" time="22.603" timestamp="2026-03-19T01:21:33.561594+00:00" hostname="agent-env-3ba9b7e5-c20b-43e5-beae-511e17e376f9"><testcase classname="tests.test_monthly_schedule.TestMonthlyScheduleAPIs" name="test_01_get_monthly_schedule_structure" time="6.305" /><testcase classname="tests.test_monthly_schedule.TestMonthlyScheduleAPIs" name="test_02_get_available_stages_structure" time="2.049" /><testcase classname="tests.test_monthly_schedule.TestMonthlyScheduleAPIs" name="test_03_add_stages_validation" time="1.951" /><testcase classname="tests.test_monthly_schedule.TestMonthlyScheduleAPIs" name="test_04_add_stages_empty_list" time="1.420" /><testcase classname="tests.test_monthly_schedule.TestMonthlyScheduleAPIs" name="test_05_delete_nonexistent_entry" time="1.688" /><testcase classname="tests.test_monthly_schedule.TestMonthlyScheduleAPIs" name="test_06_request_payment_nonexistent" time="1.655" /><testcase classname="tests.test_monthly_schedule.TestMonthlyScheduleAPIs" name="test_07_get_months_list" time="1.680" /><testcase classname="tests.test_monthly_schedule.TestMonthlyScheduleCREAccess" name="test_cre_can_read_schedule" time="2.135" /><testcase classname="tests.test_monthly_schedule.TestMonthlyScheduleCREAccess" name="test_cre_cannot_add_stages" time="1.401" /><testcase classname="tests.test_monthly_schedule.TestMonthlyScheduleSuperAdmin" name="test_admin_full_access" time="0.389"><error message="failed on setup with &quot;AssertionError: Admin demo login failed: {&quot;detail&quot;:&quot;Too many login attempts. Please wait a minute.&quot;}&#10;assert 429 == 200&#10; +  where 429 = &lt;Response [429]&gt;.status_code&quot;">tests/test_monthly_schedule.py:158: in setup
    assert r.status_code == 200, f"Admin demo login failed: {r.text}"
E   AssertionError: Admin demo login failed: {"detail":"Too many login attempts. Please wait a minute."}
E   assert 429 == 200
E    +  where 429 = &lt;Response [429]&gt;.status_code</error></testcase><testcase classname="tests.test_monthly_schedule.TestPaymentScheduleOverview" name="test_payment_schedule_overview" time="1.800" /></testsuite></testsuites>