<?xml version="1.0" encoding="utf-8"?><testsuites name="pytest tests"><testsuite name="pytest" errors="0" failures="0" skipped="0" tests="11" time="2.086" timestamp="2026-02-20T10:36:58.808248+00:00" hostname="agent-env-537323d6-9f70-42dc-b8aa-6a7db7712ba4"><testcase classname="backend.tests.test_client_portal.TestClientPortalLogin" name="test_mohan_client_login" time="0.297" /><testcase classname="backend.tests.test_client_portal.TestClientPortalLogin" name="test_client_role_verification" time="0.105" /><testcase classname="backend.tests.test_client_portal.TestClientPortalMyProjects" name="test_my_projects_endpoint_returns_linked_projects" time="0.247" /><testcase classname="backend.tests.test_client_portal.TestClientPortalMyProjects" name="test_my_projects_contains_payment_summary" time="0.176" /><testcase classname="backend.tests.test_client_portal.TestClientPortalProjectDetails" name="test_project_detail_endpoint" time="0.192" /><testcase classname="backend.tests.test_client_portal.TestClientPortalProjectDetails" name="test_project_detail_contains_payment_stages" time="0.190" /><testcase classname="backend.tests.test_client_portal.TestClientPortalProjectDetails" name="test_project_detail_contains_scope_items" time="0.153" /><testcase classname="backend.tests.test_client_portal.TestClientPortalProjectDetails" name="test_project_detail_excludes_internal_notes" time="0.180" /><testcase classname="backend.tests.test_client_portal.TestClientAccessControl" name="test_client_cannot_access_unlinked_project" time="0.156" /><testcase classname="backend.tests.test_client_portal.TestClientAccessControl" name="test_non_client_cannot_access_client_portal" time="0.157" /><testcase classname="backend.tests.test_client_portal.TestShareAsPDF" name="test_project_data_complete_for_pdf" time="0.161" /></testsuite></testsuites>