<?xml version="1.0" encoding="utf-8"?><testsuites name="pytest tests"><testsuite name="pytest" errors="0" failures="0" skipped="0" tests="13" time="38.687" timestamp="2026-03-20T03:56:03.628743+00:00" hostname="agent-env-4640d01a-f5a1-4c15-bf66-a831b6b55b1a"><testcase classname="backend.tests.test_three_phase_features.TestPhase1ApprovedMaterials" name="test_get_approved_materials_endpoint" time="2.916" /><testcase classname="backend.tests.test_three_phase_features.TestPhase1ApprovedMaterials" name="test_approved_materials_has_brand_info" time="0.975" /><testcase classname="backend.tests.test_three_phase_features.TestPhase1MaterialRequestWithBrand" name="test_create_material_request_with_brand_and_is_approved" time="3.401" /><testcase classname="backend.tests.test_three_phase_features.TestPhase1MaterialRequestWithBrand" name="test_create_approved_material_request" time="3.803" /><testcase classname="backend.tests.test_three_phase_features.TestPhase2ReceiptEndpoints" name="test_receipt_initiate_accepts_new_fields" time="8.400" /><testcase classname="backend.tests.test_three_phase_features.TestPhase2ReceivedStock" name="test_received_stock_endpoint" time="1.829" /><testcase classname="backend.tests.test_three_phase_features.TestPhase2ReceivedStock" name="test_received_stock_has_receipt_details" time="0.972" /><testcase classname="backend.tests.test_three_phase_features.TestPhase3DailyProgress" name="test_create_daily_progress" time="3.168" /><testcase classname="backend.tests.test_three_phase_features.TestPhase3DailyProgress" name="test_get_daily_progress" time="0.738" /><testcase classname="backend.tests.test_three_phase_features.TestPhase3DailyProgress" name="test_daily_progress_has_required_fields" time="3.112" /><testcase classname="backend.tests.test_three_phase_features.TestVendorSuggestion" name="test_vendor_suggestion_endpoint" time="1.570" /><testcase classname="backend.tests.test_three_phase_features.TestMaterialRequestFields" name="test_get_material_requests_with_new_fields" time="6.886" /><testcase classname="backend.tests.test_three_phase_features.TestCleanup" name="test_cleanup_info" time="0.819" /></testsuite></testsuites>