<?xml version="1.0" encoding="utf-8"?><testsuites name="pytest tests"><testsuite name="pytest" errors="3" failures="0" skipped="0" tests="12" time="21.733" timestamp="2026-03-09T09:23:16.858887+00:00" hostname="agent-env-942aa954-2b10-47f6-8239-471b79eac348"><testcase classname="backend.tests.test_stage_management.TestStageManagement" name="test_01_rnr_stage_exists_in_presales" time="2.198" /><testcase classname="backend.tests.test_stage_management.TestStageManagement" name="test_02_get_presales_stages_returns_all_default_stages" time="1.800" /><testcase classname="backend.tests.test_stage_management.TestStageManagement" name="test_03_get_sales_stages_returns_all_default_stages" time="1.781" /><testcase classname="backend.tests.test_stage_management.TestStageManagement" name="test_04_get_stages_with_counts_super_admin" time="2.040" /><testcase classname="backend.tests.test_stage_management.TestStageManagement" name="test_05_get_stages_with_counts_non_admin_denied" time="2.606" /><testcase classname="backend.tests.test_stage_management.TestStageManagement" name="test_06_create_new_stage" time="2.780" /><testcase classname="backend.tests.test_stage_management.TestStageManagement" name="test_07_update_stage" time="0.363"><error message="failed on setup with &quot;AssertionError: Login failed: {&quot;detail&quot;:&quot;Too many login attempts. Please wait a minute.&quot;}&#10;assert 429 == 200&#10; +  where 429 = &lt;Response [429]&gt;.status_code&quot;">backend/tests/test_stage_management.py:29: in setup
    assert login_response.status_code == 200, f"Login failed: {login_response.text}"
E   AssertionError: Login failed: {"detail":"Too many login attempts. Please wait a minute."}
E   assert 429 == 200
E    +  where 429 = &lt;Response [429]&gt;.status_code</error></testcase><testcase classname="backend.tests.test_stage_management.TestStageManagement" name="test_08_delete_stage_without_leads" time="3.742" /><testcase classname="backend.tests.test_stage_management.TestStageManagement" name="test_09_delete_stage_non_admin_denied" time="0.345"><error message="failed on setup with &quot;AssertionError: Login failed: {&quot;detail&quot;:&quot;Too many login attempts. Please wait a minute.&quot;}&#10;assert 429 == 200&#10; +  where 429 = &lt;Response [429]&gt;.status_code&quot;">backend/tests/test_stage_management.py:29: in setup
    assert login_response.status_code == 200, f"Login failed: {login_response.text}"
E   AssertionError: Login failed: {"detail":"Too many login attempts. Please wait a minute."}
E   assert 429 == 200
E    +  where 429 = &lt;Response [429]&gt;.status_code</error></testcase><testcase classname="backend.tests.test_stage_management.TestStageManagement" name="test_10_stages_sorted_by_order" time="2.013" /><testcase classname="backend.tests.test_stage_management.TestStageManagement" name="test_11_cleanup_test_stages" time="0.363"><error message="failed on setup with &quot;AssertionError: Login failed: {&quot;detail&quot;:&quot;Too many login attempts. Please wait a minute.&quot;}&#10;assert 429 == 200&#10; +  where 429 = &lt;Response [429]&gt;.status_code&quot;">backend/tests/test_stage_management.py:29: in setup
    assert login_response.status_code == 200, f"Login failed: {login_response.text}"
E   AssertionError: Login failed: {"detail":"Too many login attempts. Please wait a minute."}
E   assert 429 == 200
E    +  where 429 = &lt;Response [429]&gt;.status_code</error></testcase><testcase classname="backend.tests.test_stage_management.TestSettingsQuickLinks" name="test_auth_me_returns_super_admin" time="1.578" /></testsuite></testsuites>