<?xml version="1.0" encoding="utf-8"?><testsuites name="pytest tests"><testsuite name="pytest" errors="0" failures="0" skipped="0" tests="12" time="40.390" timestamp="2026-06-02T03:42:09.019057+00:00" hostname="agent-env-3424cef2-2abd-46d6-a745-55245ed282e4"><testcase classname="backend.tests.test_workflow_master" name="test_admin_login_success" time="15.575" /><testcase classname="backend.tests.test_workflow_master" name="test_cre_login_success" time="1.135" /><testcase classname="backend.tests.test_workflow_master" name="test_planning_login_success" time="1.082" /><testcase classname="backend.tests.test_workflow_master" name="test_list_roles_returns_12" time="4.355" /><testcase classname="backend.tests.test_workflow_master" name="test_list_roles_forbidden_for_non_super" time="1.568" /><testcase classname="backend.tests.test_workflow_master" name="test_me_for_super_admin" time="0.513" /><testcase classname="backend.tests.test_workflow_master" name="test_me_for_cre_returns_cre_menus" time="1.839" /><testcase classname="backend.tests.test_workflow_master" name="test_put_cre_wrong_password_401" time="0.981" /><testcase classname="backend.tests.test_workflow_master" name="test_put_cre_reorder_and_toggle_then_me_reflects" time="6.554" /><testcase classname="backend.tests.test_workflow_master" name="test_put_planning_reorder_and_me_reflects" time="3.322" /><testcase classname="backend.tests.test_workflow_master" name="test_put_unknown_role_404" time="0.509" /><testcase classname="backend.tests.test_workflow_master" name="test_zz_restore_original_orders" time="2.887" /></testsuite></testsuites>